2020-04-04 23:59:26.900 [ main ] - [ INFO  ] [com.imooc.Application : 50 ] - Starting Application on LAPTOP-I2LEPVP6 with PID 34760 (started by Yang in C:\Users\Yang\Desktop\coding-261-master\coding-261)
2020-04-04 23:59:26.913 [ main ] - [ INFO  ] [com.imooc.Application : 659 ] - No active profile set, falling back to default profiles: default
2020-04-04 23:59:28.874 [ main ] - [ INFO  ] [org.apache.coyote.http11.Http11NioProtocol : 180 ] - Initializing ProtocolHandler ["http-nio-8089"]
2020-04-04 23:59:28.899 [ main ] - [ INFO  ] [org.apache.catalina.core.StandardService : 180 ] - Starting service [Tomcat]
2020-04-04 23:59:28.899 [ main ] - [ INFO  ] [org.apache.catalina.core.StandardEngine : 180 ] - Starting Servlet Engine: Apache Tomcat/8.5.31
2020-04-04 23:59:28.904 [ localhost-startStop-1 ] - [ INFO  ] [org.apache.catalina.core.AprLifecycleListener : 180 ] - The APR based Apache Tomcat Native library which allows optimal performance in production environments was not found on the java.library.path: [C:\Program Files\Java\jdk1.8.0_231\bin;C:\WINDOWS\Sun\Java\bin;C:\WINDOWS\system32;C:\WINDOWS;C:\Program Files (x86)\Intel\Intel(R) Management Engine Components\iCLS\;C:\Program Files\Intel\Intel(R) Management Engine Components\iCLS\;C:\windows\system32;C:\windows;C:\windows\System32\Wbem;C:\windows\System32\WindowsPowerShell\v1.0\;C:\windows\System32\OpenSSH\;C:\Program Files (x86)\Intel\Intel(R) Management Engine Components\DAL;C:\Program Files\Intel\Intel(R) Management Engine Components\DAL;C:\Program Files (x86)\Intel\Intel(R) Management Engine Components\IPT;C:\Program Files\Intel\Intel(R) Management Engine Components\IPT;C:\Program Files (x86)\NVIDIA Corporation\PhysX\Common;C:\Program Files\NVIDIA Corporation\NVIDIA NvDLISR;JAVA_HOME%\bin;JAVA_HOME%\jre\bin;C:\WINDOWS\system32;C:\WINDOWS;C:\WINDOWS\System32\Wbem;C:\WINDOWS\System32\WindowsPowerShell\v1.0\;C:\WINDOWS\System32\OpenSSH\;D:\Git\cmd;D:\New Folder\bin;C:\Program Files\MySQL\MySQL Utilities 1.6\;C:\Users\Yang\AppData\Local\Microsoft\WindowsApps;;D:\Microsoft VS Code\bin;.]
2020-04-04 23:59:29.098 [ localhost-startStop-1 ] - [ INFO  ] [o.a.c.core.ContainerBase.[Tomcat].[localhost].[/] : 180 ] - Initializing Spring embedded WebApplicationContext
2020-04-04 23:59:29.292 [ localhost-startStop-1 ] - [ INFO  ] [org.quartz.ee.servlet.QuartzInitializerListener : 147 ] - Quartz Initializer Servlet loaded, initializing Scheduler...
2020-04-04 23:59:29.317 [ localhost-startStop-1 ] - [ INFO  ] [org.quartz.impl.StdSchedulerFactory : 1184 ] - Using default implementation for ThreadExecutor
2020-04-04 23:59:29.321 [ localhost-startStop-1 ] - [ INFO  ] [org.quartz.simpl.SimpleThreadPool : 268 ] - Job execution threads will use class loader of thread: localhost-startStop-1
2020-04-04 23:59:29.329 [ localhost-startStop-1 ] - [ INFO  ] [org.quartz.core.SchedulerSignalerImpl : 61 ] - Initialized Scheduler Signaller of type: class org.quartz.core.SchedulerSignalerImpl
2020-04-04 23:59:29.330 [ localhost-startStop-1 ] - [ INFO  ] [org.quartz.core.QuartzScheduler : 240 ] - Quartz Scheduler v.2.2.1 created.
2020-04-04 23:59:29.331 [ localhost-startStop-1 ] - [ INFO  ] [org.quartz.simpl.RAMJobStore : 155 ] - RAMJobStore initialized.
2020-04-04 23:59:29.332 [ localhost-startStop-1 ] - [ INFO  ] [org.quartz.core.QuartzScheduler : 305 ] - Scheduler meta-data: Quartz Scheduler (v2.2.1) 'DefaultQuartzScheduler' with instanceId 'NON_CLUSTERED'
  Scheduler class: 'org.quartz.core.QuartzScheduler' - running locally.
  NOT STARTED.
  Currently in standby mode.
  Number of jobs executed: 0
  Using thread pool 'org.quartz.simpl.SimpleThreadPool' - with 10 threads.
  Using job-store 'org.quartz.simpl.RAMJobStore' - which does not support persistence. and is not clustered.

2020-04-04 23:59:29.332 [ localhost-startStop-1 ] - [ INFO  ] [org.quartz.impl.StdSchedulerFactory : 1339 ] - Quartz scheduler 'DefaultQuartzScheduler' initialized from default resource file in Quartz package: 'quartz.properties'
2020-04-04 23:59:29.332 [ localhost-startStop-1 ] - [ INFO  ] [org.quartz.impl.StdSchedulerFactory : 1343 ] - Quartz scheduler version: 2.2.1
2020-04-04 23:59:29.332 [ localhost-startStop-1 ] - [ INFO  ] [org.quartz.core.QuartzScheduler : 575 ] - Scheduler DefaultQuartzScheduler_$_NON_CLUSTERED started.
2020-04-04 23:59:29.333 [ localhost-startStop-1 ] - [ INFO  ] [org.quartz.ee.servlet.QuartzInitializerListener : 199 ] - Scheduler has been started...
2020-04-04 23:59:29.333 [ localhost-startStop-1 ] - [ INFO  ] [org.quartz.ee.servlet.QuartzInitializerListener : 217 ] - Storing the Quartz Scheduler Factory in the servlet context at key: org.quartz.impl.StdSchedulerFactory.KEY
2020-04-04 23:59:29.648 [ main ] - [ INFO  ] [com.zaxxer.hikari.HikariDataSource : 110 ] - DatebookHikariCP - Starting...
2020-04-04 23:59:30.836 [ main ] - [ INFO  ] [com.zaxxer.hikari.HikariDataSource : 123 ] - DatebookHikariCP - Start completed.
2020-04-04 23:59:30.892 [ main ] - [ INFO  ] [org.quartz.impl.StdSchedulerFactory : 1184 ] - Using default implementation for ThreadExecutor
2020-04-04 23:59:30.893 [ main ] - [ INFO  ] [org.quartz.core.SchedulerSignalerImpl : 61 ] - Initialized Scheduler Signaller of type: class org.quartz.core.SchedulerSignalerImpl
2020-04-04 23:59:30.894 [ main ] - [ INFO  ] [org.quartz.core.QuartzScheduler : 240 ] - Quartz Scheduler v.2.2.1 created.
2020-04-04 23:59:30.894 [ main ] - [ INFO  ] [org.quartz.core.QuartzScheduler : 2311 ] - JobFactory set to: org.quartz.simpl.SimpleJobFactory@7ad54c55
2020-04-04 23:59:30.895 [ main ] - [ INFO  ] [org.quartz.simpl.RAMJobStore : 155 ] - RAMJobStore initialized.
2020-04-04 23:59:30.895 [ main ] - [ INFO  ] [org.quartz.core.QuartzScheduler : 305 ] - Scheduler meta-data: Quartz Scheduler (v2.2.1) 'SchedulerFactory' with instanceId 'NON_CLUSTERED'
  Scheduler class: 'org.quartz.core.QuartzScheduler' - running locally.
  NOT STARTED.
  Currently in standby mode.
  Number of jobs executed: 0
  Using thread pool 'org.quartz.simpl.SimpleThreadPool' - with 5 threads.
  Using job-store 'org.quartz.simpl.RAMJobStore' - which does not support persistence. and is not clustered.

2020-04-04 23:59:30.896 [ main ] - [ INFO  ] [org.quartz.impl.StdSchedulerFactory : 1339 ] - Quartz scheduler 'SchedulerFactory' initialized from an externally provided properties instance.
2020-04-04 23:59:30.896 [ main ] - [ INFO  ] [org.quartz.impl.StdSchedulerFactory : 1343 ] - Quartz scheduler version: 2.2.1
2020-04-04 23:59:30.897 [ main ] - [ INFO  ] [org.quartz.core.QuartzScheduler : 2311 ] - JobFactory set to: com.imooc.config.SpringJobFactory@6f337936
2020-04-04 23:59:32.197 [ main ] - [ INFO  ] [org.quartz.core.QuartzScheduler : 575 ] - Scheduler SchedulerFactory_$_NON_CLUSTERED started.
2020-04-04 23:59:32.257 [ main ] - [ INFO  ] [org.quartz.core.QuartzScheduler : 575 ] - Scheduler SchedulerFactory_$_NON_CLUSTERED started.
2020-04-04 23:59:32.264 [ main ] - [ INFO  ] [org.quartz.core.QuartzScheduler : 575 ] - Scheduler SchedulerFactory_$_NON_CLUSTERED started.
2020-04-04 23:59:32.266 [ main ] - [ INFO  ] [org.quartz.core.QuartzScheduler : 575 ] - Scheduler SchedulerFactory_$_NON_CLUSTERED started.
2020-04-04 23:59:32.266 [ main ] - [ INFO  ] [org.quartz.core.QuartzScheduler : 575 ] - Scheduler SchedulerFactory_$_NON_CLUSTERED started.
2020-04-04 23:59:32.267 [ main ] - [ INFO  ] [org.quartz.core.QuartzScheduler : 575 ] - Scheduler SchedulerFactory_$_NON_CLUSTERED started.
2020-04-04 23:59:32.267 [ main ] - [ INFO  ] [org.quartz.core.QuartzScheduler : 575 ] - Scheduler SchedulerFactory_$_NON_CLUSTERED started.
2020-04-04 23:59:32.268 [ main ] - [ INFO  ] [org.quartz.core.QuartzScheduler : 575 ] - Scheduler SchedulerFactory_$_NON_CLUSTERED started.
2020-04-04 23:59:32.717 [ main ] - [ INFO  ] [org.apache.coyote.http11.Http11NioProtocol : 180 ] - Starting ProtocolHandler ["http-nio-8089"]
2020-04-04 23:59:32.719 [ main ] - [ INFO  ] [org.apache.tomcat.util.net.NioSelectorPool : 180 ] - Using a shared selector for servlet write/read
2020-04-04 23:59:32.733 [ main ] - [ INFO  ] [com.imooc.Application : 59 ] - Started Application in 6.411 seconds (JVM running for 8.446)
