2020-03-30 12:05:11.014 [ main ] - [ INFO  ] [com.imooc.Application : 50 ] - Starting Application on LAPTOP-I2LEPVP6 with PID 25652 (started by Yang in C:\Users\Yang\Desktop\coding-261-master\coding-261)
2020-03-30 12:05:11.020 [ main ] - [ INFO  ] [com.imooc.Application : 659 ] - No active profile set, falling back to default profiles: default
2020-03-30 12:05:13.452 [ main ] - [ INFO  ] [org.apache.coyote.http11.Http11NioProtocol : 180 ] - Initializing ProtocolHandler ["http-nio-8089"]
2020-03-30 12:05:13.472 [ main ] - [ INFO  ] [org.apache.catalina.core.StandardService : 180 ] - Starting service [Tomcat]
2020-03-30 12:05:13.473 [ main ] - [ INFO  ] [org.apache.catalina.core.StandardEngine : 180 ] - Starting Servlet Engine: Apache Tomcat/8.5.31
2020-03-30 12:05:13.480 [ localhost-startStop-1 ] - [ INFO  ] [org.apache.catalina.core.AprLifecycleListener : 180 ] - The APR based Apache Tomcat Native library which allows optimal performance in production environments was not found on the java.library.path: [C:\Program Files\Java\jdk1.8.0_231\bin;C:\WINDOWS\Sun\Java\bin;C:\WINDOWS\system32;C:\WINDOWS;C:\Program Files (x86)\Intel\Intel(R) Management Engine Components\iCLS\;C:\Program Files\Intel\Intel(R) Management Engine Components\iCLS\;C:\windows\system32;C:\windows;C:\windows\System32\Wbem;C:\windows\System32\WindowsPowerShell\v1.0\;C:\windows\System32\OpenSSH\;C:\Program Files (x86)\Intel\Intel(R) Management Engine Components\DAL;C:\Program Files\Intel\Intel(R) Management Engine Components\DAL;C:\Program Files (x86)\Intel\Intel(R) Management Engine Components\IPT;C:\Program Files\Intel\Intel(R) Management Engine Components\IPT;C:\Program Files (x86)\NVIDIA Corporation\PhysX\Common;C:\Program Files\NVIDIA Corporation\NVIDIA NvDLISR;JAVA_HOME%\bin;JAVA_HOME%\jre\bin;C:\WINDOWS\system32;C:\WINDOWS;C:\WINDOWS\System32\Wbem;C:\WINDOWS\System32\WindowsPowerShell\v1.0\;C:\WINDOWS\System32\OpenSSH\;D:\Git\cmd;D:\New Folder\bin;C:\Program Files\MySQL\MySQL Utilities 1.6\;C:\Users\Yang\AppData\Local\Microsoft\WindowsApps;;D:\Microsoft VS Code\bin;.]
2020-03-30 12:05:13.665 [ localhost-startStop-1 ] - [ INFO  ] [o.a.c.core.ContainerBase.[Tomcat].[localhost].[/] : 180 ] - Initializing Spring embedded WebApplicationContext
2020-03-30 12:05:15.162 [ main ] - [ INFO  ] [org.apache.catalina.core.StandardService : 180 ] - Stopping service [Tomcat]
2020-03-30 12:06:29.949 [ main ] - [ INFO  ] [com.imooc.Application : 50 ] - Starting Application on LAPTOP-I2LEPVP6 with PID 19896 (started by Yang in C:\Users\Yang\Desktop\coding-261-master\coding-261)
2020-03-30 12:06:29.957 [ main ] - [ INFO  ] [com.imooc.Application : 659 ] - No active profile set, falling back to default profiles: default
2020-03-30 12:06:32.557 [ main ] - [ INFO  ] [org.apache.coyote.http11.Http11NioProtocol : 180 ] - Initializing ProtocolHandler ["http-nio-8089"]
2020-03-30 12:06:32.566 [ main ] - [ INFO  ] [org.apache.catalina.core.StandardService : 180 ] - Starting service [Tomcat]
2020-03-30 12:06:32.566 [ main ] - [ INFO  ] [org.apache.catalina.core.StandardEngine : 180 ] - Starting Servlet Engine: Apache Tomcat/8.5.31
2020-03-30 12:06:32.570 [ localhost-startStop-1 ] - [ INFO  ] [org.apache.catalina.core.AprLifecycleListener : 180 ] - The APR based Apache Tomcat Native library which allows optimal performance in production environments was not found on the java.library.path: [C:\Program Files\Java\jdk1.8.0_231\bin;C:\WINDOWS\Sun\Java\bin;C:\WINDOWS\system32;C:\WINDOWS;C:\Program Files (x86)\Intel\Intel(R) Management Engine Components\iCLS\;C:\Program Files\Intel\Intel(R) Management Engine Components\iCLS\;C:\windows\system32;C:\windows;C:\windows\System32\Wbem;C:\windows\System32\WindowsPowerShell\v1.0\;C:\windows\System32\OpenSSH\;C:\Program Files (x86)\Intel\Intel(R) Management Engine Components\DAL;C:\Program Files\Intel\Intel(R) Management Engine Components\DAL;C:\Program Files (x86)\Intel\Intel(R) Management Engine Components\IPT;C:\Program Files\Intel\Intel(R) Management Engine Components\IPT;C:\Program Files (x86)\NVIDIA Corporation\PhysX\Common;C:\Program Files\NVIDIA Corporation\NVIDIA NvDLISR;JAVA_HOME%\bin;JAVA_HOME%\jre\bin;C:\WINDOWS\system32;C:\WINDOWS;C:\WINDOWS\System32\Wbem;C:\WINDOWS\System32\WindowsPowerShell\v1.0\;C:\WINDOWS\System32\OpenSSH\;D:\Git\cmd;D:\New Folder\bin;C:\Program Files\MySQL\MySQL Utilities 1.6\;C:\Users\Yang\AppData\Local\Microsoft\WindowsApps;;D:\Microsoft VS Code\bin;.]
2020-03-30 12:06:32.669 [ localhost-startStop-1 ] - [ INFO  ] [o.a.c.core.ContainerBase.[Tomcat].[localhost].[/] : 180 ] - Initializing Spring embedded WebApplicationContext
2020-03-30 12:06:33.585 [ main ] - [ INFO  ] [org.apache.catalina.core.StandardService : 180 ] - Stopping service [Tomcat]
2020-03-30 12:08:32.768 [ main ] - [ INFO  ] [com.imooc.Application : 50 ] - Starting Application on LAPTOP-I2LEPVP6 with PID 5088 (started by Yang in C:\Users\Yang\Desktop\coding-261-master\coding-261)
2020-03-30 12:08:32.772 [ main ] - [ INFO  ] [com.imooc.Application : 659 ] - No active profile set, falling back to default profiles: default
2020-03-30 12:08:34.409 [ main ] - [ INFO  ] [org.apache.coyote.http11.Http11NioProtocol : 180 ] - Initializing ProtocolHandler ["http-nio-8089"]
2020-03-30 12:08:34.418 [ main ] - [ INFO  ] [org.apache.catalina.core.StandardService : 180 ] - Starting service [Tomcat]
2020-03-30 12:08:34.418 [ main ] - [ INFO  ] [org.apache.catalina.core.StandardEngine : 180 ] - Starting Servlet Engine: Apache Tomcat/8.5.31
2020-03-30 12:08:34.422 [ localhost-startStop-1 ] - [ INFO  ] [org.apache.catalina.core.AprLifecycleListener : 180 ] - The APR based Apache Tomcat Native library which allows optimal performance in production environments was not found on the java.library.path: [C:\Program Files\Java\jdk1.8.0_231\bin;C:\WINDOWS\Sun\Java\bin;C:\WINDOWS\system32;C:\WINDOWS;C:\Program Files (x86)\Intel\Intel(R) Management Engine Components\iCLS\;C:\Program Files\Intel\Intel(R) Management Engine Components\iCLS\;C:\windows\system32;C:\windows;C:\windows\System32\Wbem;C:\windows\System32\WindowsPowerShell\v1.0\;C:\windows\System32\OpenSSH\;C:\Program Files (x86)\Intel\Intel(R) Management Engine Components\DAL;C:\Program Files\Intel\Intel(R) Management Engine Components\DAL;C:\Program Files (x86)\Intel\Intel(R) Management Engine Components\IPT;C:\Program Files\Intel\Intel(R) Management Engine Components\IPT;C:\Program Files (x86)\NVIDIA Corporation\PhysX\Common;C:\Program Files\NVIDIA Corporation\NVIDIA NvDLISR;JAVA_HOME%\bin;JAVA_HOME%\jre\bin;C:\WINDOWS\system32;C:\WINDOWS;C:\WINDOWS\System32\Wbem;C:\WINDOWS\System32\WindowsPowerShell\v1.0\;C:\WINDOWS\System32\OpenSSH\;D:\Git\cmd;D:\New Folder\bin;C:\Program Files\MySQL\MySQL Utilities 1.6\;C:\Users\Yang\AppData\Local\Microsoft\WindowsApps;;D:\Microsoft VS Code\bin;.]
2020-03-30 12:08:34.511 [ localhost-startStop-1 ] - [ INFO  ] [o.a.c.core.ContainerBase.[Tomcat].[localhost].[/] : 180 ] - Initializing Spring embedded WebApplicationContext
2020-03-30 12:08:35.506 [ main ] - [ INFO  ] [org.apache.catalina.core.StandardService : 180 ] - Stopping service [Tomcat]
2020-03-30 12:13:54.907 [ main ] - [ INFO  ] [com.imooc.Application : 50 ] - Starting Application on LAPTOP-I2LEPVP6 with PID 19740 (started by Yang in C:\Users\Yang\Desktop\coding-261-master\coding-261)
2020-03-30 12:13:54.913 [ main ] - [ INFO  ] [com.imooc.Application : 659 ] - No active profile set, falling back to default profiles: default
2020-03-30 12:13:56.301 [ main ] - [ INFO  ] [org.apache.coyote.http11.Http11NioProtocol : 180 ] - Initializing ProtocolHandler ["http-nio-8089"]
2020-03-30 12:13:56.309 [ main ] - [ INFO  ] [org.apache.catalina.core.StandardService : 180 ] - Starting service [Tomcat]
2020-03-30 12:13:56.309 [ main ] - [ INFO  ] [org.apache.catalina.core.StandardEngine : 180 ] - Starting Servlet Engine: Apache Tomcat/8.5.31
2020-03-30 12:13:56.313 [ localhost-startStop-1 ] - [ INFO  ] [org.apache.catalina.core.AprLifecycleListener : 180 ] - The APR based Apache Tomcat Native library which allows optimal performance in production environments was not found on the java.library.path: [C:\Program Files\Java\jdk1.8.0_231\bin;C:\WINDOWS\Sun\Java\bin;C:\WINDOWS\system32;C:\WINDOWS;C:\Program Files (x86)\Intel\Intel(R) Management Engine Components\iCLS\;C:\Program Files\Intel\Intel(R) Management Engine Components\iCLS\;C:\windows\system32;C:\windows;C:\windows\System32\Wbem;C:\windows\System32\WindowsPowerShell\v1.0\;C:\windows\System32\OpenSSH\;C:\Program Files (x86)\Intel\Intel(R) Management Engine Components\DAL;C:\Program Files\Intel\Intel(R) Management Engine Components\DAL;C:\Program Files (x86)\Intel\Intel(R) Management Engine Components\IPT;C:\Program Files\Intel\Intel(R) Management Engine Components\IPT;C:\Program Files (x86)\NVIDIA Corporation\PhysX\Common;C:\Program Files\NVIDIA Corporation\NVIDIA NvDLISR;JAVA_HOME%\bin;JAVA_HOME%\jre\bin;C:\WINDOWS\system32;C:\WINDOWS;C:\WINDOWS\System32\Wbem;C:\WINDOWS\System32\WindowsPowerShell\v1.0\;C:\WINDOWS\System32\OpenSSH\;D:\Git\cmd;D:\New Folder\bin;C:\Program Files\MySQL\MySQL Utilities 1.6\;C:\Users\Yang\AppData\Local\Microsoft\WindowsApps;;D:\Microsoft VS Code\bin;.]
2020-03-30 12:13:56.400 [ localhost-startStop-1 ] - [ INFO  ] [o.a.c.core.ContainerBase.[Tomcat].[localhost].[/] : 180 ] - Initializing Spring embedded WebApplicationContext
2020-03-30 12:13:57.137 [ main ] - [ INFO  ] [org.apache.catalina.core.StandardService : 180 ] - Stopping service [Tomcat]
2020-03-30 12:17:47.732 [ main ] - [ INFO  ] [client.inbound.Client : 102 ] - Connecting to localhost/127.0.0.1:8021 ...
2020-03-30 12:17:51.081 [ main ] - [ WARN  ] [client.inbound.Client : 127 ] - Failed to connect to [localhost/127.0.0.1:8021]
io.netty.channel.AbstractChannel$AnnotatedConnectException: Connection refused: no further information: localhost/127.0.0.1:8021
	at sun.nio.ch.SocketChannelImpl.checkConnect(Native Method)
	at sun.nio.ch.SocketChannelImpl.finishConnect(SocketChannelImpl.java:717)
	at io.netty.channel.socket.nio.NioSocketChannel.doFinishConnect(NioSocketChannel.java:325)
	at io.netty.channel.nio.AbstractNioChannel$AbstractNioUnsafe.finishConnect(AbstractNioChannel.java:340)
	at io.netty.channel.nio.NioEventLoop.processSelectedKey(NioEventLoop.java:635)
	at io.netty.channel.nio.NioEventLoop.processSelectedKeysOptimized(NioEventLoop.java:582)
	at io.netty.channel.nio.NioEventLoop.processSelectedKeys(NioEventLoop.java:499)
	at io.netty.channel.nio.NioEventLoop.run(NioEventLoop.java:461)
	at io.netty.util.concurrent.SingleThreadEventExecutor$5.run(SingleThreadEventExecutor.java:884)
	at io.netty.util.concurrent.FastThreadLocalRunnable.run(FastThreadLocalRunnable.java:30)
	at java.lang.Thread.run(Thread.java:748)
Caused by: java.net.ConnectException: Connection refused: no further information
	... 11 common frames omitted
2020-03-30 12:18:24.968 [ main ] - [ INFO  ] [com.imooc.Application : 50 ] - Starting Application on LAPTOP-I2LEPVP6 with PID 23712 (started by Yang in C:\Users\Yang\Desktop\coding-261-master\coding-261)
2020-03-30 12:18:24.972 [ main ] - [ INFO  ] [com.imooc.Application : 659 ] - No active profile set, falling back to default profiles: default
2020-03-30 12:18:26.751 [ main ] - [ INFO  ] [org.apache.coyote.http11.Http11NioProtocol : 180 ] - Initializing ProtocolHandler ["http-nio-8089"]
2020-03-30 12:18:26.759 [ main ] - [ INFO  ] [org.apache.catalina.core.StandardService : 180 ] - Starting service [Tomcat]
2020-03-30 12:18:26.759 [ main ] - [ INFO  ] [org.apache.catalina.core.StandardEngine : 180 ] - Starting Servlet Engine: Apache Tomcat/8.5.31
2020-03-30 12:18:26.763 [ localhost-startStop-1 ] - [ INFO  ] [org.apache.catalina.core.AprLifecycleListener : 180 ] - The APR based Apache Tomcat Native library which allows optimal performance in production environments was not found on the java.library.path: [C:\Program Files\Java\jdk1.8.0_231\bin;C:\WINDOWS\Sun\Java\bin;C:\WINDOWS\system32;C:\WINDOWS;C:\Program Files (x86)\Intel\Intel(R) Management Engine Components\iCLS\;C:\Program Files\Intel\Intel(R) Management Engine Components\iCLS\;C:\windows\system32;C:\windows;C:\windows\System32\Wbem;C:\windows\System32\WindowsPowerShell\v1.0\;C:\windows\System32\OpenSSH\;C:\Program Files (x86)\Intel\Intel(R) Management Engine Components\DAL;C:\Program Files\Intel\Intel(R) Management Engine Components\DAL;C:\Program Files (x86)\Intel\Intel(R) Management Engine Components\IPT;C:\Program Files\Intel\Intel(R) Management Engine Components\IPT;C:\Program Files (x86)\NVIDIA Corporation\PhysX\Common;C:\Program Files\NVIDIA Corporation\NVIDIA NvDLISR;JAVA_HOME%\bin;JAVA_HOME%\jre\bin;C:\WINDOWS\system32;C:\WINDOWS;C:\WINDOWS\System32\Wbem;C:\WINDOWS\System32\WindowsPowerShell\v1.0\;C:\WINDOWS\System32\OpenSSH\;D:\Git\cmd;D:\New Folder\bin;C:\Program Files\MySQL\MySQL Utilities 1.6\;C:\Users\Yang\AppData\Local\Microsoft\WindowsApps;;D:\Microsoft VS Code\bin;.]
2020-03-30 12:18:26.845 [ localhost-startStop-1 ] - [ INFO  ] [o.a.c.core.ContainerBase.[Tomcat].[localhost].[/] : 180 ] - Initializing Spring embedded WebApplicationContext
2020-03-30 12:18:27.644 [ main ] - [ INFO  ] [org.apache.catalina.core.StandardService : 180 ] - Stopping service [Tomcat]
2020-03-30 12:19:09.268 [ main ] - [ INFO  ] [com.imooc.Application : 50 ] - Starting Application on LAPTOP-I2LEPVP6 with PID 13712 (started by Yang in C:\Users\Yang\Desktop\coding-261-master\coding-261)
2020-03-30 12:19:09.271 [ main ] - [ INFO  ] [com.imooc.Application : 659 ] - No active profile set, falling back to default profiles: default
2020-03-30 12:19:10.571 [ main ] - [ INFO  ] [org.apache.coyote.http11.Http11NioProtocol : 180 ] - Initializing ProtocolHandler ["http-nio-8089"]
2020-03-30 12:19:10.579 [ main ] - [ INFO  ] [org.apache.catalina.core.StandardService : 180 ] - Starting service [Tomcat]
2020-03-30 12:19:10.579 [ main ] - [ INFO  ] [org.apache.catalina.core.StandardEngine : 180 ] - Starting Servlet Engine: Apache Tomcat/8.5.31
2020-03-30 12:19:10.583 [ localhost-startStop-1 ] - [ INFO  ] [org.apache.catalina.core.AprLifecycleListener : 180 ] - The APR based Apache Tomcat Native library which allows optimal performance in production environments was not found on the java.library.path: [C:\Program Files\Java\jdk1.8.0_231\bin;C:\WINDOWS\Sun\Java\bin;C:\WINDOWS\system32;C:\WINDOWS;C:\Program Files (x86)\Intel\Intel(R) Management Engine Components\iCLS\;C:\Program Files\Intel\Intel(R) Management Engine Components\iCLS\;C:\windows\system32;C:\windows;C:\windows\System32\Wbem;C:\windows\System32\WindowsPowerShell\v1.0\;C:\windows\System32\OpenSSH\;C:\Program Files (x86)\Intel\Intel(R) Management Engine Components\DAL;C:\Program Files\Intel\Intel(R) Management Engine Components\DAL;C:\Program Files (x86)\Intel\Intel(R) Management Engine Components\IPT;C:\Program Files\Intel\Intel(R) Management Engine Components\IPT;C:\Program Files (x86)\NVIDIA Corporation\PhysX\Common;C:\Program Files\NVIDIA Corporation\NVIDIA NvDLISR;JAVA_HOME%\bin;JAVA_HOME%\jre\bin;C:\WINDOWS\system32;C:\WINDOWS;C:\WINDOWS\System32\Wbem;C:\WINDOWS\System32\WindowsPowerShell\v1.0\;C:\WINDOWS\System32\OpenSSH\;D:\Git\cmd;D:\New Folder\bin;C:\Program Files\MySQL\MySQL Utilities 1.6\;C:\Users\Yang\AppData\Local\Microsoft\WindowsApps;;D:\Microsoft VS Code\bin;.]
2020-03-30 12:19:10.679 [ localhost-startStop-1 ] - [ INFO  ] [o.a.c.core.ContainerBase.[Tomcat].[localhost].[/] : 180 ] - Initializing Spring embedded WebApplicationContext
2020-03-30 12:19:11.455 [ main ] - [ INFO  ] [org.apache.catalina.core.StandardService : 180 ] - Stopping service [Tomcat]
2020-03-30 12:19:23.869 [ main ] - [ INFO  ] [com.imooc.Application : 50 ] - Starting Application on LAPTOP-I2LEPVP6 with PID 32524 (started by Yang in C:\Users\Yang\Desktop\coding-261-master\coding-261)
2020-03-30 12:19:23.874 [ main ] - [ INFO  ] [com.imooc.Application : 659 ] - No active profile set, falling back to default profiles: default
2020-03-30 12:19:25.519 [ main ] - [ INFO  ] [org.apache.coyote.http11.Http11NioProtocol : 180 ] - Initializing ProtocolHandler ["http-nio-8089"]
2020-03-30 12:19:25.538 [ main ] - [ INFO  ] [org.apache.catalina.core.StandardService : 180 ] - Starting service [Tomcat]
2020-03-30 12:19:25.539 [ main ] - [ INFO  ] [org.apache.catalina.core.StandardEngine : 180 ] - Starting Servlet Engine: Apache Tomcat/8.5.31
2020-03-30 12:19:25.545 [ localhost-startStop-1 ] - [ INFO  ] [org.apache.catalina.core.AprLifecycleListener : 180 ] - The APR based Apache Tomcat Native library which allows optimal performance in production environments was not found on the java.library.path: [C:\Program Files\Java\jdk1.8.0_231\bin;C:\WINDOWS\Sun\Java\bin;C:\WINDOWS\system32;C:\WINDOWS;C:\Program Files (x86)\Intel\Intel(R) Management Engine Components\iCLS\;C:\Program Files\Intel\Intel(R) Management Engine Components\iCLS\;C:\windows\system32;C:\windows;C:\windows\System32\Wbem;C:\windows\System32\WindowsPowerShell\v1.0\;C:\windows\System32\OpenSSH\;C:\Program Files (x86)\Intel\Intel(R) Management Engine Components\DAL;C:\Program Files\Intel\Intel(R) Management Engine Components\DAL;C:\Program Files (x86)\Intel\Intel(R) Management Engine Components\IPT;C:\Program Files\Intel\Intel(R) Management Engine Components\IPT;C:\Program Files (x86)\NVIDIA Corporation\PhysX\Common;C:\Program Files\NVIDIA Corporation\NVIDIA NvDLISR;JAVA_HOME%\bin;JAVA_HOME%\jre\bin;C:\WINDOWS\system32;C:\WINDOWS;C:\WINDOWS\System32\Wbem;C:\WINDOWS\System32\WindowsPowerShell\v1.0\;C:\WINDOWS\System32\OpenSSH\;D:\Git\cmd;D:\New Folder\bin;C:\Program Files\MySQL\MySQL Utilities 1.6\;C:\Users\Yang\AppData\Local\Microsoft\WindowsApps;;D:\Microsoft VS Code\bin;.]
2020-03-30 12:19:25.685 [ localhost-startStop-1 ] - [ INFO  ] [o.a.c.core.ContainerBase.[Tomcat].[localhost].[/] : 180 ] - Initializing Spring embedded WebApplicationContext
2020-03-30 12:19:26.559 [ main ] - [ INFO  ] [org.apache.catalina.core.StandardService : 180 ] - Stopping service [Tomcat]
2020-03-30 12:27:50.487 [ main ] - [ INFO  ] [com.imooc.Application : 50 ] - Starting Application on LAPTOP-I2LEPVP6 with PID 32064 (started by Yang in C:\Users\Yang\Desktop\coding-261-master\coding-261)
2020-03-30 12:27:50.492 [ main ] - [ INFO  ] [com.imooc.Application : 659 ] - No active profile set, falling back to default profiles: default
2020-03-30 12:27:52.243 [ main ] - [ INFO  ] [org.apache.coyote.http11.Http11NioProtocol : 180 ] - Initializing ProtocolHandler ["http-nio-8089"]
2020-03-30 12:27:52.252 [ main ] - [ INFO  ] [org.apache.catalina.core.StandardService : 180 ] - Starting service [Tomcat]
2020-03-30 12:27:52.252 [ main ] - [ INFO  ] [org.apache.catalina.core.StandardEngine : 180 ] - Starting Servlet Engine: Apache Tomcat/8.5.31
2020-03-30 12:27:52.256 [ localhost-startStop-1 ] - [ INFO  ] [org.apache.catalina.core.AprLifecycleListener : 180 ] - The APR based Apache Tomcat Native library which allows optimal performance in production environments was not found on the java.library.path: [C:\Program Files\Java\jdk1.8.0_231\bin;C:\WINDOWS\Sun\Java\bin;C:\WINDOWS\system32;C:\WINDOWS;C:\Program Files (x86)\Intel\Intel(R) Management Engine Components\iCLS\;C:\Program Files\Intel\Intel(R) Management Engine Components\iCLS\;C:\windows\system32;C:\windows;C:\windows\System32\Wbem;C:\windows\System32\WindowsPowerShell\v1.0\;C:\windows\System32\OpenSSH\;C:\Program Files (x86)\Intel\Intel(R) Management Engine Components\DAL;C:\Program Files\Intel\Intel(R) Management Engine Components\DAL;C:\Program Files (x86)\Intel\Intel(R) Management Engine Components\IPT;C:\Program Files\Intel\Intel(R) Management Engine Components\IPT;C:\Program Files (x86)\NVIDIA Corporation\PhysX\Common;C:\Program Files\NVIDIA Corporation\NVIDIA NvDLISR;JAVA_HOME%\bin;JAVA_HOME%\jre\bin;C:\WINDOWS\system32;C:\WINDOWS;C:\WINDOWS\System32\Wbem;C:\WINDOWS\System32\WindowsPowerShell\v1.0\;C:\WINDOWS\System32\OpenSSH\;D:\Git\cmd;D:\New Folder\bin;C:\Program Files\MySQL\MySQL Utilities 1.6\;C:\Users\Yang\AppData\Local\Microsoft\WindowsApps;;D:\Microsoft VS Code\bin;.]
2020-03-30 12:27:52.340 [ localhost-startStop-1 ] - [ INFO  ] [o.a.c.core.ContainerBase.[Tomcat].[localhost].[/] : 180 ] - Initializing Spring embedded WebApplicationContext
2020-03-30 12:27:56.123 [ main ] - [ INFO  ] [com.imooc.Application : 50 ] - Starting Application on LAPTOP-I2LEPVP6 with PID 31092 (started by Yang in C:\Users\Yang\Desktop\coding-261-master\coding-261)
2020-03-30 12:27:56.133 [ main ] - [ INFO  ] [com.imooc.Application : 659 ] - No active profile set, falling back to default profiles: default
2020-03-30 12:27:57.850 [ main ] - [ INFO  ] [org.apache.coyote.http11.Http11NioProtocol : 180 ] - Initializing ProtocolHandler ["http-nio-8089"]
2020-03-30 12:27:57.860 [ main ] - [ INFO  ] [org.apache.catalina.core.StandardService : 180 ] - Starting service [Tomcat]
2020-03-30 12:27:57.861 [ main ] - [ INFO  ] [org.apache.catalina.core.StandardEngine : 180 ] - Starting Servlet Engine: Apache Tomcat/8.5.31
2020-03-30 12:27:57.864 [ localhost-startStop-1 ] - [ INFO  ] [org.apache.catalina.core.AprLifecycleListener : 180 ] - The APR based Apache Tomcat Native library which allows optimal performance in production environments was not found on the java.library.path: [C:\Program Files\Java\jdk1.8.0_231\bin;C:\WINDOWS\Sun\Java\bin;C:\WINDOWS\system32;C:\WINDOWS;C:\Program Files (x86)\Intel\Intel(R) Management Engine Components\iCLS\;C:\Program Files\Intel\Intel(R) Management Engine Components\iCLS\;C:\windows\system32;C:\windows;C:\windows\System32\Wbem;C:\windows\System32\WindowsPowerShell\v1.0\;C:\windows\System32\OpenSSH\;C:\Program Files (x86)\Intel\Intel(R) Management Engine Components\DAL;C:\Program Files\Intel\Intel(R) Management Engine Components\DAL;C:\Program Files (x86)\Intel\Intel(R) Management Engine Components\IPT;C:\Program Files\Intel\Intel(R) Management Engine Components\IPT;C:\Program Files (x86)\NVIDIA Corporation\PhysX\Common;C:\Program Files\NVIDIA Corporation\NVIDIA NvDLISR;JAVA_HOME%\bin;JAVA_HOME%\jre\bin;C:\WINDOWS\system32;C:\WINDOWS;C:\WINDOWS\System32\Wbem;C:\WINDOWS\System32\WindowsPowerShell\v1.0\;C:\WINDOWS\System32\OpenSSH\;D:\Git\cmd;D:\New Folder\bin;C:\Program Files\MySQL\MySQL Utilities 1.6\;C:\Users\Yang\AppData\Local\Microsoft\WindowsApps;;D:\Microsoft VS Code\bin;.]
2020-03-30 12:27:57.963 [ localhost-startStop-1 ] - [ INFO  ] [o.a.c.core.ContainerBase.[Tomcat].[localhost].[/] : 180 ] - Initializing Spring embedded WebApplicationContext
2020-03-30 12:27:58.824 [ main ] - [ INFO  ] [org.apache.catalina.core.StandardService : 180 ] - Stopping service [Tomcat]
2020-03-30 12:31:02.949 [ main ] - [ INFO  ] [com.imooc.Application : 50 ] - Starting Application on LAPTOP-I2LEPVP6 with PID 23852 (started by Yang in C:\Users\Yang\Desktop\coding-261-master\coding-261)
2020-03-30 12:31:02.953 [ main ] - [ INFO  ] [com.imooc.Application : 659 ] - No active profile set, falling back to default profiles: default
2020-03-30 12:31:04.275 [ main ] - [ INFO  ] [org.apache.coyote.http11.Http11NioProtocol : 180 ] - Initializing ProtocolHandler ["http-nio-8089"]
2020-03-30 12:31:04.285 [ main ] - [ INFO  ] [org.apache.catalina.core.StandardService : 180 ] - Starting service [Tomcat]
2020-03-30 12:31:04.285 [ main ] - [ INFO  ] [org.apache.catalina.core.StandardEngine : 180 ] - Starting Servlet Engine: Apache Tomcat/8.5.31
2020-03-30 12:31:04.289 [ localhost-startStop-1 ] - [ INFO  ] [org.apache.catalina.core.AprLifecycleListener : 180 ] - The APR based Apache Tomcat Native library which allows optimal performance in production environments was not found on the java.library.path: [C:\Program Files\Java\jdk1.8.0_231\bin;C:\WINDOWS\Sun\Java\bin;C:\WINDOWS\system32;C:\WINDOWS;C:\Program Files (x86)\Intel\Intel(R) Management Engine Components\iCLS\;C:\Program Files\Intel\Intel(R) Management Engine Components\iCLS\;C:\windows\system32;C:\windows;C:\windows\System32\Wbem;C:\windows\System32\WindowsPowerShell\v1.0\;C:\windows\System32\OpenSSH\;C:\Program Files (x86)\Intel\Intel(R) Management Engine Components\DAL;C:\Program Files\Intel\Intel(R) Management Engine Components\DAL;C:\Program Files (x86)\Intel\Intel(R) Management Engine Components\IPT;C:\Program Files\Intel\Intel(R) Management Engine Components\IPT;C:\Program Files (x86)\NVIDIA Corporation\PhysX\Common;C:\Program Files\NVIDIA Corporation\NVIDIA NvDLISR;JAVA_HOME%\bin;JAVA_HOME%\jre\bin;C:\WINDOWS\system32;C:\WINDOWS;C:\WINDOWS\System32\Wbem;C:\WINDOWS\System32\WindowsPowerShell\v1.0\;C:\WINDOWS\System32\OpenSSH\;D:\Git\cmd;D:\New Folder\bin;C:\Program Files\MySQL\MySQL Utilities 1.6\;C:\Users\Yang\AppData\Local\Microsoft\WindowsApps;;D:\Microsoft VS Code\bin;.]
2020-03-30 12:31:04.374 [ localhost-startStop-1 ] - [ INFO  ] [o.a.c.core.ContainerBase.[Tomcat].[localhost].[/] : 180 ] - Initializing Spring embedded WebApplicationContext
2020-03-30 12:31:06.013 [ main ] - [ INFO  ] [com.zaxxer.hikari.HikariDataSource : 110 ] - DatebookHikariCP - Starting...
2020-03-30 12:31:06.887 [ main ] - [ INFO  ] [com.zaxxer.hikari.HikariDataSource : 123 ] - DatebookHikariCP - Start completed.
2020-03-30 12:31:07.340 [ main ] - [ INFO  ] [org.apache.coyote.http11.Http11NioProtocol : 180 ] - Starting ProtocolHandler ["http-nio-8089"]
2020-03-30 12:31:07.340 [ main ] - [ INFO  ] [org.apache.tomcat.util.net.NioSelectorPool : 180 ] - Using a shared selector for servlet write/read
2020-03-30 12:31:07.357 [ main ] - [ INFO  ] [com.imooc.Application : 59 ] - Started Application in 4.898 seconds (JVM running for 5.998)
2020-03-30 12:32:50.317 [ main ] - [ INFO  ] [com.imooc.Application : 50 ] - Starting Application on LAPTOP-I2LEPVP6 with PID 30832 (started by Yang in C:\Users\Yang\Desktop\coding-261-master\coding-261)
2020-03-30 12:32:50.321 [ main ] - [ INFO  ] [com.imooc.Application : 659 ] - No active profile set, falling back to default profiles: default
2020-03-30 12:32:51.841 [ main ] - [ INFO  ] [org.apache.coyote.http11.Http11NioProtocol : 180 ] - Initializing ProtocolHandler ["http-nio-8089"]
2020-03-30 12:32:51.848 [ main ] - [ INFO  ] [org.apache.catalina.core.StandardService : 180 ] - Starting service [Tomcat]
2020-03-30 12:32:51.849 [ main ] - [ INFO  ] [org.apache.catalina.core.StandardEngine : 180 ] - Starting Servlet Engine: Apache Tomcat/8.5.31
2020-03-30 12:32:51.852 [ localhost-startStop-1 ] - [ INFO  ] [org.apache.catalina.core.AprLifecycleListener : 180 ] - The APR based Apache Tomcat Native library which allows optimal performance in production environments was not found on the java.library.path: [C:\Program Files\Java\jdk1.8.0_231\bin;C:\WINDOWS\Sun\Java\bin;C:\WINDOWS\system32;C:\WINDOWS;C:\Program Files (x86)\Intel\Intel(R) Management Engine Components\iCLS\;C:\Program Files\Intel\Intel(R) Management Engine Components\iCLS\;C:\windows\system32;C:\windows;C:\windows\System32\Wbem;C:\windows\System32\WindowsPowerShell\v1.0\;C:\windows\System32\OpenSSH\;C:\Program Files (x86)\Intel\Intel(R) Management Engine Components\DAL;C:\Program Files\Intel\Intel(R) Management Engine Components\DAL;C:\Program Files (x86)\Intel\Intel(R) Management Engine Components\IPT;C:\Program Files\Intel\Intel(R) Management Engine Components\IPT;C:\Program Files (x86)\NVIDIA Corporation\PhysX\Common;C:\Program Files\NVIDIA Corporation\NVIDIA NvDLISR;JAVA_HOME%\bin;JAVA_HOME%\jre\bin;C:\WINDOWS\system32;C:\WINDOWS;C:\WINDOWS\System32\Wbem;C:\WINDOWS\System32\WindowsPowerShell\v1.0\;C:\WINDOWS\System32\OpenSSH\;D:\Git\cmd;D:\New Folder\bin;C:\Program Files\MySQL\MySQL Utilities 1.6\;C:\Users\Yang\AppData\Local\Microsoft\WindowsApps;;D:\Microsoft VS Code\bin;.]
2020-03-30 12:32:52.058 [ localhost-startStop-1 ] - [ INFO  ] [o.a.c.core.ContainerBase.[Tomcat].[localhost].[/] : 180 ] - Initializing Spring embedded WebApplicationContext
2020-03-30 12:32:58.974 [ main ] - [ INFO  ] [com.imooc.Application : 50 ] - Starting Application on LAPTOP-I2LEPVP6 with PID 34940 (started by Yang in C:\Users\Yang\Desktop\coding-261-master\coding-261)
2020-03-30 12:32:58.979 [ main ] - [ INFO  ] [com.imooc.Application : 659 ] - No active profile set, falling back to default profiles: default
2020-03-30 12:33:00.672 [ main ] - [ INFO  ] [org.apache.coyote.http11.Http11NioProtocol : 180 ] - Initializing ProtocolHandler ["http-nio-8089"]
2020-03-30 12:33:00.682 [ main ] - [ INFO  ] [org.apache.catalina.core.StandardService : 180 ] - Starting service [Tomcat]
2020-03-30 12:33:00.683 [ main ] - [ INFO  ] [org.apache.catalina.core.StandardEngine : 180 ] - Starting Servlet Engine: Apache Tomcat/8.5.31
2020-03-30 12:33:00.686 [ localhost-startStop-1 ] - [ INFO  ] [org.apache.catalina.core.AprLifecycleListener : 180 ] - The APR based Apache Tomcat Native library which allows optimal performance in production environments was not found on the java.library.path: [C:\Program Files\Java\jdk1.8.0_231\bin;C:\WINDOWS\Sun\Java\bin;C:\WINDOWS\system32;C:\WINDOWS;C:\Program Files (x86)\Intel\Intel(R) Management Engine Components\iCLS\;C:\Program Files\Intel\Intel(R) Management Engine Components\iCLS\;C:\windows\system32;C:\windows;C:\windows\System32\Wbem;C:\windows\System32\WindowsPowerShell\v1.0\;C:\windows\System32\OpenSSH\;C:\Program Files (x86)\Intel\Intel(R) Management Engine Components\DAL;C:\Program Files\Intel\Intel(R) Management Engine Components\DAL;C:\Program Files (x86)\Intel\Intel(R) Management Engine Components\IPT;C:\Program Files\Intel\Intel(R) Management Engine Components\IPT;C:\Program Files (x86)\NVIDIA Corporation\PhysX\Common;C:\Program Files\NVIDIA Corporation\NVIDIA NvDLISR;JAVA_HOME%\bin;JAVA_HOME%\jre\bin;C:\WINDOWS\system32;C:\WINDOWS;C:\WINDOWS\System32\Wbem;C:\WINDOWS\System32\WindowsPowerShell\v1.0\;C:\WINDOWS\System32\OpenSSH\;D:\Git\cmd;D:\New Folder\bin;C:\Program Files\MySQL\MySQL Utilities 1.6\;C:\Users\Yang\AppData\Local\Microsoft\WindowsApps;;D:\Microsoft VS Code\bin;.]
2020-03-30 12:33:00.789 [ localhost-startStop-1 ] - [ INFO  ] [o.a.c.core.ContainerBase.[Tomcat].[localhost].[/] : 180 ] - Initializing Spring embedded WebApplicationContext
2020-03-30 12:33:02.710 [ main ] - [ INFO  ] [com.zaxxer.hikari.HikariDataSource : 110 ] - DatebookHikariCP - Starting...
2020-03-30 12:33:03.468 [ main ] - [ INFO  ] [com.zaxxer.hikari.HikariDataSource : 123 ] - DatebookHikariCP - Start completed.
2020-03-30 12:33:03.995 [ main ] - [ INFO  ] [org.apache.coyote.http11.Http11NioProtocol : 180 ] - Starting ProtocolHandler ["http-nio-8089"]
2020-03-30 12:33:03.996 [ main ] - [ INFO  ] [org.apache.tomcat.util.net.NioSelectorPool : 180 ] - Using a shared selector for servlet write/read
2020-03-30 12:33:04.013 [ main ] - [ INFO  ] [com.imooc.Application : 59 ] - Started Application in 5.413 seconds (JVM running for 6.405)
2020-03-30 12:35:10.139 [ http-nio-8089-exec-1 ] - [ INFO  ] [o.a.c.core.ContainerBase.[Tomcat].[localhost].[/] : 180 ] - Initializing Spring FrameworkServlet 'dispatcherServlet'
2020-03-30 12:36:22.844 [ main ] - [ INFO  ] [com.imooc.Application : 50 ] - Starting Application on LAPTOP-I2LEPVP6 with PID 14500 (started by Yang in C:\Users\Yang\Desktop\coding-261-master\coding-261)
2020-03-30 12:36:22.848 [ main ] - [ INFO  ] [com.imooc.Application : 659 ] - No active profile set, falling back to default profiles: default
2020-03-30 12:36:24.253 [ main ] - [ INFO  ] [org.apache.coyote.http11.Http11NioProtocol : 180 ] - Initializing ProtocolHandler ["http-nio-8089"]
2020-03-30 12:36:24.262 [ main ] - [ INFO  ] [org.apache.catalina.core.StandardService : 180 ] - Starting service [Tomcat]
2020-03-30 12:36:24.262 [ main ] - [ INFO  ] [org.apache.catalina.core.StandardEngine : 180 ] - Starting Servlet Engine: Apache Tomcat/8.5.31
2020-03-30 12:36:24.266 [ localhost-startStop-1 ] - [ INFO  ] [org.apache.catalina.core.AprLifecycleListener : 180 ] - The APR based Apache Tomcat Native library which allows optimal performance in production environments was not found on the java.library.path: [C:\Program Files\Java\jdk1.8.0_231\bin;C:\WINDOWS\Sun\Java\bin;C:\WINDOWS\system32;C:\WINDOWS;C:\Program Files (x86)\Intel\Intel(R) Management Engine Components\iCLS\;C:\Program Files\Intel\Intel(R) Management Engine Components\iCLS\;C:\windows\system32;C:\windows;C:\windows\System32\Wbem;C:\windows\System32\WindowsPowerShell\v1.0\;C:\windows\System32\OpenSSH\;C:\Program Files (x86)\Intel\Intel(R) Management Engine Components\DAL;C:\Program Files\Intel\Intel(R) Management Engine Components\DAL;C:\Program Files (x86)\Intel\Intel(R) Management Engine Components\IPT;C:\Program Files\Intel\Intel(R) Management Engine Components\IPT;C:\Program Files (x86)\NVIDIA Corporation\PhysX\Common;C:\Program Files\NVIDIA Corporation\NVIDIA NvDLISR;JAVA_HOME%\bin;JAVA_HOME%\jre\bin;C:\WINDOWS\system32;C:\WINDOWS;C:\WINDOWS\System32\Wbem;C:\WINDOWS\System32\WindowsPowerShell\v1.0\;C:\WINDOWS\System32\OpenSSH\;D:\Git\cmd;D:\New Folder\bin;C:\Program Files\MySQL\MySQL Utilities 1.6\;C:\Users\Yang\AppData\Local\Microsoft\WindowsApps;;D:\Microsoft VS Code\bin;.]
2020-03-30 12:36:24.349 [ localhost-startStop-1 ] - [ INFO  ] [o.a.c.core.ContainerBase.[Tomcat].[localhost].[/] : 180 ] - Initializing Spring embedded WebApplicationContext
2020-03-30 12:36:25.992 [ main ] - [ INFO  ] [com.zaxxer.hikari.HikariDataSource : 110 ] - DatebookHikariCP - Starting...
2020-03-30 12:36:26.773 [ main ] - [ INFO  ] [com.zaxxer.hikari.HikariDataSource : 123 ] - DatebookHikariCP - Start completed.
2020-03-30 12:36:27.172 [ main ] - [ INFO  ] [org.apache.coyote.http11.Http11NioProtocol : 180 ] - Starting ProtocolHandler ["http-nio-8089"]
2020-03-30 12:36:27.173 [ main ] - [ INFO  ] [org.apache.tomcat.util.net.NioSelectorPool : 180 ] - Using a shared selector for servlet write/read
2020-03-30 12:36:27.187 [ main ] - [ INFO  ] [com.imooc.Application : 59 ] - Started Application in 4.764 seconds (JVM running for 6.121)
2020-03-30 12:41:14.028 [ http-nio-8089-exec-1 ] - [ INFO  ] [o.a.c.core.ContainerBase.[Tomcat].[localhost].[/] : 180 ] - Initializing Spring FrameworkServlet 'dispatcherServlet'
2020-03-30 12:41:19.132 [ http-nio-8089-exec-1 ] - [ WARN  ] [com.zaxxer.hikari.pool.PoolBase : 173 ] - DatebookHikariCP - Failed to validate connection com.mysql.jdbc.JDBC4Connection@64c518ae (Communications link failure

The last packet successfully received from the server was 292,319 milliseconds ago.  The last packet sent successfully to the server was 5,003 milliseconds ago.)
2020-03-30 12:41:24.136 [ http-nio-8089-exec-1 ] - [ WARN  ] [com.zaxxer.hikari.pool.PoolBase : 173 ] - DatebookHikariCP - Failed to validate connection com.mysql.jdbc.JDBC4Connection@4f39324a (Communications link failure

The last packet successfully received from the server was 297,035 milliseconds ago.  The last packet sent successfully to the server was 5,001 milliseconds ago.)
2020-03-30 12:41:29.142 [ http-nio-8089-exec-1 ] - [ WARN  ] [com.zaxxer.hikari.pool.PoolBase : 173 ] - DatebookHikariCP - Failed to validate connection com.mysql.jdbc.JDBC4Connection@375436b (Communications link failure

The last packet successfully received from the server was 301,837 milliseconds ago.  The last packet sent successfully to the server was 5,001 milliseconds ago.)
2020-03-30 12:41:34.152 [ http-nio-8089-exec-1 ] - [ WARN  ] [com.zaxxer.hikari.pool.PoolBase : 173 ] - DatebookHikariCP - Failed to validate connection com.mysql.jdbc.JDBC4Connection@a365a96 (Communications link failure

The last packet successfully received from the server was 306,579 milliseconds ago.  The last packet sent successfully to the server was 5,002 milliseconds ago.)
2020-03-30 12:41:39.158 [ http-nio-8089-exec-1 ] - [ WARN  ] [com.zaxxer.hikari.pool.PoolBase : 173 ] - DatebookHikariCP - Failed to validate connection com.mysql.jdbc.JDBC4Connection@25dce61b (Communications link failure

The last packet successfully received from the server was 311,391 milliseconds ago.  The last packet sent successfully to the server was 5,000 milliseconds ago.)
2020-03-30 12:41:39.277 [ http-nio-8089-exec-1 ] - [ ERROR ] [o.a.c.c.C.[.[localhost].[/].[dispatcherServlet] : 182 ] - Servlet.service() for servlet [dispatcherServlet] in context with path [] threw exception [Request processing failed; nested exception is org.springframework.dao.DataIntegrityViolationException: 
### Error updating database.  Cause: com.mysql.jdbc.exceptions.jdbc4.MySQLIntegrityConstraintViolationException: Column 'cron_id' cannot be null
### The error may involve com.imooc.mapper.ScheduledMapper.insert-Inline
### The error occurred while setting parameters
### SQL: INSERT INTO scheduled  ( cron_id,cron,send_phone,wav,userid ) VALUES( ?,?,?,?,? )
### Cause: com.mysql.jdbc.exceptions.jdbc4.MySQLIntegrityConstraintViolationException: Column 'cron_id' cannot be null
; ]; Column 'cron_id' cannot be null; nested exception is com.mysql.jdbc.exceptions.jdbc4.MySQLIntegrityConstraintViolationException: Column 'cron_id' cannot be null] with root cause
com.mysql.jdbc.exceptions.jdbc4.MySQLIntegrityConstraintViolationException: Column 'cron_id' cannot be null
	at sun.reflect.NativeConstructorAccessorImpl.newInstance0(Native Method)
	at sun.reflect.NativeConstructorAccessorImpl.newInstance(NativeConstructorAccessorImpl.java:62)
	at sun.reflect.DelegatingConstructorAccessorImpl.newInstance(DelegatingConstructorAccessorImpl.java:45)
	at java.lang.reflect.Constructor.newInstance(Constructor.java:423)
	at com.mysql.jdbc.Util.handleNewInstance(Util.java:425)
	at com.mysql.jdbc.Util.getInstance(Util.java:408)
	at com.mysql.jdbc.SQLError.createSQLException(SQLError.java:935)
	at com.mysql.jdbc.MysqlIO.checkErrorPacket(MysqlIO.java:3973)
	at com.mysql.jdbc.MysqlIO.checkErrorPacket(MysqlIO.java:3909)
	at com.mysql.jdbc.MysqlIO.sendCommand(MysqlIO.java:2527)
	at com.mysql.jdbc.MysqlIO.sqlQueryDirect(MysqlIO.java:2680)
	at com.mysql.jdbc.ConnectionImpl.execSQL(ConnectionImpl.java:2501)
	at com.mysql.jdbc.PreparedStatement.executeInternal(PreparedStatement.java:1858)
	at com.mysql.jdbc.PreparedStatement.execute(PreparedStatement.java:1197)
	at com.zaxxer.hikari.pool.ProxyPreparedStatement.execute(ProxyPreparedStatement.java:44)
	at com.zaxxer.hikari.pool.HikariProxyPreparedStatement.execute(HikariProxyPreparedStatement.java)
	at org.apache.ibatis.executor.statement.PreparedStatementHandler.update(PreparedStatementHandler.java:46)
	at org.apache.ibatis.executor.statement.RoutingStatementHandler.update(RoutingStatementHandler.java:74)
	at org.apache.ibatis.executor.SimpleExecutor.doUpdate(SimpleExecutor.java:50)
	at org.apache.ibatis.executor.BaseExecutor.update(BaseExecutor.java:117)
	at org.apache.ibatis.executor.CachingExecutor.update(CachingExecutor.java:76)
	at sun.reflect.NativeMethodAccessorImpl.invoke0(Native Method)
	at sun.reflect.NativeMethodAccessorImpl.invoke(NativeMethodAccessorImpl.java:62)
	at sun.reflect.DelegatingMethodAccessorImpl.invoke(DelegatingMethodAccessorImpl.java:43)
	at java.lang.reflect.Method.invoke(Method.java:498)
	at org.apache.ibatis.plugin.Plugin.invoke(Plugin.java:63)
	at com.sun.proxy.$Proxy101.update(Unknown Source)
	at org.apache.ibatis.session.defaults.DefaultSqlSession.update(DefaultSqlSession.java:198)
	at org.apache.ibatis.session.defaults.DefaultSqlSession.insert(DefaultSqlSession.java:185)
	at sun.reflect.NativeMethodAccessorImpl.invoke0(Native Method)
	at sun.reflect.NativeMethodAccessorImpl.invoke(NativeMethodAccessorImpl.java:62)
	at sun.reflect.DelegatingMethodAccessorImpl.invoke(DelegatingMethodAccessorImpl.java:43)
	at java.lang.reflect.Method.invoke(Method.java:498)
	at org.mybatis.spring.SqlSessionTemplate$SqlSessionInterceptor.invoke(SqlSessionTemplate.java:433)
	at com.sun.proxy.$Proxy72.insert(Unknown Source)
	at org.mybatis.spring.SqlSessionTemplate.insert(SqlSessionTemplate.java:278)
	at org.apache.ibatis.binding.MapperMethod.execute(MapperMethod.java:57)
	at org.apache.ibatis.binding.MapperProxy.invoke(MapperProxy.java:59)
	at com.sun.proxy.$Proxy74.insert(Unknown Source)
	at com.imooc.service.impl.SendServiceImpl.send(SendServiceImpl.java:26)
	at com.imooc.controller.PhoneController.senddacall(PhoneController.java:61)
	at sun.reflect.NativeMethodAccessorImpl.invoke0(Native Method)
	at sun.reflect.NativeMethodAccessorImpl.invoke(NativeMethodAccessorImpl.java:62)
	at sun.reflect.DelegatingMethodAccessorImpl.invoke(DelegatingMethodAccessorImpl.java:43)
	at java.lang.reflect.Method.invoke(Method.java:498)
	at org.springframework.web.method.support.InvocableHandlerMethod.doInvoke(InvocableHandlerMethod.java:209)
	at org.springframework.web.method.support.InvocableHandlerMethod.invokeForRequest(InvocableHandlerMethod.java:136)
	at org.springframework.web.servlet.mvc.method.annotation.ServletInvocableHandlerMethod.invokeAndHandle(ServletInvocableHandlerMethod.java:102)
	at org.springframework.web.servlet.mvc.method.annotation.RequestMappingHandlerAdapter.invokeHandlerMethod(RequestMappingHandlerAdapter.java:877)
	at org.springframework.web.servlet.mvc.method.annotation.RequestMappingHandlerAdapter.handleInternal(RequestMappingHandlerAdapter.java:783)
	at org.springframework.web.servlet.mvc.method.AbstractHandlerMethodAdapter.handle(AbstractHandlerMethodAdapter.java:87)
	at org.springframework.web.servlet.DispatcherServlet.doDispatch(DispatcherServlet.java:991)
	at org.springframework.web.servlet.DispatcherServlet.doService(DispatcherServlet.java:925)
	at org.springframework.web.servlet.FrameworkServlet.processRequest(FrameworkServlet.java:974)
	at org.springframework.web.servlet.FrameworkServlet.doPost(FrameworkServlet.java:877)
	at javax.servlet.http.HttpServlet.service(HttpServlet.java:661)
	at org.springframework.web.servlet.FrameworkServlet.service(FrameworkServlet.java:851)
	at javax.servlet.http.HttpServlet.service(HttpServlet.java:742)
	at org.apache.catalina.core.ApplicationFilterChain.internalDoFilter(ApplicationFilterChain.java:231)
	at org.apache.catalina.core.ApplicationFilterChain.doFilter(ApplicationFilterChain.java:166)
	at org.apache.tomcat.websocket.server.WsFilter.doFilter(WsFilter.java:52)
	at org.apache.catalina.core.ApplicationFilterChain.internalDoFilter(ApplicationFilterChain.java:193)
	at org.apache.catalina.core.ApplicationFilterChain.doFilter(ApplicationFilterChain.java:166)
	at org.springframework.web.filter.RequestContextFilter.doFilterInternal(RequestContextFilter.java:99)
	at org.springframework.web.filter.OncePerRequestFilter.doFilter(OncePerRequestFilter.java:107)
	at org.apache.catalina.core.ApplicationFilterChain.internalDoFilter(ApplicationFilterChain.java:193)
	at org.apache.catalina.core.ApplicationFilterChain.doFilter(ApplicationFilterChain.java:166)
	at org.springframework.web.filter.HttpPutFormContentFilter.doFilterInternal(HttpPutFormContentFilter.java:109)
	at org.springframework.web.filter.OncePerRequestFilter.doFilter(OncePerRequestFilter.java:107)
	at org.apache.catalina.core.ApplicationFilterChain.internalDoFilter(ApplicationFilterChain.java:193)
	at org.apache.catalina.core.ApplicationFilterChain.doFilter(ApplicationFilterChain.java:166)
	at org.springframework.web.filter.HiddenHttpMethodFilter.doFilterInternal(HiddenHttpMethodFilter.java:93)
	at org.springframework.web.filter.OncePerRequestFilter.doFilter(OncePerRequestFilter.java:107)
	at org.apache.catalina.core.ApplicationFilterChain.internalDoFilter(ApplicationFilterChain.java:193)
	at org.apache.catalina.core.ApplicationFilterChain.doFilter(ApplicationFilterChain.java:166)
	at org.springframework.web.filter.CharacterEncodingFilter.doFilterInternal(CharacterEncodingFilter.java:200)
	at org.springframework.web.filter.OncePerRequestFilter.doFilter(OncePerRequestFilter.java:107)
	at org.apache.catalina.core.ApplicationFilterChain.internalDoFilter(ApplicationFilterChain.java:193)
	at org.apache.catalina.core.ApplicationFilterChain.doFilter(ApplicationFilterChain.java:166)
	at org.apache.catalina.core.StandardWrapperValve.invoke(StandardWrapperValve.java:198)
	at org.apache.catalina.core.StandardContextValve.invoke(StandardContextValve.java:96)
	at org.apache.catalina.authenticator.AuthenticatorBase.invoke(AuthenticatorBase.java:496)
	at org.apache.catalina.core.StandardHostValve.invoke(StandardHostValve.java:140)
	at org.apache.catalina.valves.ErrorReportValve.invoke(ErrorReportValve.java:81)
	at org.apache.catalina.core.StandardEngineValve.invoke(StandardEngineValve.java:87)
	at org.apache.catalina.connector.CoyoteAdapter.service(CoyoteAdapter.java:342)
	at org.apache.coyote.http11.Http11Processor.service(Http11Processor.java:803)
	at org.apache.coyote.AbstractProcessorLight.process(AbstractProcessorLight.java:66)
	at org.apache.coyote.AbstractProtocol$ConnectionHandler.process(AbstractProtocol.java:790)
	at org.apache.tomcat.util.net.NioEndpoint$SocketProcessor.doRun(NioEndpoint.java:1468)
	at org.apache.tomcat.util.net.SocketProcessorBase.run(SocketProcessorBase.java:49)
	at java.util.concurrent.ThreadPoolExecutor.runWorker(ThreadPoolExecutor.java:1149)
	at java.util.concurrent.ThreadPoolExecutor$Worker.run(ThreadPoolExecutor.java:624)
	at org.apache.tomcat.util.threads.TaskThread$WrappingRunnable.run(TaskThread.java:61)
	at java.lang.Thread.run(Thread.java:748)
2020-03-30 12:42:11.669 [ http-nio-8089-exec-2 ] - [ ERROR ] [o.a.c.c.C.[.[localhost].[/].[dispatcherServlet] : 182 ] - Servlet.service() for servlet [dispatcherServlet] in context with path [] threw exception [Request processing failed; nested exception is org.springframework.dao.DataIntegrityViolationException: 
### Error updating database.  Cause: com.mysql.jdbc.exceptions.jdbc4.MySQLIntegrityConstraintViolationException: Column 'cron_id' cannot be null
### The error may involve com.imooc.mapper.ScheduledMapper.insert-Inline
### The error occurred while setting parameters
### SQL: INSERT INTO scheduled  ( cron_id,cron,send_phone,wav,userid ) VALUES( ?,?,?,?,? )
### Cause: com.mysql.jdbc.exceptions.jdbc4.MySQLIntegrityConstraintViolationException: Column 'cron_id' cannot be null
; ]; Column 'cron_id' cannot be null; nested exception is com.mysql.jdbc.exceptions.jdbc4.MySQLIntegrityConstraintViolationException: Column 'cron_id' cannot be null] with root cause
com.mysql.jdbc.exceptions.jdbc4.MySQLIntegrityConstraintViolationException: Column 'cron_id' cannot be null
	at sun.reflect.NativeConstructorAccessorImpl.newInstance0(Native Method)
	at sun.reflect.NativeConstructorAccessorImpl.newInstance(NativeConstructorAccessorImpl.java:62)
	at sun.reflect.DelegatingConstructorAccessorImpl.newInstance(DelegatingConstructorAccessorImpl.java:45)
	at java.lang.reflect.Constructor.newInstance(Constructor.java:423)
	at com.mysql.jdbc.Util.handleNewInstance(Util.java:425)
	at com.mysql.jdbc.Util.getInstance(Util.java:408)
	at com.mysql.jdbc.SQLError.createSQLException(SQLError.java:935)
	at com.mysql.jdbc.MysqlIO.checkErrorPacket(MysqlIO.java:3973)
	at com.mysql.jdbc.MysqlIO.checkErrorPacket(MysqlIO.java:3909)
	at com.mysql.jdbc.MysqlIO.sendCommand(MysqlIO.java:2527)
	at com.mysql.jdbc.MysqlIO.sqlQueryDirect(MysqlIO.java:2680)
	at com.mysql.jdbc.ConnectionImpl.execSQL(ConnectionImpl.java:2501)
	at com.mysql.jdbc.PreparedStatement.executeInternal(PreparedStatement.java:1858)
	at com.mysql.jdbc.PreparedStatement.execute(PreparedStatement.java:1197)
	at com.zaxxer.hikari.pool.ProxyPreparedStatement.execute(ProxyPreparedStatement.java:44)
	at com.zaxxer.hikari.pool.HikariProxyPreparedStatement.execute(HikariProxyPreparedStatement.java)
	at org.apache.ibatis.executor.statement.PreparedStatementHandler.update(PreparedStatementHandler.java:46)
	at org.apache.ibatis.executor.statement.RoutingStatementHandler.update(RoutingStatementHandler.java:74)
	at org.apache.ibatis.executor.SimpleExecutor.doUpdate(SimpleExecutor.java:50)
	at org.apache.ibatis.executor.BaseExecutor.update(BaseExecutor.java:117)
	at org.apache.ibatis.executor.CachingExecutor.update(CachingExecutor.java:76)
	at sun.reflect.NativeMethodAccessorImpl.invoke0(Native Method)
	at sun.reflect.NativeMethodAccessorImpl.invoke(NativeMethodAccessorImpl.java:62)
	at sun.reflect.DelegatingMethodAccessorImpl.invoke(DelegatingMethodAccessorImpl.java:43)
	at java.lang.reflect.Method.invoke(Method.java:498)
	at org.apache.ibatis.plugin.Plugin.invoke(Plugin.java:63)
	at com.sun.proxy.$Proxy101.update(Unknown Source)
	at org.apache.ibatis.session.defaults.DefaultSqlSession.update(DefaultSqlSession.java:198)
	at org.apache.ibatis.session.defaults.DefaultSqlSession.insert(DefaultSqlSession.java:185)
	at sun.reflect.NativeMethodAccessorImpl.invoke0(Native Method)
	at sun.reflect.NativeMethodAccessorImpl.invoke(NativeMethodAccessorImpl.java:62)
	at sun.reflect.DelegatingMethodAccessorImpl.invoke(DelegatingMethodAccessorImpl.java:43)
	at java.lang.reflect.Method.invoke(Method.java:498)
	at org.mybatis.spring.SqlSessionTemplate$SqlSessionInterceptor.invoke(SqlSessionTemplate.java:433)
	at com.sun.proxy.$Proxy72.insert(Unknown Source)
	at org.mybatis.spring.SqlSessionTemplate.insert(SqlSessionTemplate.java:278)
	at org.apache.ibatis.binding.MapperMethod.execute(MapperMethod.java:57)
	at org.apache.ibatis.binding.MapperProxy.invoke(MapperProxy.java:59)
	at com.sun.proxy.$Proxy74.insert(Unknown Source)
	at com.imooc.service.impl.SendServiceImpl.send(SendServiceImpl.java:26)
	at com.imooc.controller.PhoneController.senddacall(PhoneController.java:61)
	at sun.reflect.NativeMethodAccessorImpl.invoke0(Native Method)
	at sun.reflect.NativeMethodAccessorImpl.invoke(NativeMethodAccessorImpl.java:62)
	at sun.reflect.DelegatingMethodAccessorImpl.invoke(DelegatingMethodAccessorImpl.java:43)
	at java.lang.reflect.Method.invoke(Method.java:498)
	at org.springframework.web.method.support.InvocableHandlerMethod.doInvoke(InvocableHandlerMethod.java:209)
	at org.springframework.web.method.support.InvocableHandlerMethod.invokeForRequest(InvocableHandlerMethod.java:136)
	at org.springframework.web.servlet.mvc.method.annotation.ServletInvocableHandlerMethod.invokeAndHandle(ServletInvocableHandlerMethod.java:102)
	at org.springframework.web.servlet.mvc.method.annotation.RequestMappingHandlerAdapter.invokeHandlerMethod(RequestMappingHandlerAdapter.java:877)
	at org.springframework.web.servlet.mvc.method.annotation.RequestMappingHandlerAdapter.handleInternal(RequestMappingHandlerAdapter.java:783)
	at org.springframework.web.servlet.mvc.method.AbstractHandlerMethodAdapter.handle(AbstractHandlerMethodAdapter.java:87)
	at org.springframework.web.servlet.DispatcherServlet.doDispatch(DispatcherServlet.java:991)
	at org.springframework.web.servlet.DispatcherServlet.doService(DispatcherServlet.java:925)
	at org.springframework.web.servlet.FrameworkServlet.processRequest(FrameworkServlet.java:974)
	at org.springframework.web.servlet.FrameworkServlet.doPost(FrameworkServlet.java:877)
	at javax.servlet.http.HttpServlet.service(HttpServlet.java:661)
	at org.springframework.web.servlet.FrameworkServlet.service(FrameworkServlet.java:851)
	at javax.servlet.http.HttpServlet.service(HttpServlet.java:742)
	at org.apache.catalina.core.ApplicationFilterChain.internalDoFilter(ApplicationFilterChain.java:231)
	at org.apache.catalina.core.ApplicationFilterChain.doFilter(ApplicationFilterChain.java:166)
	at org.apache.tomcat.websocket.server.WsFilter.doFilter(WsFilter.java:52)
	at org.apache.catalina.core.ApplicationFilterChain.internalDoFilter(ApplicationFilterChain.java:193)
	at org.apache.catalina.core.ApplicationFilterChain.doFilter(ApplicationFilterChain.java:166)
	at org.springframework.web.filter.RequestContextFilter.doFilterInternal(RequestContextFilter.java:99)
	at org.springframework.web.filter.OncePerRequestFilter.doFilter(OncePerRequestFilter.java:107)
	at org.apache.catalina.core.ApplicationFilterChain.internalDoFilter(ApplicationFilterChain.java:193)
	at org.apache.catalina.core.ApplicationFilterChain.doFilter(ApplicationFilterChain.java:166)
	at org.springframework.web.filter.HttpPutFormContentFilter.doFilterInternal(HttpPutFormContentFilter.java:109)
	at org.springframework.web.filter.OncePerRequestFilter.doFilter(OncePerRequestFilter.java:107)
	at org.apache.catalina.core.ApplicationFilterChain.internalDoFilter(ApplicationFilterChain.java:193)
	at org.apache.catalina.core.ApplicationFilterChain.doFilter(ApplicationFilterChain.java:166)
	at org.springframework.web.filter.HiddenHttpMethodFilter.doFilterInternal(HiddenHttpMethodFilter.java:93)
	at org.springframework.web.filter.OncePerRequestFilter.doFilter(OncePerRequestFilter.java:107)
	at org.apache.catalina.core.ApplicationFilterChain.internalDoFilter(ApplicationFilterChain.java:193)
	at org.apache.catalina.core.ApplicationFilterChain.doFilter(ApplicationFilterChain.java:166)
	at org.springframework.web.filter.CharacterEncodingFilter.doFilterInternal(CharacterEncodingFilter.java:200)
	at org.springframework.web.filter.OncePerRequestFilter.doFilter(OncePerRequestFilter.java:107)
	at org.apache.catalina.core.ApplicationFilterChain.internalDoFilter(ApplicationFilterChain.java:193)
	at org.apache.catalina.core.ApplicationFilterChain.doFilter(ApplicationFilterChain.java:166)
	at org.apache.catalina.core.StandardWrapperValve.invoke(StandardWrapperValve.java:198)
	at org.apache.catalina.core.StandardContextValve.invoke(StandardContextValve.java:96)
	at org.apache.catalina.authenticator.AuthenticatorBase.invoke(AuthenticatorBase.java:496)
	at org.apache.catalina.core.StandardHostValve.invoke(StandardHostValve.java:140)
	at org.apache.catalina.valves.ErrorReportValve.invoke(ErrorReportValve.java:81)
	at org.apache.catalina.core.StandardEngineValve.invoke(StandardEngineValve.java:87)
	at org.apache.catalina.connector.CoyoteAdapter.service(CoyoteAdapter.java:342)
	at org.apache.coyote.http11.Http11Processor.service(Http11Processor.java:803)
	at org.apache.coyote.AbstractProcessorLight.process(AbstractProcessorLight.java:66)
	at org.apache.coyote.AbstractProtocol$ConnectionHandler.process(AbstractProtocol.java:790)
	at org.apache.tomcat.util.net.NioEndpoint$SocketProcessor.doRun(NioEndpoint.java:1468)
	at org.apache.tomcat.util.net.SocketProcessorBase.run(SocketProcessorBase.java:49)
	at java.util.concurrent.ThreadPoolExecutor.runWorker(ThreadPoolExecutor.java:1149)
	at java.util.concurrent.ThreadPoolExecutor$Worker.run(ThreadPoolExecutor.java:624)
	at org.apache.tomcat.util.threads.TaskThread$WrappingRunnable.run(TaskThread.java:61)
	at java.lang.Thread.run(Thread.java:748)
2020-03-30 12:44:32.657 [ main ] - [ INFO  ] [com.imooc.Application : 50 ] - Starting Application on LAPTOP-I2LEPVP6 with PID 15112 (started by Yang in C:\Users\Yang\Desktop\coding-261-master\coding-261)
2020-03-30 12:44:32.663 [ main ] - [ INFO  ] [com.imooc.Application : 659 ] - No active profile set, falling back to default profiles: default
2020-03-30 12:44:33.870 [ main ] - [ INFO  ] [org.apache.coyote.http11.Http11NioProtocol : 180 ] - Initializing ProtocolHandler ["http-nio-8089"]
2020-03-30 12:44:33.877 [ main ] - [ INFO  ] [org.apache.catalina.core.StandardService : 180 ] - Starting service [Tomcat]
2020-03-30 12:44:33.878 [ main ] - [ INFO  ] [org.apache.catalina.core.StandardEngine : 180 ] - Starting Servlet Engine: Apache Tomcat/8.5.31
2020-03-30 12:44:33.881 [ localhost-startStop-1 ] - [ INFO  ] [org.apache.catalina.core.AprLifecycleListener : 180 ] - The APR based Apache Tomcat Native library which allows optimal performance in production environments was not found on the java.library.path: [C:\Program Files\Java\jdk1.8.0_231\bin;C:\WINDOWS\Sun\Java\bin;C:\WINDOWS\system32;C:\WINDOWS;C:\Program Files (x86)\Intel\Intel(R) Management Engine Components\iCLS\;C:\Program Files\Intel\Intel(R) Management Engine Components\iCLS\;C:\windows\system32;C:\windows;C:\windows\System32\Wbem;C:\windows\System32\WindowsPowerShell\v1.0\;C:\windows\System32\OpenSSH\;C:\Program Files (x86)\Intel\Intel(R) Management Engine Components\DAL;C:\Program Files\Intel\Intel(R) Management Engine Components\DAL;C:\Program Files (x86)\Intel\Intel(R) Management Engine Components\IPT;C:\Program Files\Intel\Intel(R) Management Engine Components\IPT;C:\Program Files (x86)\NVIDIA Corporation\PhysX\Common;C:\Program Files\NVIDIA Corporation\NVIDIA NvDLISR;JAVA_HOME%\bin;JAVA_HOME%\jre\bin;C:\WINDOWS\system32;C:\WINDOWS;C:\WINDOWS\System32\Wbem;C:\WINDOWS\System32\WindowsPowerShell\v1.0\;C:\WINDOWS\System32\OpenSSH\;D:\Git\cmd;D:\New Folder\bin;C:\Program Files\MySQL\MySQL Utilities 1.6\;C:\Users\Yang\AppData\Local\Microsoft\WindowsApps;;D:\Microsoft VS Code\bin;.]
2020-03-30 12:44:33.965 [ localhost-startStop-1 ] - [ INFO  ] [o.a.c.core.ContainerBase.[Tomcat].[localhost].[/] : 180 ] - Initializing Spring embedded WebApplicationContext
2020-03-30 12:44:35.491 [ main ] - [ INFO  ] [com.zaxxer.hikari.HikariDataSource : 110 ] - DatebookHikariCP - Starting...
2020-03-30 12:44:36.126 [ main ] - [ INFO  ] [com.zaxxer.hikari.HikariDataSource : 123 ] - DatebookHikariCP - Start completed.
2020-03-30 12:44:36.601 [ main ] - [ INFO  ] [org.apache.coyote.http11.Http11NioProtocol : 180 ] - Starting ProtocolHandler ["http-nio-8089"]
2020-03-30 12:44:36.602 [ main ] - [ INFO  ] [org.apache.tomcat.util.net.NioSelectorPool : 180 ] - Using a shared selector for servlet write/read
2020-03-30 12:44:36.617 [ main ] - [ INFO  ] [com.imooc.Application : 59 ] - Started Application in 4.346 seconds (JVM running for 5.567)
2020-03-30 12:44:51.710 [ http-nio-8089-exec-1 ] - [ INFO  ] [o.a.c.core.ContainerBase.[Tomcat].[localhost].[/] : 180 ] - Initializing Spring FrameworkServlet 'dispatcherServlet'
2020-03-30 12:44:51.973 [ http-nio-8089-exec-1 ] - [ ERROR ] [o.a.c.c.C.[.[localhost].[/].[dispatcherServlet] : 182 ] - Servlet.service() for servlet [dispatcherServlet] in context with path [] threw exception [Request processing failed; nested exception is org.springframework.dao.DataIntegrityViolationException: 
### Error updating database.  Cause: java.sql.SQLException: Data truncated for column 'cron_id' at row 1
### The error may involve com.imooc.mapper.ScheduledMapper.insert-Inline
### The error occurred while setting parameters
### SQL: INSERT INTO scheduled  ( cron_id,cron,send_phone,wav,userid ) VALUES( ?,?,?,?,? )
### Cause: java.sql.SQLException: Data truncated for column 'cron_id' at row 1
; ]; Data truncated for column 'cron_id' at row 1; nested exception is java.sql.SQLException: Data truncated for column 'cron_id' at row 1] with root cause
java.sql.SQLException: Data truncated for column 'cron_id' at row 1
	at com.mysql.jdbc.SQLError.createSQLException(SQLError.java:964)
	at com.mysql.jdbc.MysqlIO.checkErrorPacket(MysqlIO.java:3973)
	at com.mysql.jdbc.MysqlIO.checkErrorPacket(MysqlIO.java:3909)
	at com.mysql.jdbc.MysqlIO.sendCommand(MysqlIO.java:2527)
	at com.mysql.jdbc.MysqlIO.sqlQueryDirect(MysqlIO.java:2680)
	at com.mysql.jdbc.ConnectionImpl.execSQL(ConnectionImpl.java:2501)
	at com.mysql.jdbc.PreparedStatement.executeInternal(PreparedStatement.java:1858)
	at com.mysql.jdbc.PreparedStatement.execute(PreparedStatement.java:1197)
	at com.zaxxer.hikari.pool.ProxyPreparedStatement.execute(ProxyPreparedStatement.java:44)
	at com.zaxxer.hikari.pool.HikariProxyPreparedStatement.execute(HikariProxyPreparedStatement.java)
	at org.apache.ibatis.executor.statement.PreparedStatementHandler.update(PreparedStatementHandler.java:46)
	at org.apache.ibatis.executor.statement.RoutingStatementHandler.update(RoutingStatementHandler.java:74)
	at org.apache.ibatis.executor.SimpleExecutor.doUpdate(SimpleExecutor.java:50)
	at org.apache.ibatis.executor.BaseExecutor.update(BaseExecutor.java:117)
	at org.apache.ibatis.executor.CachingExecutor.update(CachingExecutor.java:76)
	at sun.reflect.NativeMethodAccessorImpl.invoke0(Native Method)
	at sun.reflect.NativeMethodAccessorImpl.invoke(NativeMethodAccessorImpl.java:62)
	at sun.reflect.DelegatingMethodAccessorImpl.invoke(DelegatingMethodAccessorImpl.java:43)
	at java.lang.reflect.Method.invoke(Method.java:498)
	at org.apache.ibatis.plugin.Plugin.invoke(Plugin.java:63)
	at com.sun.proxy.$Proxy101.update(Unknown Source)
	at org.apache.ibatis.session.defaults.DefaultSqlSession.update(DefaultSqlSession.java:198)
	at org.apache.ibatis.session.defaults.DefaultSqlSession.insert(DefaultSqlSession.java:185)
	at sun.reflect.NativeMethodAccessorImpl.invoke0(Native Method)
	at sun.reflect.NativeMethodAccessorImpl.invoke(NativeMethodAccessorImpl.java:62)
	at sun.reflect.DelegatingMethodAccessorImpl.invoke(DelegatingMethodAccessorImpl.java:43)
	at java.lang.reflect.Method.invoke(Method.java:498)
	at org.mybatis.spring.SqlSessionTemplate$SqlSessionInterceptor.invoke(SqlSessionTemplate.java:433)
	at com.sun.proxy.$Proxy72.insert(Unknown Source)
	at org.mybatis.spring.SqlSessionTemplate.insert(SqlSessionTemplate.java:278)
	at org.apache.ibatis.binding.MapperMethod.execute(MapperMethod.java:57)
	at org.apache.ibatis.binding.MapperProxy.invoke(MapperProxy.java:59)
	at com.sun.proxy.$Proxy74.insert(Unknown Source)
	at com.imooc.service.impl.SendServiceImpl.send(SendServiceImpl.java:26)
	at com.imooc.controller.PhoneController.senddacall(PhoneController.java:63)
	at sun.reflect.NativeMethodAccessorImpl.invoke0(Native Method)
	at sun.reflect.NativeMethodAccessorImpl.invoke(NativeMethodAccessorImpl.java:62)
	at sun.reflect.DelegatingMethodAccessorImpl.invoke(DelegatingMethodAccessorImpl.java:43)
	at java.lang.reflect.Method.invoke(Method.java:498)
	at org.springframework.web.method.support.InvocableHandlerMethod.doInvoke(InvocableHandlerMethod.java:209)
	at org.springframework.web.method.support.InvocableHandlerMethod.invokeForRequest(InvocableHandlerMethod.java:136)
	at org.springframework.web.servlet.mvc.method.annotation.ServletInvocableHandlerMethod.invokeAndHandle(ServletInvocableHandlerMethod.java:102)
	at org.springframework.web.servlet.mvc.method.annotation.RequestMappingHandlerAdapter.invokeHandlerMethod(RequestMappingHandlerAdapter.java:877)
	at org.springframework.web.servlet.mvc.method.annotation.RequestMappingHandlerAdapter.handleInternal(RequestMappingHandlerAdapter.java:783)
	at org.springframework.web.servlet.mvc.method.AbstractHandlerMethodAdapter.handle(AbstractHandlerMethodAdapter.java:87)
	at org.springframework.web.servlet.DispatcherServlet.doDispatch(DispatcherServlet.java:991)
	at org.springframework.web.servlet.DispatcherServlet.doService(DispatcherServlet.java:925)
	at org.springframework.web.servlet.FrameworkServlet.processRequest(FrameworkServlet.java:974)
	at org.springframework.web.servlet.FrameworkServlet.doPost(FrameworkServlet.java:877)
	at javax.servlet.http.HttpServlet.service(HttpServlet.java:661)
	at org.springframework.web.servlet.FrameworkServlet.service(FrameworkServlet.java:851)
	at javax.servlet.http.HttpServlet.service(HttpServlet.java:742)
	at org.apache.catalina.core.ApplicationFilterChain.internalDoFilter(ApplicationFilterChain.java:231)
	at org.apache.catalina.core.ApplicationFilterChain.doFilter(ApplicationFilterChain.java:166)
	at org.apache.tomcat.websocket.server.WsFilter.doFilter(WsFilter.java:52)
	at org.apache.catalina.core.ApplicationFilterChain.internalDoFilter(ApplicationFilterChain.java:193)
	at org.apache.catalina.core.ApplicationFilterChain.doFilter(ApplicationFilterChain.java:166)
	at org.springframework.web.filter.RequestContextFilter.doFilterInternal(RequestContextFilter.java:99)
	at org.springframework.web.filter.OncePerRequestFilter.doFilter(OncePerRequestFilter.java:107)
	at org.apache.catalina.core.ApplicationFilterChain.internalDoFilter(ApplicationFilterChain.java:193)
	at org.apache.catalina.core.ApplicationFilterChain.doFilter(ApplicationFilterChain.java:166)
	at org.springframework.web.filter.HttpPutFormContentFilter.doFilterInternal(HttpPutFormContentFilter.java:109)
	at org.springframework.web.filter.OncePerRequestFilter.doFilter(OncePerRequestFilter.java:107)
	at org.apache.catalina.core.ApplicationFilterChain.internalDoFilter(ApplicationFilterChain.java:193)
	at org.apache.catalina.core.ApplicationFilterChain.doFilter(ApplicationFilterChain.java:166)
	at org.springframework.web.filter.HiddenHttpMethodFilter.doFilterInternal(HiddenHttpMethodFilter.java:93)
	at org.springframework.web.filter.OncePerRequestFilter.doFilter(OncePerRequestFilter.java:107)
	at org.apache.catalina.core.ApplicationFilterChain.internalDoFilter(ApplicationFilterChain.java:193)
	at org.apache.catalina.core.ApplicationFilterChain.doFilter(ApplicationFilterChain.java:166)
	at org.springframework.web.filter.CharacterEncodingFilter.doFilterInternal(CharacterEncodingFilter.java:200)
	at org.springframework.web.filter.OncePerRequestFilter.doFilter(OncePerRequestFilter.java:107)
	at org.apache.catalina.core.ApplicationFilterChain.internalDoFilter(ApplicationFilterChain.java:193)
	at org.apache.catalina.core.ApplicationFilterChain.doFilter(ApplicationFilterChain.java:166)
	at org.apache.catalina.core.StandardWrapperValve.invoke(StandardWrapperValve.java:198)
	at org.apache.catalina.core.StandardContextValve.invoke(StandardContextValve.java:96)
	at org.apache.catalina.authenticator.AuthenticatorBase.invoke(AuthenticatorBase.java:496)
	at org.apache.catalina.core.StandardHostValve.invoke(StandardHostValve.java:140)
	at org.apache.catalina.valves.ErrorReportValve.invoke(ErrorReportValve.java:81)
	at org.apache.catalina.core.StandardEngineValve.invoke(StandardEngineValve.java:87)
	at org.apache.catalina.connector.CoyoteAdapter.service(CoyoteAdapter.java:342)
	at org.apache.coyote.http11.Http11Processor.service(Http11Processor.java:803)
	at org.apache.coyote.AbstractProcessorLight.process(AbstractProcessorLight.java:66)
	at org.apache.coyote.AbstractProtocol$ConnectionHandler.process(AbstractProtocol.java:790)
	at org.apache.tomcat.util.net.NioEndpoint$SocketProcessor.doRun(NioEndpoint.java:1468)
	at org.apache.tomcat.util.net.SocketProcessorBase.run(SocketProcessorBase.java:49)
	at java.util.concurrent.ThreadPoolExecutor.runWorker(ThreadPoolExecutor.java:1149)
	at java.util.concurrent.ThreadPoolExecutor$Worker.run(ThreadPoolExecutor.java:624)
	at org.apache.tomcat.util.threads.TaskThread$WrappingRunnable.run(TaskThread.java:61)
	at java.lang.Thread.run(Thread.java:748)
2020-03-30 16:25:27.664 [ DatebookHikariCP housekeeper ] - [ WARN  ] [com.zaxxer.hikari.pool.HikariPool : 758 ] - DatebookHikariCP - Thread starvation or clock leap detected (housekeeper delta=38m13s654ms291s100ns).
2020-03-30 19:00:19.309 [ DatebookHikariCP housekeeper ] - [ WARN  ] [com.zaxxer.hikari.pool.HikariPool : 758 ] - DatebookHikariCP - Thread starvation or clock leap detected (housekeeper delta=51s264ms185s100ns).
2020-03-30 19:02:48.135 [ DatebookHikariCP housekeeper ] - [ WARN  ] [com.zaxxer.hikari.pool.HikariPool : 758 ] - DatebookHikariCP - Thread starvation or clock leap detected (housekeeper delta=1m58s833ms495s300ns).
2020-03-30 22:33:44.108 [ DatebookHikariCP housekeeper ] - [ WARN  ] [com.zaxxer.hikari.pool.HikariPool : 758 ] - DatebookHikariCP - Thread starvation or clock leap detected (housekeeper delta=2h20m55s806ms220s400ns).
