2020-03-31 02:35:49.079 [ DatebookHikariCP housekeeper ] - [ WARN  ] [com.zaxxer.hikari.pool.HikariPool : 758 ] - DatebookHikariCP - Thread starvation or clock leap detected (housekeeper delta=3h2m53s588ms213µs200ns).
2020-03-31 09:15:30.380 [ DatebookHikariCP housekeeper ] - [ WARN  ] [com.zaxxer.hikari.pool.HikariPool : 758 ] - DatebookHikariCP - Thread starvation or clock leap detected (housekeeper delta=6h39m50s42ms948µs).
2020-03-31 09:48:09.781 [ DatebookHikariCP housekeeper ] - [ WARN  ] [com.zaxxer.hikari.pool.HikariPool : 758 ] - DatebookHikariCP - Thread starvation or clock leap detected (housekeeper delta=10m9s355ms720µs300ns).
2020-03-31 12:15:56.908 [ DatebookHikariCP housekeeper ] - [ WARN  ] [com.zaxxer.hikari.pool.HikariPool : 758 ] - DatebookHikariCP - Thread starvation or clock leap detected (housekeeper delta=2m7s791ms701µs).
2020-03-31 13:44:15.406 [ DatebookHikariCP housekeeper ] - [ WARN  ] [com.zaxxer.hikari.pool.HikariPool : 758 ] - DatebookHikariCP - Thread starvation or clock leap detected (housekeeper delta=53m18s429ms524µs200ns).
2020-03-31 16:01:45.841 [ DatebookHikariCP housekeeper ] - [ WARN  ] [com.zaxxer.hikari.pool.HikariPool : 758 ] - DatebookHikariCP - Thread starvation or clock leap detected (housekeeper delta=1h56m30s401ms741µs400ns).
2020-03-31 17:49:55.989 [ DatebookHikariCP housekeeper ] - [ WARN  ] [com.zaxxer.hikari.pool.HikariPool : 758 ] - DatebookHikariCP - Thread starvation or clock leap detected (housekeeper delta=42m8s301ms143µs500ns).
2020-03-31 21:20:24.947 [ DatebookHikariCP housekeeper ] - [ WARN  ] [com.zaxxer.hikari.pool.HikariPool : 758 ] - DatebookHikariCP - Thread starvation or clock leap detected (housekeeper delta=3h28s902ms738µs700ns).
2020-03-31 21:30:42.830 [ DatebookHikariCP housekeeper ] - [ WARN  ] [com.zaxxer.hikari.pool.HikariPool : 758 ] - DatebookHikariCP - Thread starvation or clock leap detected (housekeeper delta=10m26s798ms815µs600ns).
2020-03-31 22:45:40.595 [ main ] - [ INFO  ] [com.imooc.Application : 50 ] - Starting Application on LAPTOP-I2LEPVP6 with PID 32372 (started by Yang in C:\Users\Yang\Desktop\coding-261-master\coding-261)
2020-03-31 22:45:40.598 [ main ] - [ INFO  ] [com.imooc.Application : 659 ] - No active profile set, falling back to default profiles: default
2020-03-31 22:45:41.990 [ main ] - [ INFO  ] [org.apache.coyote.http11.Http11NioProtocol : 180 ] - Initializing ProtocolHandler ["http-nio-8089"]
2020-03-31 22:45:42.004 [ main ] - [ INFO  ] [org.apache.catalina.core.StandardService : 180 ] - Starting service [Tomcat]
2020-03-31 22:45:42.005 [ main ] - [ INFO  ] [org.apache.catalina.core.StandardEngine : 180 ] - Starting Servlet Engine: Apache Tomcat/8.5.31
2020-03-31 22:45:42.009 [ localhost-startStop-1 ] - [ INFO  ] [org.apache.catalina.core.AprLifecycleListener : 180 ] - The APR based Apache Tomcat Native library which allows optimal performance in production environments was not found on the java.library.path: [C:\Program Files\Java\jdk1.8.0_231\bin;C:\WINDOWS\Sun\Java\bin;C:\WINDOWS\system32;C:\WINDOWS;C:\Program Files (x86)\Intel\Intel(R) Management Engine Components\iCLS\;C:\Program Files\Intel\Intel(R) Management Engine Components\iCLS\;C:\windows\system32;C:\windows;C:\windows\System32\Wbem;C:\windows\System32\WindowsPowerShell\v1.0\;C:\windows\System32\OpenSSH\;C:\Program Files (x86)\Intel\Intel(R) Management Engine Components\DAL;C:\Program Files\Intel\Intel(R) Management Engine Components\DAL;C:\Program Files (x86)\Intel\Intel(R) Management Engine Components\IPT;C:\Program Files\Intel\Intel(R) Management Engine Components\IPT;C:\Program Files (x86)\NVIDIA Corporation\PhysX\Common;C:\Program Files\NVIDIA Corporation\NVIDIA NvDLISR;JAVA_HOME%\bin;JAVA_HOME%\jre\bin;C:\WINDOWS\system32;C:\WINDOWS;C:\WINDOWS\System32\Wbem;C:\WINDOWS\System32\WindowsPowerShell\v1.0\;C:\WINDOWS\System32\OpenSSH\;D:\Git\cmd;D:\New Folder\bin;C:\Program Files\MySQL\MySQL Utilities 1.6\;C:\Users\Yang\AppData\Local\Microsoft\WindowsApps;;D:\Microsoft VS Code\bin;.]
2020-03-31 22:45:42.208 [ localhost-startStop-1 ] - [ INFO  ] [o.a.c.core.ContainerBase.[Tomcat].[localhost].[/] : 180 ] - Initializing Spring embedded WebApplicationContext
2020-03-31 22:45:45.609 [ main ] - [ INFO  ] [com.zaxxer.hikari.HikariDataSource : 110 ] - DatebookHikariCP - Starting...
2020-03-31 22:45:46.552 [ main ] - [ INFO  ] [com.zaxxer.hikari.HikariDataSource : 123 ] - DatebookHikariCP - Start completed.
2020-03-31 22:45:47.001 [ main ] - [ INFO  ] [org.apache.coyote.http11.Http11NioProtocol : 180 ] - Starting ProtocolHandler ["http-nio-8089"]
2020-03-31 22:45:47.003 [ main ] - [ INFO  ] [org.apache.tomcat.util.net.NioSelectorPool : 180 ] - Using a shared selector for servlet write/read
2020-03-31 22:45:47.021 [ main ] - [ INFO  ] [com.imooc.Application : 59 ] - Started Application in 6.75 seconds (JVM running for 8.015)
2020-03-31 22:50:16.963 [ http-nio-8089-exec-1 ] - [ INFO  ] [o.a.c.core.ContainerBase.[Tomcat].[localhost].[/] : 180 ] - Initializing Spring FrameworkServlet 'dispatcherServlet'
2020-03-31 22:50:47.675 [ http-nio-8089-exec-2 ] - [ WARN  ] [com.zaxxer.hikari.pool.PoolBase : 173 ] - DatebookHikariCP - Failed to validate connection com.mysql.jdbc.JDBC4Connection@4b79e0c9 (Communications link failure

The last packet successfully received from the server was 301,098 milliseconds ago.  The last packet sent successfully to the server was 5,009 milliseconds ago.)
2020-03-31 22:50:52.681 [ http-nio-8089-exec-2 ] - [ WARN  ] [com.zaxxer.hikari.pool.PoolBase : 173 ] - DatebookHikariCP - Failed to validate connection com.mysql.jdbc.JDBC4Connection@8f31278 (Communications link failure

The last packet successfully received from the server was 305,792 milliseconds ago.  The last packet sent successfully to the server was 5,001 milliseconds ago.)
2020-03-31 22:50:57.685 [ http-nio-8089-exec-2 ] - [ WARN  ] [com.zaxxer.hikari.pool.PoolBase : 173 ] - DatebookHikariCP - Failed to validate connection com.mysql.jdbc.JDBC4Connection@c08c407 (Communications link failure

The last packet successfully received from the server was 310,573 milliseconds ago.  The last packet sent successfully to the server was 5,001 milliseconds ago.)
2020-03-31 22:51:02.690 [ http-nio-8089-exec-2 ] - [ WARN  ] [com.zaxxer.hikari.pool.PoolBase : 173 ] - DatebookHikariCP - Failed to validate connection com.mysql.jdbc.JDBC4Connection@1c74ea2e (Communications link failure

The last packet successfully received from the server was 315,308 milliseconds ago.  The last packet sent successfully to the server was 5,001 milliseconds ago.)
2020-03-31 22:51:07.696 [ http-nio-8089-exec-2 ] - [ WARN  ] [com.zaxxer.hikari.pool.PoolBase : 173 ] - DatebookHikariCP - Failed to validate connection com.mysql.jdbc.JDBC4Connection@46669e61 (Communications link failure

The last packet successfully received from the server was 320,060 milliseconds ago.  The last packet sent successfully to the server was 5,001 milliseconds ago.)
2020-03-31 22:53:58.868 [ http-nio-8089-exec-4 ] - [ ERROR ] [o.a.c.c.C.[.[localhost].[/].[dispatcherServlet] : 182 ] - Servlet.service() for servlet [dispatcherServlet] in context with path [] threw exception [Request processing failed; nested exception is com.github.tobato.fastdfs.exception.FdfsConnectException: 无法获取服务端连接资源：can't create connection to/123.56.146.238:22122] with root cause
java.net.SocketTimeoutException: connect timed out
	at java.net.DualStackPlainSocketImpl.waitForConnect(Native Method)
	at java.net.DualStackPlainSocketImpl.socketConnect(DualStackPlainSocketImpl.java:85)
	at java.net.AbstractPlainSocketImpl.doConnect(AbstractPlainSocketImpl.java:350)
	at java.net.AbstractPlainSocketImpl.connectToAddress(AbstractPlainSocketImpl.java:206)
	at java.net.AbstractPlainSocketImpl.connect(AbstractPlainSocketImpl.java:188)
	at java.net.PlainSocketImpl.connect(PlainSocketImpl.java:172)
	at java.net.SocksSocketImpl.connect(SocksSocketImpl.java:392)
	at java.net.Socket.connect(Socket.java:606)
	at com.github.tobato.fastdfs.conn.DefaultConnection.<init>(DefaultConnection.java:50)
	at com.github.tobato.fastdfs.conn.PooledConnectionFactory.create(PooledConnectionFactory.java:48)
	at com.github.tobato.fastdfs.conn.PooledConnectionFactory.create(PooledConnectionFactory.java:24)
	at org.apache.commons.pool2.BaseKeyedPooledObjectFactory.makeObject(BaseKeyedPooledObjectFactory.java:60)
	at org.apache.commons.pool2.impl.GenericKeyedObjectPool.create(GenericKeyedObjectPool.java:1064)
	at org.apache.commons.pool2.impl.GenericKeyedObjectPool.borrowObject(GenericKeyedObjectPool.java:358)
	at org.apache.commons.pool2.impl.GenericKeyedObjectPool.borrowObject(GenericKeyedObjectPool.java:281)
	at com.github.tobato.fastdfs.conn.ConnectionManager.getConnection(ConnectionManager.java:103)
	at com.github.tobato.fastdfs.conn.TrackerConnectionManager.executeFdfsTrackerCmd(TrackerConnectionManager.java:63)
	at com.github.tobato.fastdfs.service.DefaultTrackerClient.getStoreStorage(DefaultTrackerClient.java:39)
	at com.github.tobato.fastdfs.service.DefaultFastFileStorageClient.uploadFile(DefaultFastFileStorageClient.java:53)
	at com.imooc.utils.FastDFSClient.uploadQRCode(FastDFSClient.java:49)
	at com.imooc.service.impl.SmsServiceImpl.savephone(SmsServiceImpl.java:157)
	at com.imooc.controller.ApiLoginController.nextStep(ApiLoginController.java:59)
	at sun.reflect.NativeMethodAccessorImpl.invoke0(Native Method)
	at sun.reflect.NativeMethodAccessorImpl.invoke(NativeMethodAccessorImpl.java:62)
	at sun.reflect.DelegatingMethodAccessorImpl.invoke(DelegatingMethodAccessorImpl.java:43)
	at java.lang.reflect.Method.invoke(Method.java:498)
	at org.springframework.web.method.support.InvocableHandlerMethod.doInvoke(InvocableHandlerMethod.java:209)
	at org.springframework.web.method.support.InvocableHandlerMethod.invokeForRequest(InvocableHandlerMethod.java:136)
	at org.springframework.web.servlet.mvc.method.annotation.ServletInvocableHandlerMethod.invokeAndHandle(ServletInvocableHandlerMethod.java:102)
	at org.springframework.web.servlet.mvc.method.annotation.RequestMappingHandlerAdapter.invokeHandlerMethod(RequestMappingHandlerAdapter.java:877)
	at org.springframework.web.servlet.mvc.method.annotation.RequestMappingHandlerAdapter.handleInternal(RequestMappingHandlerAdapter.java:783)
	at org.springframework.web.servlet.mvc.method.AbstractHandlerMethodAdapter.handle(AbstractHandlerMethodAdapter.java:87)
	at org.springframework.web.servlet.DispatcherServlet.doDispatch(DispatcherServlet.java:991)
	at org.springframework.web.servlet.DispatcherServlet.doService(DispatcherServlet.java:925)
	at org.springframework.web.servlet.FrameworkServlet.processRequest(FrameworkServlet.java:974)
	at org.springframework.web.servlet.FrameworkServlet.doPost(FrameworkServlet.java:877)
	at javax.servlet.http.HttpServlet.service(HttpServlet.java:661)
	at org.springframework.web.servlet.FrameworkServlet.service(FrameworkServlet.java:851)
	at javax.servlet.http.HttpServlet.service(HttpServlet.java:742)
	at org.apache.catalina.core.ApplicationFilterChain.internalDoFilter(ApplicationFilterChain.java:231)
	at org.apache.catalina.core.ApplicationFilterChain.doFilter(ApplicationFilterChain.java:166)
	at org.apache.tomcat.websocket.server.WsFilter.doFilter(WsFilter.java:52)
	at org.apache.catalina.core.ApplicationFilterChain.internalDoFilter(ApplicationFilterChain.java:193)
	at org.apache.catalina.core.ApplicationFilterChain.doFilter(ApplicationFilterChain.java:166)
	at org.springframework.web.filter.RequestContextFilter.doFilterInternal(RequestContextFilter.java:99)
	at org.springframework.web.filter.OncePerRequestFilter.doFilter(OncePerRequestFilter.java:107)
	at org.apache.catalina.core.ApplicationFilterChain.internalDoFilter(ApplicationFilterChain.java:193)
	at org.apache.catalina.core.ApplicationFilterChain.doFilter(ApplicationFilterChain.java:166)
	at org.springframework.web.filter.HttpPutFormContentFilter.doFilterInternal(HttpPutFormContentFilter.java:109)
	at org.springframework.web.filter.OncePerRequestFilter.doFilter(OncePerRequestFilter.java:107)
	at org.apache.catalina.core.ApplicationFilterChain.internalDoFilter(ApplicationFilterChain.java:193)
	at org.apache.catalina.core.ApplicationFilterChain.doFilter(ApplicationFilterChain.java:166)
	at org.springframework.web.filter.HiddenHttpMethodFilter.doFilterInternal(HiddenHttpMethodFilter.java:93)
	at org.springframework.web.filter.OncePerRequestFilter.doFilter(OncePerRequestFilter.java:107)
	at org.apache.catalina.core.ApplicationFilterChain.internalDoFilter(ApplicationFilterChain.java:193)
	at org.apache.catalina.core.ApplicationFilterChain.doFilter(ApplicationFilterChain.java:166)
	at org.springframework.web.filter.CharacterEncodingFilter.doFilterInternal(CharacterEncodingFilter.java:200)
	at org.springframework.web.filter.OncePerRequestFilter.doFilter(OncePerRequestFilter.java:107)
	at org.apache.catalina.core.ApplicationFilterChain.internalDoFilter(ApplicationFilterChain.java:193)
	at org.apache.catalina.core.ApplicationFilterChain.doFilter(ApplicationFilterChain.java:166)
	at org.apache.catalina.core.StandardWrapperValve.invoke(StandardWrapperValve.java:198)
	at org.apache.catalina.core.StandardContextValve.invoke(StandardContextValve.java:96)
	at org.apache.catalina.authenticator.AuthenticatorBase.invoke(AuthenticatorBase.java:496)
	at org.apache.catalina.core.StandardHostValve.invoke(StandardHostValve.java:140)
	at org.apache.catalina.valves.ErrorReportValve.invoke(ErrorReportValve.java:81)
	at org.apache.catalina.core.StandardEngineValve.invoke(StandardEngineValve.java:87)
	at org.apache.catalina.connector.CoyoteAdapter.service(CoyoteAdapter.java:342)
	at org.apache.coyote.http11.Http11Processor.service(Http11Processor.java:803)
	at org.apache.coyote.AbstractProcessorLight.process(AbstractProcessorLight.java:66)
	at org.apache.coyote.AbstractProtocol$ConnectionHandler.process(AbstractProtocol.java:790)
	at org.apache.tomcat.util.net.NioEndpoint$SocketProcessor.doRun(NioEndpoint.java:1468)
	at org.apache.tomcat.util.net.SocketProcessorBase.run(SocketProcessorBase.java:49)
	at java.util.concurrent.ThreadPoolExecutor.runWorker(ThreadPoolExecutor.java:1149)
	at java.util.concurrent.ThreadPoolExecutor$Worker.run(ThreadPoolExecutor.java:624)
	at org.apache.tomcat.util.threads.TaskThread$WrappingRunnable.run(TaskThread.java:61)
	at java.lang.Thread.run(Thread.java:748)
2020-03-31 22:56:07.223 [ http-nio-8089-exec-5 ] - [ WARN  ] [com.zaxxer.hikari.pool.PoolBase : 173 ] - DatebookHikariCP - Failed to validate connection com.mysql.jdbc.JDBC4Connection@2e9050b (Communications link failure

The last packet successfully received from the server was 129,096 milliseconds ago.  The last packet sent successfully to the server was 14 milliseconds ago.)
2020-03-31 22:56:12.227 [ http-nio-8089-exec-5 ] - [ WARN  ] [com.zaxxer.hikari.pool.PoolBase : 173 ] - DatebookHikariCP - Failed to validate connection com.mysql.jdbc.JDBC4Connection@8116e7b (Communications link failure

The last packet successfully received from the server was 324,300 milliseconds ago.  The last packet sent successfully to the server was 5,001 milliseconds ago.)
2020-03-31 22:56:17.232 [ http-nio-8089-exec-5 ] - [ WARN  ] [com.zaxxer.hikari.pool.PoolBase : 173 ] - DatebookHikariCP - Failed to validate connection com.mysql.jdbc.JDBC4Connection@4d13f11d (Communications link failure

The last packet successfully received from the server was 324,297 milliseconds ago.  The last packet sent successfully to the server was 5,002 milliseconds ago.)
2020-03-31 22:56:22.235 [ http-nio-8089-exec-5 ] - [ WARN  ] [com.zaxxer.hikari.pool.PoolBase : 173 ] - DatebookHikariCP - Failed to validate connection com.mysql.jdbc.JDBC4Connection@7c9458f7 (Communications link failure

The last packet successfully received from the server was 324,329 milliseconds ago.  The last packet sent successfully to the server was 5,001 milliseconds ago.)
2020-03-31 22:56:27.243 [ http-nio-8089-exec-5 ] - [ WARN  ] [com.zaxxer.hikari.pool.PoolBase : 173 ] - DatebookHikariCP - Failed to validate connection com.mysql.jdbc.JDBC4Connection@2d3c0e52 (Communications link failure

The last packet successfully received from the server was 324,317 milliseconds ago.  The last packet sent successfully to the server was 5,001 milliseconds ago.)
2020-03-31 22:56:32.246 [ http-nio-8089-exec-5 ] - [ WARN  ] [com.zaxxer.hikari.pool.PoolBase : 173 ] - DatebookHikariCP - Failed to validate connection com.mysql.jdbc.JDBC4Connection@37cab61f (Communications link failure

The last packet successfully received from the server was 324,299 milliseconds ago.  The last packet sent successfully to the server was 5,001 milliseconds ago.)
2020-03-31 22:56:32.320 [ http-nio-8089-exec-5 ] - [ ERROR ] [com.github.tobato.fastdfs.conn.ConnectionManager : 69 ] - Unable to borrow buffer from pool
com.github.tobato.fastdfs.exception.FdfsUnavailableException: 无法获取服务端连接资源：找不到可用的tracker /123.56.146.238:22122,
	at com.github.tobato.fastdfs.domain.TrackerLocator.getTrackerAddress(TrackerLocator.java:103)
	at com.github.tobato.fastdfs.conn.TrackerConnectionManager.executeFdfsTrackerCmd(TrackerConnectionManager.java:61)
	at com.github.tobato.fastdfs.service.DefaultTrackerClient.getStoreStorage(DefaultTrackerClient.java:39)
	at com.github.tobato.fastdfs.service.DefaultFastFileStorageClient.uploadFile(DefaultFastFileStorageClient.java:53)
	at com.imooc.utils.FastDFSClient.uploadQRCode(FastDFSClient.java:49)
	at com.imooc.service.impl.SmsServiceImpl.savephone(SmsServiceImpl.java:157)
	at com.imooc.controller.ApiLoginController.nextStep(ApiLoginController.java:59)
	at sun.reflect.NativeMethodAccessorImpl.invoke0(Native Method)
	at sun.reflect.NativeMethodAccessorImpl.invoke(NativeMethodAccessorImpl.java:62)
	at sun.reflect.DelegatingMethodAccessorImpl.invoke(DelegatingMethodAccessorImpl.java:43)
	at java.lang.reflect.Method.invoke(Method.java:498)
	at org.springframework.web.method.support.InvocableHandlerMethod.doInvoke(InvocableHandlerMethod.java:209)
	at org.springframework.web.method.support.InvocableHandlerMethod.invokeForRequest(InvocableHandlerMethod.java:136)
	at org.springframework.web.servlet.mvc.method.annotation.ServletInvocableHandlerMethod.invokeAndHandle(ServletInvocableHandlerMethod.java:102)
	at org.springframework.web.servlet.mvc.method.annotation.RequestMappingHandlerAdapter.invokeHandlerMethod(RequestMappingHandlerAdapter.java:877)
	at org.springframework.web.servlet.mvc.method.annotation.RequestMappingHandlerAdapter.handleInternal(RequestMappingHandlerAdapter.java:783)
	at org.springframework.web.servlet.mvc.method.AbstractHandlerMethodAdapter.handle(AbstractHandlerMethodAdapter.java:87)
	at org.springframework.web.servlet.DispatcherServlet.doDispatch(DispatcherServlet.java:991)
	at org.springframework.web.servlet.DispatcherServlet.doService(DispatcherServlet.java:925)
	at org.springframework.web.servlet.FrameworkServlet.processRequest(FrameworkServlet.java:974)
	at org.springframework.web.servlet.FrameworkServlet.doPost(FrameworkServlet.java:877)
	at javax.servlet.http.HttpServlet.service(HttpServlet.java:661)
	at org.springframework.web.servlet.FrameworkServlet.service(FrameworkServlet.java:851)
	at javax.servlet.http.HttpServlet.service(HttpServlet.java:742)
	at org.apache.catalina.core.ApplicationFilterChain.internalDoFilter(ApplicationFilterChain.java:231)
	at org.apache.catalina.core.ApplicationFilterChain.doFilter(ApplicationFilterChain.java:166)
	at org.apache.tomcat.websocket.server.WsFilter.doFilter(WsFilter.java:52)
	at org.apache.catalina.core.ApplicationFilterChain.internalDoFilter(ApplicationFilterChain.java:193)
	at org.apache.catalina.core.ApplicationFilterChain.doFilter(ApplicationFilterChain.java:166)
	at org.springframework.web.filter.RequestContextFilter.doFilterInternal(RequestContextFilter.java:99)
	at org.springframework.web.filter.OncePerRequestFilter.doFilter(OncePerRequestFilter.java:107)
	at org.apache.catalina.core.ApplicationFilterChain.internalDoFilter(ApplicationFilterChain.java:193)
	at org.apache.catalina.core.ApplicationFilterChain.doFilter(ApplicationFilterChain.java:166)
	at org.springframework.web.filter.HttpPutFormContentFilter.doFilterInternal(HttpPutFormContentFilter.java:109)
	at org.springframework.web.filter.OncePerRequestFilter.doFilter(OncePerRequestFilter.java:107)
	at org.apache.catalina.core.ApplicationFilterChain.internalDoFilter(ApplicationFilterChain.java:193)
	at org.apache.catalina.core.ApplicationFilterChain.doFilter(ApplicationFilterChain.java:166)
	at org.springframework.web.filter.HiddenHttpMethodFilter.doFilterInternal(HiddenHttpMethodFilter.java:93)
	at org.springframework.web.filter.OncePerRequestFilter.doFilter(OncePerRequestFilter.java:107)
	at org.apache.catalina.core.ApplicationFilterChain.internalDoFilter(ApplicationFilterChain.java:193)
	at org.apache.catalina.core.ApplicationFilterChain.doFilter(ApplicationFilterChain.java:166)
	at org.springframework.web.filter.CharacterEncodingFilter.doFilterInternal(CharacterEncodingFilter.java:200)
	at org.springframework.web.filter.OncePerRequestFilter.doFilter(OncePerRequestFilter.java:107)
	at org.apache.catalina.core.ApplicationFilterChain.internalDoFilter(ApplicationFilterChain.java:193)
	at org.apache.catalina.core.ApplicationFilterChain.doFilter(ApplicationFilterChain.java:166)
	at org.apache.catalina.core.StandardWrapperValve.invoke(StandardWrapperValve.java:198)
	at org.apache.catalina.core.StandardContextValve.invoke(StandardContextValve.java:96)
	at org.apache.catalina.authenticator.AuthenticatorBase.invoke(AuthenticatorBase.java:496)
	at org.apache.catalina.core.StandardHostValve.invoke(StandardHostValve.java:140)
	at org.apache.catalina.valves.ErrorReportValve.invoke(ErrorReportValve.java:81)
	at org.apache.catalina.core.StandardEngineValve.invoke(StandardEngineValve.java:87)
	at org.apache.catalina.connector.CoyoteAdapter.service(CoyoteAdapter.java:342)
	at org.apache.coyote.http11.Http11Processor.service(Http11Processor.java:803)
	at org.apache.coyote.AbstractProcessorLight.process(AbstractProcessorLight.java:66)
	at org.apache.coyote.AbstractProtocol$ConnectionHandler.process(AbstractProtocol.java:790)
	at org.apache.tomcat.util.net.NioEndpoint$SocketProcessor.doRun(NioEndpoint.java:1468)
	at org.apache.tomcat.util.net.SocketProcessorBase.run(SocketProcessorBase.java:49)
	at java.util.concurrent.ThreadPoolExecutor.runWorker(ThreadPoolExecutor.java:1149)
	at java.util.concurrent.ThreadPoolExecutor$Worker.run(ThreadPoolExecutor.java:624)
	at org.apache.tomcat.util.threads.TaskThread$WrappingRunnable.run(TaskThread.java:61)
	at java.lang.Thread.run(Thread.java:748)
2020-03-31 22:56:32.321 [ http-nio-8089-exec-5 ] - [ ERROR ] [o.a.c.c.C.[.[localhost].[/].[dispatcherServlet] : 182 ] - Servlet.service() for servlet [dispatcherServlet] in context with path [] threw exception [Request processing failed; nested exception is java.lang.RuntimeException: Unable to borrow buffer from pool] with root cause
com.github.tobato.fastdfs.exception.FdfsUnavailableException: 无法获取服务端连接资源：找不到可用的tracker /123.56.146.238:22122,
	at com.github.tobato.fastdfs.domain.TrackerLocator.getTrackerAddress(TrackerLocator.java:103)
	at com.github.tobato.fastdfs.conn.TrackerConnectionManager.executeFdfsTrackerCmd(TrackerConnectionManager.java:61)
	at com.github.tobato.fastdfs.service.DefaultTrackerClient.getStoreStorage(DefaultTrackerClient.java:39)
	at com.github.tobato.fastdfs.service.DefaultFastFileStorageClient.uploadFile(DefaultFastFileStorageClient.java:53)
	at com.imooc.utils.FastDFSClient.uploadQRCode(FastDFSClient.java:49)
	at com.imooc.service.impl.SmsServiceImpl.savephone(SmsServiceImpl.java:157)
	at com.imooc.controller.ApiLoginController.nextStep(ApiLoginController.java:59)
	at sun.reflect.NativeMethodAccessorImpl.invoke0(Native Method)
	at sun.reflect.NativeMethodAccessorImpl.invoke(NativeMethodAccessorImpl.java:62)
	at sun.reflect.DelegatingMethodAccessorImpl.invoke(DelegatingMethodAccessorImpl.java:43)
	at java.lang.reflect.Method.invoke(Method.java:498)
	at org.springframework.web.method.support.InvocableHandlerMethod.doInvoke(InvocableHandlerMethod.java:209)
	at org.springframework.web.method.support.InvocableHandlerMethod.invokeForRequest(InvocableHandlerMethod.java:136)
	at org.springframework.web.servlet.mvc.method.annotation.ServletInvocableHandlerMethod.invokeAndHandle(ServletInvocableHandlerMethod.java:102)
	at org.springframework.web.servlet.mvc.method.annotation.RequestMappingHandlerAdapter.invokeHandlerMethod(RequestMappingHandlerAdapter.java:877)
	at org.springframework.web.servlet.mvc.method.annotation.RequestMappingHandlerAdapter.handleInternal(RequestMappingHandlerAdapter.java:783)
	at org.springframework.web.servlet.mvc.method.AbstractHandlerMethodAdapter.handle(AbstractHandlerMethodAdapter.java:87)
	at org.springframework.web.servlet.DispatcherServlet.doDispatch(DispatcherServlet.java:991)
	at org.springframework.web.servlet.DispatcherServlet.doService(DispatcherServlet.java:925)
	at org.springframework.web.servlet.FrameworkServlet.processRequest(FrameworkServlet.java:974)
	at org.springframework.web.servlet.FrameworkServlet.doPost(FrameworkServlet.java:877)
	at javax.servlet.http.HttpServlet.service(HttpServlet.java:661)
	at org.springframework.web.servlet.FrameworkServlet.service(FrameworkServlet.java:851)
	at javax.servlet.http.HttpServlet.service(HttpServlet.java:742)
	at org.apache.catalina.core.ApplicationFilterChain.internalDoFilter(ApplicationFilterChain.java:231)
	at org.apache.catalina.core.ApplicationFilterChain.doFilter(ApplicationFilterChain.java:166)
	at org.apache.tomcat.websocket.server.WsFilter.doFilter(WsFilter.java:52)
	at org.apache.catalina.core.ApplicationFilterChain.internalDoFilter(ApplicationFilterChain.java:193)
	at org.apache.catalina.core.ApplicationFilterChain.doFilter(ApplicationFilterChain.java:166)
	at org.springframework.web.filter.RequestContextFilter.doFilterInternal(RequestContextFilter.java:99)
	at org.springframework.web.filter.OncePerRequestFilter.doFilter(OncePerRequestFilter.java:107)
	at org.apache.catalina.core.ApplicationFilterChain.internalDoFilter(ApplicationFilterChain.java:193)
	at org.apache.catalina.core.ApplicationFilterChain.doFilter(ApplicationFilterChain.java:166)
	at org.springframework.web.filter.HttpPutFormContentFilter.doFilterInternal(HttpPutFormContentFilter.java:109)
	at org.springframework.web.filter.OncePerRequestFilter.doFilter(OncePerRequestFilter.java:107)
	at org.apache.catalina.core.ApplicationFilterChain.internalDoFilter(ApplicationFilterChain.java:193)
	at org.apache.catalina.core.ApplicationFilterChain.doFilter(ApplicationFilterChain.java:166)
	at org.springframework.web.filter.HiddenHttpMethodFilter.doFilterInternal(HiddenHttpMethodFilter.java:93)
	at org.springframework.web.filter.OncePerRequestFilter.doFilter(OncePerRequestFilter.java:107)
	at org.apache.catalina.core.ApplicationFilterChain.internalDoFilter(ApplicationFilterChain.java:193)
	at org.apache.catalina.core.ApplicationFilterChain.doFilter(ApplicationFilterChain.java:166)
	at org.springframework.web.filter.CharacterEncodingFilter.doFilterInternal(CharacterEncodingFilter.java:200)
	at org.springframework.web.filter.OncePerRequestFilter.doFilter(OncePerRequestFilter.java:107)
	at org.apache.catalina.core.ApplicationFilterChain.internalDoFilter(ApplicationFilterChain.java:193)
	at org.apache.catalina.core.ApplicationFilterChain.doFilter(ApplicationFilterChain.java:166)
	at org.apache.catalina.core.StandardWrapperValve.invoke(StandardWrapperValve.java:198)
	at org.apache.catalina.core.StandardContextValve.invoke(StandardContextValve.java:96)
	at org.apache.catalina.authenticator.AuthenticatorBase.invoke(AuthenticatorBase.java:496)
	at org.apache.catalina.core.StandardHostValve.invoke(StandardHostValve.java:140)
	at org.apache.catalina.valves.ErrorReportValve.invoke(ErrorReportValve.java:81)
	at org.apache.catalina.core.StandardEngineValve.invoke(StandardEngineValve.java:87)
	at org.apache.catalina.connector.CoyoteAdapter.service(CoyoteAdapter.java:342)
	at org.apache.coyote.http11.Http11Processor.service(Http11Processor.java:803)
	at org.apache.coyote.AbstractProcessorLight.process(AbstractProcessorLight.java:66)
	at org.apache.coyote.AbstractProtocol$ConnectionHandler.process(AbstractProtocol.java:790)
	at org.apache.tomcat.util.net.NioEndpoint$SocketProcessor.doRun(NioEndpoint.java:1468)
	at org.apache.tomcat.util.net.SocketProcessorBase.run(SocketProcessorBase.java:49)
	at java.util.concurrent.ThreadPoolExecutor.runWorker(ThreadPoolExecutor.java:1149)
	at java.util.concurrent.ThreadPoolExecutor$Worker.run(ThreadPoolExecutor.java:624)
	at org.apache.tomcat.util.threads.TaskThread$WrappingRunnable.run(TaskThread.java:61)
	at java.lang.Thread.run(Thread.java:748)
2020-03-31 23:06:53.939 [ http-nio-8089-exec-6 ] - [ WARN  ] [com.zaxxer.hikari.pool.PoolBase : 173 ] - DatebookHikariCP - Failed to validate connection com.mysql.jdbc.JDBC4Connection@524a25ed (Communications link failure

The last packet successfully received from the server was 621,631 milliseconds ago.  The last packet sent successfully to the server was 5,001 milliseconds ago.)
2020-03-31 23:06:58.946 [ http-nio-8089-exec-6 ] - [ WARN  ] [com.zaxxer.hikari.pool.PoolBase : 173 ] - DatebookHikariCP - Failed to validate connection com.mysql.jdbc.JDBC4Connection@58b24e9d (Communications link failure

The last packet successfully received from the server was 641,492 milliseconds ago.  The last packet sent successfully to the server was 5,002 milliseconds ago.)
2020-03-31 23:07:03.952 [ http-nio-8089-exec-6 ] - [ WARN  ] [com.zaxxer.hikari.pool.PoolBase : 173 ] - DatebookHikariCP - Failed to validate connection com.mysql.jdbc.JDBC4Connection@1ed6e0f9 (Communications link failure

The last packet successfully received from the server was 641,486 milliseconds ago.  The last packet sent successfully to the server was 5,002 milliseconds ago.)
2020-03-31 23:07:08.957 [ http-nio-8089-exec-6 ] - [ WARN  ] [com.zaxxer.hikari.pool.PoolBase : 173 ] - DatebookHikariCP - Failed to validate connection com.mysql.jdbc.JDBC4Connection@7d9f24a0 (Communications link failure

The last packet successfully received from the server was 641,487 milliseconds ago.  The last packet sent successfully to the server was 5,000 milliseconds ago.)
2020-03-31 23:07:13.961 [ http-nio-8089-exec-6 ] - [ WARN  ] [com.zaxxer.hikari.pool.PoolBase : 173 ] - DatebookHikariCP - Failed to validate connection com.mysql.jdbc.JDBC4Connection@5467d2c2 (Communications link failure

The last packet successfully received from the server was 641,378 milliseconds ago.  The last packet sent successfully to the server was 5,002 milliseconds ago.)
2020-03-31 23:12:19.784 [ http-nio-8089-exec-8 ] - [ WARN  ] [com.zaxxer.hikari.pool.PoolBase : 173 ] - DatebookHikariCP - Failed to validate connection com.mysql.jdbc.JDBC4Connection@726dd9d8 (Communications link failure

The last packet successfully received from the server was 305,647 milliseconds ago.  The last packet sent successfully to the server was 5,001 milliseconds ago.)
2020-03-31 23:12:24.795 [ http-nio-8089-exec-8 ] - [ WARN  ] [com.zaxxer.hikari.pool.PoolBase : 173 ] - DatebookHikariCP - Failed to validate connection com.mysql.jdbc.JDBC4Connection@a4b83cf (Communications link failure

The last packet successfully received from the server was 330,413 milliseconds ago.  The last packet sent successfully to the server was 5,001 milliseconds ago.)
2020-03-31 23:12:29.799 [ http-nio-8089-exec-8 ] - [ WARN  ] [com.zaxxer.hikari.pool.PoolBase : 173 ] - DatebookHikariCP - Failed to validate connection com.mysql.jdbc.JDBC4Connection@7aed0845 (Communications link failure

The last packet successfully received from the server was 330,645 milliseconds ago.  The last packet sent successfully to the server was 5,001 milliseconds ago.)
2020-03-31 23:12:34.800 [ http-nio-8089-exec-8 ] - [ WARN  ] [com.zaxxer.hikari.pool.PoolBase : 173 ] - DatebookHikariCP - Failed to validate connection com.mysql.jdbc.JDBC4Connection@114fc804 (Communications link failure

The last packet successfully received from the server was 330,636 milliseconds ago.  The last packet sent successfully to the server was 5,000 milliseconds ago.)
2020-03-31 23:12:39.805 [ http-nio-8089-exec-8 ] - [ WARN  ] [com.zaxxer.hikari.pool.PoolBase : 173 ] - DatebookHikariCP - Failed to validate connection com.mysql.jdbc.JDBC4Connection@70a1370b (Communications link failure

The last packet successfully received from the server was 330,618 milliseconds ago.  The last packet sent successfully to the server was 5,001 milliseconds ago.)
2020-03-31 23:12:44.808 [ http-nio-8089-exec-8 ] - [ WARN  ] [com.zaxxer.hikari.pool.PoolBase : 173 ] - DatebookHikariCP - Failed to validate connection com.mysql.jdbc.JDBC4Connection@54bfa560 (Communications link failure

The last packet successfully received from the server was 330,633 milliseconds ago.  The last packet sent successfully to the server was 5,000 milliseconds ago.)
2020-03-31 23:12:44.814 [ http-nio-8089-exec-8 ] - [ ERROR ] [o.a.c.c.C.[.[localhost].[/].[dispatcherServlet] : 182 ] - Servlet.service() for servlet [dispatcherServlet] in context with path [] threw exception [Request processing failed; nested exception is org.mybatis.spring.MyBatisSystemException: nested exception is org.apache.ibatis.exceptions.PersistenceException: 
### Error querying database.  Cause: org.springframework.jdbc.CannotGetJdbcConnectionException: Failed to obtain JDBC Connection; nested exception is java.sql.SQLTransientConnectionException: DatebookHikariCP - Connection is not available, request timed out after 30029ms.
### The error may exist in com/imooc/mapper/UsersMapper.java (best guess)
### The error may involve com.imooc.mapper.UsersMapper.selectOne
### The error occurred while executing a query
### Cause: org.springframework.jdbc.CannotGetJdbcConnectionException: Failed to obtain JDBC Connection; nested exception is java.sql.SQLTransientConnectionException: DatebookHikariCP - Connection is not available, request timed out after 30029ms.] with root cause
java.net.SocketTimeoutException: Read timed out
	at java.net.SocketInputStream.socketRead0(Native Method)
	at java.net.SocketInputStream.socketRead(SocketInputStream.java:116)
	at java.net.SocketInputStream.read(SocketInputStream.java:171)
	at java.net.SocketInputStream.read(SocketInputStream.java:141)
	at sun.security.ssl.InputRecord.readFully(InputRecord.java:465)
	at sun.security.ssl.InputRecord.read(InputRecord.java:503)
	at sun.security.ssl.SSLSocketImpl.readRecord(SSLSocketImpl.java:975)
	at sun.security.ssl.SSLSocketImpl.readDataRecord(SSLSocketImpl.java:933)
	at sun.security.ssl.AppInputStream.read(AppInputStream.java:105)
	at com.mysql.jdbc.MysqlIO.readFully(MysqlIO.java:3008)
	at com.mysql.jdbc.MysqlIO.reuseAndReadPacket(MysqlIO.java:3469)
	at com.mysql.jdbc.MysqlIO.reuseAndReadPacket(MysqlIO.java:3459)
	at com.mysql.jdbc.MysqlIO.checkErrorPacket(MysqlIO.java:3900)
	at com.mysql.jdbc.MysqlIO.sendCommand(MysqlIO.java:2527)
	at com.mysql.jdbc.MysqlIO.sqlQueryDirect(MysqlIO.java:2680)
	at com.mysql.jdbc.ConnectionImpl.execSQL(ConnectionImpl.java:2497)
	at com.mysql.jdbc.ConnectionImpl.execSQL(ConnectionImpl.java:2455)
	at com.mysql.jdbc.StatementImpl.executeInternal(StatementImpl.java:839)
	at com.mysql.jdbc.StatementImpl.execute(StatementImpl.java:739)
	at com.zaxxer.hikari.pool.PoolBase.isConnectionAlive(PoolBase.java:158)
	at com.zaxxer.hikari.pool.HikariPool.getConnection(HikariPool.java:172)
	at com.zaxxer.hikari.pool.HikariPool.getConnection(HikariPool.java:148)
	at com.zaxxer.hikari.HikariDataSource.getConnection(HikariDataSource.java:128)
	at org.springframework.jdbc.datasource.DataSourceUtils.fetchConnection(DataSourceUtils.java:151)
	at org.springframework.jdbc.datasource.DataSourceUtils.doGetConnection(DataSourceUtils.java:115)
	at org.springframework.jdbc.datasource.DataSourceUtils.getConnection(DataSourceUtils.java:78)
	at org.mybatis.spring.transaction.SpringManagedTransaction.openConnection(SpringManagedTransaction.java:82)
	at org.mybatis.spring.transaction.SpringManagedTransaction.getConnection(SpringManagedTransaction.java:68)
	at org.apache.ibatis.executor.BaseExecutor.getConnection(BaseExecutor.java:336)
	at org.apache.ibatis.executor.SimpleExecutor.prepareStatement(SimpleExecutor.java:84)
	at org.apache.ibatis.executor.SimpleExecutor.doQuery(SimpleExecutor.java:62)
	at org.apache.ibatis.executor.BaseExecutor.queryFromDatabase(BaseExecutor.java:324)
	at org.apache.ibatis.executor.BaseExecutor.query(BaseExecutor.java:156)
	at org.apache.ibatis.executor.CachingExecutor.query(CachingExecutor.java:109)
	at com.github.pagehelper.PageInterceptor.intercept(PageInterceptor.java:143)
	at org.apache.ibatis.plugin.Plugin.invoke(Plugin.java:61)
	at com.sun.proxy.$Proxy101.query(Unknown Source)
	at org.apache.ibatis.session.defaults.DefaultSqlSession.selectList(DefaultSqlSession.java:148)
	at org.apache.ibatis.session.defaults.DefaultSqlSession.selectList(DefaultSqlSession.java:141)
	at org.apache.ibatis.session.defaults.DefaultSqlSession.selectOne(DefaultSqlSession.java:77)
	at sun.reflect.NativeMethodAccessorImpl.invoke0(Native Method)
	at sun.reflect.NativeMethodAccessorImpl.invoke(NativeMethodAccessorImpl.java:62)
	at sun.reflect.DelegatingMethodAccessorImpl.invoke(DelegatingMethodAccessorImpl.java:43)
	at java.lang.reflect.Method.invoke(Method.java:498)
	at org.mybatis.spring.SqlSessionTemplate$SqlSessionInterceptor.invoke(SqlSessionTemplate.java:433)
	at com.sun.proxy.$Proxy72.selectOne(Unknown Source)
	at org.mybatis.spring.SqlSessionTemplate.selectOne(SqlSessionTemplate.java:166)
	at org.apache.ibatis.binding.MapperMethod.execute(MapperMethod.java:82)
	at org.apache.ibatis.binding.MapperProxy.invoke(MapperProxy.java:59)
	at com.sun.proxy.$Proxy83.selectOne(Unknown Source)
	at com.imooc.controller.ApiLoginController.register(ApiLoginController.java:72)
	at sun.reflect.NativeMethodAccessorImpl.invoke0(Native Method)
	at sun.reflect.NativeMethodAccessorImpl.invoke(NativeMethodAccessorImpl.java:62)
	at sun.reflect.DelegatingMethodAccessorImpl.invoke(DelegatingMethodAccessorImpl.java:43)
	at java.lang.reflect.Method.invoke(Method.java:498)
	at org.springframework.web.method.support.InvocableHandlerMethod.doInvoke(InvocableHandlerMethod.java:209)
	at org.springframework.web.method.support.InvocableHandlerMethod.invokeForRequest(InvocableHandlerMethod.java:136)
	at org.springframework.web.servlet.mvc.method.annotation.ServletInvocableHandlerMethod.invokeAndHandle(ServletInvocableHandlerMethod.java:102)
	at org.springframework.web.servlet.mvc.method.annotation.RequestMappingHandlerAdapter.invokeHandlerMethod(RequestMappingHandlerAdapter.java:877)
	at org.springframework.web.servlet.mvc.method.annotation.RequestMappingHandlerAdapter.handleInternal(RequestMappingHandlerAdapter.java:783)
	at org.springframework.web.servlet.mvc.method.AbstractHandlerMethodAdapter.handle(AbstractHandlerMethodAdapter.java:87)
	at org.springframework.web.servlet.DispatcherServlet.doDispatch(DispatcherServlet.java:991)
	at org.springframework.web.servlet.DispatcherServlet.doService(DispatcherServlet.java:925)
	at org.springframework.web.servlet.FrameworkServlet.processRequest(FrameworkServlet.java:974)
	at org.springframework.web.servlet.FrameworkServlet.doPost(FrameworkServlet.java:877)
	at javax.servlet.http.HttpServlet.service(HttpServlet.java:661)
	at org.springframework.web.servlet.FrameworkServlet.service(FrameworkServlet.java:851)
	at javax.servlet.http.HttpServlet.service(HttpServlet.java:742)
	at org.apache.catalina.core.ApplicationFilterChain.internalDoFilter(ApplicationFilterChain.java:231)
	at org.apache.catalina.core.ApplicationFilterChain.doFilter(ApplicationFilterChain.java:166)
	at org.apache.tomcat.websocket.server.WsFilter.doFilter(WsFilter.java:52)
	at org.apache.catalina.core.ApplicationFilterChain.internalDoFilter(ApplicationFilterChain.java:193)
	at org.apache.catalina.core.ApplicationFilterChain.doFilter(ApplicationFilterChain.java:166)
	at org.springframework.web.filter.RequestContextFilter.doFilterInternal(RequestContextFilter.java:99)
	at org.springframework.web.filter.OncePerRequestFilter.doFilter(OncePerRequestFilter.java:107)
	at org.apache.catalina.core.ApplicationFilterChain.internalDoFilter(ApplicationFilterChain.java:193)
	at org.apache.catalina.core.ApplicationFilterChain.doFilter(ApplicationFilterChain.java:166)
	at org.springframework.web.filter.HttpPutFormContentFilter.doFilterInternal(HttpPutFormContentFilter.java:109)
	at org.springframework.web.filter.OncePerRequestFilter.doFilter(OncePerRequestFilter.java:107)
	at org.apache.catalina.core.ApplicationFilterChain.internalDoFilter(ApplicationFilterChain.java:193)
	at org.apache.catalina.core.ApplicationFilterChain.doFilter(ApplicationFilterChain.java:166)
	at org.springframework.web.filter.HiddenHttpMethodFilter.doFilterInternal(HiddenHttpMethodFilter.java:93)
	at org.springframework.web.filter.OncePerRequestFilter.doFilter(OncePerRequestFilter.java:107)
	at org.apache.catalina.core.ApplicationFilterChain.internalDoFilter(ApplicationFilterChain.java:193)
	at org.apache.catalina.core.ApplicationFilterChain.doFilter(ApplicationFilterChain.java:166)
	at org.springframework.web.filter.CharacterEncodingFilter.doFilterInternal(CharacterEncodingFilter.java:200)
	at org.springframework.web.filter.OncePerRequestFilter.doFilter(OncePerRequestFilter.java:107)
	at org.apache.catalina.core.ApplicationFilterChain.internalDoFilter(ApplicationFilterChain.java:193)
	at org.apache.catalina.core.ApplicationFilterChain.doFilter(ApplicationFilterChain.java:166)
	at org.apache.catalina.core.StandardWrapperValve.invoke(StandardWrapperValve.java:198)
	at org.apache.catalina.core.StandardContextValve.invoke(StandardContextValve.java:96)
	at org.apache.catalina.authenticator.AuthenticatorBase.invoke(AuthenticatorBase.java:496)
	at org.apache.catalina.core.StandardHostValve.invoke(StandardHostValve.java:140)
	at org.apache.catalina.valves.ErrorReportValve.invoke(ErrorReportValve.java:81)
	at org.apache.catalina.core.StandardEngineValve.invoke(StandardEngineValve.java:87)
	at org.apache.catalina.connector.CoyoteAdapter.service(CoyoteAdapter.java:342)
	at org.apache.coyote.http11.Http11Processor.service(Http11Processor.java:803)
	at org.apache.coyote.AbstractProcessorLight.process(AbstractProcessorLight.java:66)
	at org.apache.coyote.AbstractProtocol$ConnectionHandler.process(AbstractProtocol.java:790)
	at org.apache.tomcat.util.net.NioEndpoint$SocketProcessor.doRun(NioEndpoint.java:1468)
	at org.apache.tomcat.util.net.SocketProcessorBase.run(SocketProcessorBase.java:49)
	at java.util.concurrent.ThreadPoolExecutor.runWorker(ThreadPoolExecutor.java:1149)
	at java.util.concurrent.ThreadPoolExecutor$Worker.run(ThreadPoolExecutor.java:624)
	at org.apache.tomcat.util.threads.TaskThread$WrappingRunnable.run(TaskThread.java:61)
	at java.lang.Thread.run(Thread.java:748)
2020-03-31 23:13:22.484 [ main ] - [ INFO  ] [com.imooc.Application : 50 ] - Starting Application on LAPTOP-I2LEPVP6 with PID 26748 (started by Yang in C:\Users\Yang\Desktop\coding-261-master\coding-261)
2020-03-31 23:13:22.489 [ main ] - [ INFO  ] [com.imooc.Application : 659 ] - No active profile set, falling back to default profiles: default
2020-03-31 23:13:24.226 [ main ] - [ INFO  ] [org.apache.coyote.http11.Http11NioProtocol : 180 ] - Initializing ProtocolHandler ["http-nio-8089"]
2020-03-31 23:13:24.235 [ main ] - [ INFO  ] [org.apache.catalina.core.StandardService : 180 ] - Starting service [Tomcat]
2020-03-31 23:13:24.235 [ main ] - [ INFO  ] [org.apache.catalina.core.StandardEngine : 180 ] - Starting Servlet Engine: Apache Tomcat/8.5.31
2020-03-31 23:13:24.238 [ localhost-startStop-1 ] - [ INFO  ] [org.apache.catalina.core.AprLifecycleListener : 180 ] - The APR based Apache Tomcat Native library which allows optimal performance in production environments was not found on the java.library.path: [C:\Program Files\Java\jdk1.8.0_231\bin;C:\WINDOWS\Sun\Java\bin;C:\WINDOWS\system32;C:\WINDOWS;C:\Program Files (x86)\Intel\Intel(R) Management Engine Components\iCLS\;C:\Program Files\Intel\Intel(R) Management Engine Components\iCLS\;C:\windows\system32;C:\windows;C:\windows\System32\Wbem;C:\windows\System32\WindowsPowerShell\v1.0\;C:\windows\System32\OpenSSH\;C:\Program Files (x86)\Intel\Intel(R) Management Engine Components\DAL;C:\Program Files\Intel\Intel(R) Management Engine Components\DAL;C:\Program Files (x86)\Intel\Intel(R) Management Engine Components\IPT;C:\Program Files\Intel\Intel(R) Management Engine Components\IPT;C:\Program Files (x86)\NVIDIA Corporation\PhysX\Common;C:\Program Files\NVIDIA Corporation\NVIDIA NvDLISR;JAVA_HOME%\bin;JAVA_HOME%\jre\bin;C:\WINDOWS\system32;C:\WINDOWS;C:\WINDOWS\System32\Wbem;C:\WINDOWS\System32\WindowsPowerShell\v1.0\;C:\WINDOWS\System32\OpenSSH\;D:\Git\cmd;D:\New Folder\bin;C:\Program Files\MySQL\MySQL Utilities 1.6\;C:\Users\Yang\AppData\Local\Microsoft\WindowsApps;;D:\Microsoft VS Code\bin;.]
2020-03-31 23:13:24.361 [ localhost-startStop-1 ] - [ INFO  ] [o.a.c.core.ContainerBase.[Tomcat].[localhost].[/] : 180 ] - Initializing Spring embedded WebApplicationContext
2020-03-31 23:13:25.972 [ main ] - [ INFO  ] [com.zaxxer.hikari.HikariDataSource : 110 ] - DatebookHikariCP - Starting...
2020-03-31 23:13:26.730 [ main ] - [ INFO  ] [com.zaxxer.hikari.HikariDataSource : 123 ] - DatebookHikariCP - Start completed.
2020-03-31 23:13:27.224 [ main ] - [ INFO  ] [org.apache.coyote.http11.Http11NioProtocol : 180 ] - Starting ProtocolHandler ["http-nio-8089"]
2020-03-31 23:13:27.226 [ main ] - [ INFO  ] [org.apache.tomcat.util.net.NioSelectorPool : 180 ] - Using a shared selector for servlet write/read
2020-03-31 23:13:27.252 [ main ] - [ INFO  ] [com.imooc.Application : 59 ] - Started Application in 5.195 seconds (JVM running for 6.297)
2020-03-31 23:13:29.475 [ http-nio-8089-exec-1 ] - [ INFO  ] [o.a.c.core.ContainerBase.[Tomcat].[localhost].[/] : 180 ] - Initializing Spring FrameworkServlet 'dispatcherServlet'
2020-03-31 23:13:29.702 [ http-nio-8089-exec-1 ] - [ ERROR ] [o.a.c.c.C.[.[localhost].[/].[dispatcherServlet] : 182 ] - Servlet.service() for servlet [dispatcherServlet] in context with path [] threw exception [Request processing failed; nested exception is org.springframework.dao.DuplicateKeyException: 
### Error updating database.  Cause: com.mysql.jdbc.exceptions.jdbc4.MySQLIntegrityConstraintViolationException: Duplicate entry '200331HF0P9W0FA8' for key 'PRIMARY'
### The error may involve com.imooc.mapper.UsersMapper.insert-Inline
### The error occurred while setting parameters
### SQL: INSERT INTO users  ( id,phone,password,face_image,face_image_big,nickname,qrcode,cid ) VALUES( ?,?,?,?,?,?,?,? )
### Cause: com.mysql.jdbc.exceptions.jdbc4.MySQLIntegrityConstraintViolationException: Duplicate entry '200331HF0P9W0FA8' for key 'PRIMARY'
; ]; Duplicate entry '200331HF0P9W0FA8' for key 'PRIMARY'; nested exception is com.mysql.jdbc.exceptions.jdbc4.MySQLIntegrityConstraintViolationException: Duplicate entry '200331HF0P9W0FA8' for key 'PRIMARY'] with root cause
com.mysql.jdbc.exceptions.jdbc4.MySQLIntegrityConstraintViolationException: Duplicate entry '200331HF0P9W0FA8' for key 'PRIMARY'
	at sun.reflect.NativeConstructorAccessorImpl.newInstance0(Native Method)
	at sun.reflect.NativeConstructorAccessorImpl.newInstance(NativeConstructorAccessorImpl.java:62)
	at sun.reflect.DelegatingConstructorAccessorImpl.newInstance(DelegatingConstructorAccessorImpl.java:45)
	at java.lang.reflect.Constructor.newInstance(Constructor.java:423)
	at com.mysql.jdbc.Util.handleNewInstance(Util.java:425)
	at com.mysql.jdbc.Util.getInstance(Util.java:408)
	at com.mysql.jdbc.SQLError.createSQLException(SQLError.java:935)
	at com.mysql.jdbc.MysqlIO.checkErrorPacket(MysqlIO.java:3973)
	at com.mysql.jdbc.MysqlIO.checkErrorPacket(MysqlIO.java:3909)
	at com.mysql.jdbc.MysqlIO.sendCommand(MysqlIO.java:2527)
	at com.mysql.jdbc.MysqlIO.sqlQueryDirect(MysqlIO.java:2680)
	at com.mysql.jdbc.ConnectionImpl.execSQL(ConnectionImpl.java:2501)
	at com.mysql.jdbc.PreparedStatement.executeInternal(PreparedStatement.java:1858)
	at com.mysql.jdbc.PreparedStatement.execute(PreparedStatement.java:1197)
	at com.zaxxer.hikari.pool.ProxyPreparedStatement.execute(ProxyPreparedStatement.java:44)
	at com.zaxxer.hikari.pool.HikariProxyPreparedStatement.execute(HikariProxyPreparedStatement.java)
	at org.apache.ibatis.executor.statement.PreparedStatementHandler.update(PreparedStatementHandler.java:46)
	at org.apache.ibatis.executor.statement.RoutingStatementHandler.update(RoutingStatementHandler.java:74)
	at org.apache.ibatis.executor.SimpleExecutor.doUpdate(SimpleExecutor.java:50)
	at org.apache.ibatis.executor.BaseExecutor.update(BaseExecutor.java:117)
	at org.apache.ibatis.executor.CachingExecutor.update(CachingExecutor.java:76)
	at sun.reflect.NativeMethodAccessorImpl.invoke0(Native Method)
	at sun.reflect.NativeMethodAccessorImpl.invoke(NativeMethodAccessorImpl.java:62)
	at sun.reflect.DelegatingMethodAccessorImpl.invoke(DelegatingMethodAccessorImpl.java:43)
	at java.lang.reflect.Method.invoke(Method.java:498)
	at org.apache.ibatis.plugin.Plugin.invoke(Plugin.java:63)
	at com.sun.proxy.$Proxy101.update(Unknown Source)
	at org.apache.ibatis.session.defaults.DefaultSqlSession.update(DefaultSqlSession.java:198)
	at org.apache.ibatis.session.defaults.DefaultSqlSession.insert(DefaultSqlSession.java:185)
	at sun.reflect.NativeMethodAccessorImpl.invoke0(Native Method)
	at sun.reflect.NativeMethodAccessorImpl.invoke(NativeMethodAccessorImpl.java:62)
	at sun.reflect.DelegatingMethodAccessorImpl.invoke(DelegatingMethodAccessorImpl.java:43)
	at java.lang.reflect.Method.invoke(Method.java:498)
	at org.mybatis.spring.SqlSessionTemplate$SqlSessionInterceptor.invoke(SqlSessionTemplate.java:433)
	at com.sun.proxy.$Proxy72.insert(Unknown Source)
	at org.mybatis.spring.SqlSessionTemplate.insert(SqlSessionTemplate.java:278)
	at org.apache.ibatis.binding.MapperMethod.execute(MapperMethod.java:57)
	at org.apache.ibatis.binding.MapperProxy.invoke(MapperProxy.java:59)
	at com.sun.proxy.$Proxy83.insert(Unknown Source)
	at com.imooc.service.impl.SmsServiceImpl.register(SmsServiceImpl.java:110)
	at com.imooc.controller.ApiLoginController.register(ApiLoginController.java:76)
	at sun.reflect.NativeMethodAccessorImpl.invoke0(Native Method)
	at sun.reflect.NativeMethodAccessorImpl.invoke(NativeMethodAccessorImpl.java:62)
	at sun.reflect.DelegatingMethodAccessorImpl.invoke(DelegatingMethodAccessorImpl.java:43)
	at java.lang.reflect.Method.invoke(Method.java:498)
	at org.springframework.web.method.support.InvocableHandlerMethod.doInvoke(InvocableHandlerMethod.java:209)
	at org.springframework.web.method.support.InvocableHandlerMethod.invokeForRequest(InvocableHandlerMethod.java:136)
	at org.springframework.web.servlet.mvc.method.annotation.ServletInvocableHandlerMethod.invokeAndHandle(ServletInvocableHandlerMethod.java:102)
	at org.springframework.web.servlet.mvc.method.annotation.RequestMappingHandlerAdapter.invokeHandlerMethod(RequestMappingHandlerAdapter.java:877)
	at org.springframework.web.servlet.mvc.method.annotation.RequestMappingHandlerAdapter.handleInternal(RequestMappingHandlerAdapter.java:783)
	at org.springframework.web.servlet.mvc.method.AbstractHandlerMethodAdapter.handle(AbstractHandlerMethodAdapter.java:87)
	at org.springframework.web.servlet.DispatcherServlet.doDispatch(DispatcherServlet.java:991)
	at org.springframework.web.servlet.DispatcherServlet.doService(DispatcherServlet.java:925)
	at org.springframework.web.servlet.FrameworkServlet.processRequest(FrameworkServlet.java:974)
	at org.springframework.web.servlet.FrameworkServlet.doPost(FrameworkServlet.java:877)
	at javax.servlet.http.HttpServlet.service(HttpServlet.java:661)
	at org.springframework.web.servlet.FrameworkServlet.service(FrameworkServlet.java:851)
	at javax.servlet.http.HttpServlet.service(HttpServlet.java:742)
	at org.apache.catalina.core.ApplicationFilterChain.internalDoFilter(ApplicationFilterChain.java:231)
	at org.apache.catalina.core.ApplicationFilterChain.doFilter(ApplicationFilterChain.java:166)
	at org.apache.tomcat.websocket.server.WsFilter.doFilter(WsFilter.java:52)
	at org.apache.catalina.core.ApplicationFilterChain.internalDoFilter(ApplicationFilterChain.java:193)
	at org.apache.catalina.core.ApplicationFilterChain.doFilter(ApplicationFilterChain.java:166)
	at org.springframework.web.filter.RequestContextFilter.doFilterInternal(RequestContextFilter.java:99)
	at org.springframework.web.filter.OncePerRequestFilter.doFilter(OncePerRequestFilter.java:107)
	at org.apache.catalina.core.ApplicationFilterChain.internalDoFilter(ApplicationFilterChain.java:193)
	at org.apache.catalina.core.ApplicationFilterChain.doFilter(ApplicationFilterChain.java:166)
	at org.springframework.web.filter.HttpPutFormContentFilter.doFilterInternal(HttpPutFormContentFilter.java:109)
	at org.springframework.web.filter.OncePerRequestFilter.doFilter(OncePerRequestFilter.java:107)
	at org.apache.catalina.core.ApplicationFilterChain.internalDoFilter(ApplicationFilterChain.java:193)
	at org.apache.catalina.core.ApplicationFilterChain.doFilter(ApplicationFilterChain.java:166)
	at org.springframework.web.filter.HiddenHttpMethodFilter.doFilterInternal(HiddenHttpMethodFilter.java:93)
	at org.springframework.web.filter.OncePerRequestFilter.doFilter(OncePerRequestFilter.java:107)
	at org.apache.catalina.core.ApplicationFilterChain.internalDoFilter(ApplicationFilterChain.java:193)
	at org.apache.catalina.core.ApplicationFilterChain.doFilter(ApplicationFilterChain.java:166)
	at org.springframework.web.filter.CharacterEncodingFilter.doFilterInternal(CharacterEncodingFilter.java:200)
	at org.springframework.web.filter.OncePerRequestFilter.doFilter(OncePerRequestFilter.java:107)
	at org.apache.catalina.core.ApplicationFilterChain.internalDoFilter(ApplicationFilterChain.java:193)
	at org.apache.catalina.core.ApplicationFilterChain.doFilter(ApplicationFilterChain.java:166)
	at org.apache.catalina.core.StandardWrapperValve.invoke(StandardWrapperValve.java:198)
	at org.apache.catalina.core.StandardContextValve.invoke(StandardContextValve.java:96)
	at org.apache.catalina.authenticator.AuthenticatorBase.invoke(AuthenticatorBase.java:496)
	at org.apache.catalina.core.StandardHostValve.invoke(StandardHostValve.java:140)
	at org.apache.catalina.valves.ErrorReportValve.invoke(ErrorReportValve.java:81)
	at org.apache.catalina.core.StandardEngineValve.invoke(StandardEngineValve.java:87)
	at org.apache.catalina.connector.CoyoteAdapter.service(CoyoteAdapter.java:342)
	at org.apache.coyote.http11.Http11Processor.service(Http11Processor.java:803)
	at org.apache.coyote.AbstractProcessorLight.process(AbstractProcessorLight.java:66)
	at org.apache.coyote.AbstractProtocol$ConnectionHandler.process(AbstractProtocol.java:790)
	at org.apache.tomcat.util.net.NioEndpoint$SocketProcessor.doRun(NioEndpoint.java:1468)
	at org.apache.tomcat.util.net.SocketProcessorBase.run(SocketProcessorBase.java:49)
	at java.util.concurrent.ThreadPoolExecutor.runWorker(ThreadPoolExecutor.java:1149)
	at java.util.concurrent.ThreadPoolExecutor$Worker.run(ThreadPoolExecutor.java:624)
	at org.apache.tomcat.util.threads.TaskThread$WrappingRunnable.run(TaskThread.java:61)
	at java.lang.Thread.run(Thread.java:748)
2020-03-31 23:18:50.673 [ main ] - [ INFO  ] [com.imooc.Application : 50 ] - Starting Application on LAPTOP-I2LEPVP6 with PID 15184 (started by Yang in C:\Users\Yang\Desktop\coding-261-master\coding-261)
2020-03-31 23:18:50.677 [ main ] - [ INFO  ] [com.imooc.Application : 659 ] - No active profile set, falling back to default profiles: default
2020-03-31 23:18:52.045 [ main ] - [ INFO  ] [org.apache.coyote.http11.Http11NioProtocol : 180 ] - Initializing ProtocolHandler ["http-nio-8089"]
2020-03-31 23:18:52.056 [ main ] - [ INFO  ] [org.apache.catalina.core.StandardService : 180 ] - Starting service [Tomcat]
2020-03-31 23:18:52.056 [ main ] - [ INFO  ] [org.apache.catalina.core.StandardEngine : 180 ] - Starting Servlet Engine: Apache Tomcat/8.5.31
2020-03-31 23:18:52.059 [ localhost-startStop-1 ] - [ INFO  ] [org.apache.catalina.core.AprLifecycleListener : 180 ] - The APR based Apache Tomcat Native library which allows optimal performance in production environments was not found on the java.library.path: [C:\Program Files\Java\jdk1.8.0_231\bin;C:\WINDOWS\Sun\Java\bin;C:\WINDOWS\system32;C:\WINDOWS;C:\Program Files (x86)\Intel\Intel(R) Management Engine Components\iCLS\;C:\Program Files\Intel\Intel(R) Management Engine Components\iCLS\;C:\windows\system32;C:\windows;C:\windows\System32\Wbem;C:\windows\System32\WindowsPowerShell\v1.0\;C:\windows\System32\OpenSSH\;C:\Program Files (x86)\Intel\Intel(R) Management Engine Components\DAL;C:\Program Files\Intel\Intel(R) Management Engine Components\DAL;C:\Program Files (x86)\Intel\Intel(R) Management Engine Components\IPT;C:\Program Files\Intel\Intel(R) Management Engine Components\IPT;C:\Program Files (x86)\NVIDIA Corporation\PhysX\Common;C:\Program Files\NVIDIA Corporation\NVIDIA NvDLISR;JAVA_HOME%\bin;JAVA_HOME%\jre\bin;C:\WINDOWS\system32;C:\WINDOWS;C:\WINDOWS\System32\Wbem;C:\WINDOWS\System32\WindowsPowerShell\v1.0\;C:\WINDOWS\System32\OpenSSH\;D:\Git\cmd;D:\New Folder\bin;C:\Program Files\MySQL\MySQL Utilities 1.6\;C:\Users\Yang\AppData\Local\Microsoft\WindowsApps;;D:\Microsoft VS Code\bin;.]
2020-03-31 23:18:52.190 [ localhost-startStop-1 ] - [ INFO  ] [o.a.c.core.ContainerBase.[Tomcat].[localhost].[/] : 180 ] - Initializing Spring embedded WebApplicationContext
2020-03-31 23:18:53.808 [ main ] - [ INFO  ] [com.zaxxer.hikari.HikariDataSource : 110 ] - DatebookHikariCP - Starting...
2020-03-31 23:18:54.477 [ main ] - [ INFO  ] [com.zaxxer.hikari.HikariDataSource : 123 ] - DatebookHikariCP - Start completed.
2020-03-31 23:18:54.904 [ main ] - [ INFO  ] [org.apache.coyote.http11.Http11NioProtocol : 180 ] - Starting ProtocolHandler ["http-nio-8089"]
2020-03-31 23:18:54.905 [ main ] - [ INFO  ] [org.apache.tomcat.util.net.NioSelectorPool : 180 ] - Using a shared selector for servlet write/read
2020-03-31 23:18:54.918 [ main ] - [ INFO  ] [com.imooc.Application : 59 ] - Started Application in 4.663 seconds (JVM running for 5.909)
2020-03-31 23:19:26.185 [ http-nio-8089-exec-1 ] - [ INFO  ] [o.a.c.core.ContainerBase.[Tomcat].[localhost].[/] : 180 ] - Initializing Spring FrameworkServlet 'dispatcherServlet'
2020-03-31 23:19:26.376 [ http-nio-8089-exec-1 ] - [ ERROR ] [o.a.c.c.C.[.[localhost].[/].[dispatcherServlet] : 182 ] - Servlet.service() for servlet [dispatcherServlet] in context with path [] threw exception [Request processing failed; nested exception is org.springframework.dao.DuplicateKeyException: 
### Error updating database.  Cause: com.mysql.jdbc.exceptions.jdbc4.MySQLIntegrityConstraintViolationException: Duplicate entry '200331HF0P9W0FA8' for key 'PRIMARY'
### The error may involve com.imooc.mapper.UsersMapper.insert-Inline
### The error occurred while setting parameters
### SQL: INSERT INTO users  ( id,phone,password,face_image,face_image_big,nickname,qrcode,cid ) VALUES( ?,?,?,?,?,?,?,? )
### Cause: com.mysql.jdbc.exceptions.jdbc4.MySQLIntegrityConstraintViolationException: Duplicate entry '200331HF0P9W0FA8' for key 'PRIMARY'
; ]; Duplicate entry '200331HF0P9W0FA8' for key 'PRIMARY'; nested exception is com.mysql.jdbc.exceptions.jdbc4.MySQLIntegrityConstraintViolationException: Duplicate entry '200331HF0P9W0FA8' for key 'PRIMARY'] with root cause
com.mysql.jdbc.exceptions.jdbc4.MySQLIntegrityConstraintViolationException: Duplicate entry '200331HF0P9W0FA8' for key 'PRIMARY'
	at sun.reflect.NativeConstructorAccessorImpl.newInstance0(Native Method)
	at sun.reflect.NativeConstructorAccessorImpl.newInstance(NativeConstructorAccessorImpl.java:62)
	at sun.reflect.DelegatingConstructorAccessorImpl.newInstance(DelegatingConstructorAccessorImpl.java:45)
	at java.lang.reflect.Constructor.newInstance(Constructor.java:423)
	at com.mysql.jdbc.Util.handleNewInstance(Util.java:425)
	at com.mysql.jdbc.Util.getInstance(Util.java:408)
	at com.mysql.jdbc.SQLError.createSQLException(SQLError.java:935)
	at com.mysql.jdbc.MysqlIO.checkErrorPacket(MysqlIO.java:3973)
	at com.mysql.jdbc.MysqlIO.checkErrorPacket(MysqlIO.java:3909)
	at com.mysql.jdbc.MysqlIO.sendCommand(MysqlIO.java:2527)
	at com.mysql.jdbc.MysqlIO.sqlQueryDirect(MysqlIO.java:2680)
	at com.mysql.jdbc.ConnectionImpl.execSQL(ConnectionImpl.java:2501)
	at com.mysql.jdbc.PreparedStatement.executeInternal(PreparedStatement.java:1858)
	at com.mysql.jdbc.PreparedStatement.execute(PreparedStatement.java:1197)
	at com.zaxxer.hikari.pool.ProxyPreparedStatement.execute(ProxyPreparedStatement.java:44)
	at com.zaxxer.hikari.pool.HikariProxyPreparedStatement.execute(HikariProxyPreparedStatement.java)
	at org.apache.ibatis.executor.statement.PreparedStatementHandler.update(PreparedStatementHandler.java:46)
	at org.apache.ibatis.executor.statement.RoutingStatementHandler.update(RoutingStatementHandler.java:74)
	at org.apache.ibatis.executor.SimpleExecutor.doUpdate(SimpleExecutor.java:50)
	at org.apache.ibatis.executor.BaseExecutor.update(BaseExecutor.java:117)
	at org.apache.ibatis.executor.CachingExecutor.update(CachingExecutor.java:76)
	at sun.reflect.NativeMethodAccessorImpl.invoke0(Native Method)
	at sun.reflect.NativeMethodAccessorImpl.invoke(NativeMethodAccessorImpl.java:62)
	at sun.reflect.DelegatingMethodAccessorImpl.invoke(DelegatingMethodAccessorImpl.java:43)
	at java.lang.reflect.Method.invoke(Method.java:498)
	at org.apache.ibatis.plugin.Plugin.invoke(Plugin.java:63)
	at com.sun.proxy.$Proxy101.update(Unknown Source)
	at org.apache.ibatis.session.defaults.DefaultSqlSession.update(DefaultSqlSession.java:198)
	at org.apache.ibatis.session.defaults.DefaultSqlSession.insert(DefaultSqlSession.java:185)
	at sun.reflect.NativeMethodAccessorImpl.invoke0(Native Method)
	at sun.reflect.NativeMethodAccessorImpl.invoke(NativeMethodAccessorImpl.java:62)
	at sun.reflect.DelegatingMethodAccessorImpl.invoke(DelegatingMethodAccessorImpl.java:43)
	at java.lang.reflect.Method.invoke(Method.java:498)
	at org.mybatis.spring.SqlSessionTemplate$SqlSessionInterceptor.invoke(SqlSessionTemplate.java:433)
	at com.sun.proxy.$Proxy72.insert(Unknown Source)
	at org.mybatis.spring.SqlSessionTemplate.insert(SqlSessionTemplate.java:278)
	at org.apache.ibatis.binding.MapperMethod.execute(MapperMethod.java:57)
	at org.apache.ibatis.binding.MapperProxy.invoke(MapperProxy.java:59)
	at com.sun.proxy.$Proxy83.insert(Unknown Source)
	at com.imooc.service.impl.SmsServiceImpl.register(SmsServiceImpl.java:111)
	at com.imooc.controller.ApiLoginController.register(ApiLoginController.java:74)
	at sun.reflect.NativeMethodAccessorImpl.invoke0(Native Method)
	at sun.reflect.NativeMethodAccessorImpl.invoke(NativeMethodAccessorImpl.java:62)
	at sun.reflect.DelegatingMethodAccessorImpl.invoke(DelegatingMethodAccessorImpl.java:43)
	at java.lang.reflect.Method.invoke(Method.java:498)
	at org.springframework.web.method.support.InvocableHandlerMethod.doInvoke(InvocableHandlerMethod.java:209)
	at org.springframework.web.method.support.InvocableHandlerMethod.invokeForRequest(InvocableHandlerMethod.java:136)
	at org.springframework.web.servlet.mvc.method.annotation.ServletInvocableHandlerMethod.invokeAndHandle(ServletInvocableHandlerMethod.java:102)
	at org.springframework.web.servlet.mvc.method.annotation.RequestMappingHandlerAdapter.invokeHandlerMethod(RequestMappingHandlerAdapter.java:877)
	at org.springframework.web.servlet.mvc.method.annotation.RequestMappingHandlerAdapter.handleInternal(RequestMappingHandlerAdapter.java:783)
	at org.springframework.web.servlet.mvc.method.AbstractHandlerMethodAdapter.handle(AbstractHandlerMethodAdapter.java:87)
	at org.springframework.web.servlet.DispatcherServlet.doDispatch(DispatcherServlet.java:991)
	at org.springframework.web.servlet.DispatcherServlet.doService(DispatcherServlet.java:925)
	at org.springframework.web.servlet.FrameworkServlet.processRequest(FrameworkServlet.java:974)
	at org.springframework.web.servlet.FrameworkServlet.doPost(FrameworkServlet.java:877)
	at javax.servlet.http.HttpServlet.service(HttpServlet.java:661)
	at org.springframework.web.servlet.FrameworkServlet.service(FrameworkServlet.java:851)
	at javax.servlet.http.HttpServlet.service(HttpServlet.java:742)
	at org.apache.catalina.core.ApplicationFilterChain.internalDoFilter(ApplicationFilterChain.java:231)
	at org.apache.catalina.core.ApplicationFilterChain.doFilter(ApplicationFilterChain.java:166)
	at org.apache.tomcat.websocket.server.WsFilter.doFilter(WsFilter.java:52)
	at org.apache.catalina.core.ApplicationFilterChain.internalDoFilter(ApplicationFilterChain.java:193)
	at org.apache.catalina.core.ApplicationFilterChain.doFilter(ApplicationFilterChain.java:166)
	at org.springframework.web.filter.RequestContextFilter.doFilterInternal(RequestContextFilter.java:99)
	at org.springframework.web.filter.OncePerRequestFilter.doFilter(OncePerRequestFilter.java:107)
	at org.apache.catalina.core.ApplicationFilterChain.internalDoFilter(ApplicationFilterChain.java:193)
	at org.apache.catalina.core.ApplicationFilterChain.doFilter(ApplicationFilterChain.java:166)
	at org.springframework.web.filter.HttpPutFormContentFilter.doFilterInternal(HttpPutFormContentFilter.java:109)
	at org.springframework.web.filter.OncePerRequestFilter.doFilter(OncePerRequestFilter.java:107)
	at org.apache.catalina.core.ApplicationFilterChain.internalDoFilter(ApplicationFilterChain.java:193)
	at org.apache.catalina.core.ApplicationFilterChain.doFilter(ApplicationFilterChain.java:166)
	at org.springframework.web.filter.HiddenHttpMethodFilter.doFilterInternal(HiddenHttpMethodFilter.java:93)
	at org.springframework.web.filter.OncePerRequestFilter.doFilter(OncePerRequestFilter.java:107)
	at org.apache.catalina.core.ApplicationFilterChain.internalDoFilter(ApplicationFilterChain.java:193)
	at org.apache.catalina.core.ApplicationFilterChain.doFilter(ApplicationFilterChain.java:166)
	at org.springframework.web.filter.CharacterEncodingFilter.doFilterInternal(CharacterEncodingFilter.java:200)
	at org.springframework.web.filter.OncePerRequestFilter.doFilter(OncePerRequestFilter.java:107)
	at org.apache.catalina.core.ApplicationFilterChain.internalDoFilter(ApplicationFilterChain.java:193)
	at org.apache.catalina.core.ApplicationFilterChain.doFilter(ApplicationFilterChain.java:166)
	at org.apache.catalina.core.StandardWrapperValve.invoke(StandardWrapperValve.java:198)
	at org.apache.catalina.core.StandardContextValve.invoke(StandardContextValve.java:96)
	at org.apache.catalina.authenticator.AuthenticatorBase.invoke(AuthenticatorBase.java:496)
	at org.apache.catalina.core.StandardHostValve.invoke(StandardHostValve.java:140)
	at org.apache.catalina.valves.ErrorReportValve.invoke(ErrorReportValve.java:81)
	at org.apache.catalina.core.StandardEngineValve.invoke(StandardEngineValve.java:87)
	at org.apache.catalina.connector.CoyoteAdapter.service(CoyoteAdapter.java:342)
	at org.apache.coyote.http11.Http11Processor.service(Http11Processor.java:803)
	at org.apache.coyote.AbstractProcessorLight.process(AbstractProcessorLight.java:66)
	at org.apache.coyote.AbstractProtocol$ConnectionHandler.process(AbstractProtocol.java:790)
	at org.apache.tomcat.util.net.NioEndpoint$SocketProcessor.doRun(NioEndpoint.java:1468)
	at org.apache.tomcat.util.net.SocketProcessorBase.run(SocketProcessorBase.java:49)
	at java.util.concurrent.ThreadPoolExecutor.runWorker(ThreadPoolExecutor.java:1149)
	at java.util.concurrent.ThreadPoolExecutor$Worker.run(ThreadPoolExecutor.java:624)
	at org.apache.tomcat.util.threads.TaskThread$WrappingRunnable.run(TaskThread.java:61)
	at java.lang.Thread.run(Thread.java:748)
2020-03-31 23:20:50.154 [ main ] - [ INFO  ] [com.imooc.Application : 50 ] - Starting Application on LAPTOP-I2LEPVP6 with PID 25800 (started by Yang in C:\Users\Yang\Desktop\coding-261-master\coding-261)
2020-03-31 23:20:50.159 [ main ] - [ INFO  ] [com.imooc.Application : 659 ] - No active profile set, falling back to default profiles: default
2020-03-31 23:20:51.397 [ main ] - [ INFO  ] [org.apache.coyote.http11.Http11NioProtocol : 180 ] - Initializing ProtocolHandler ["http-nio-8089"]
2020-03-31 23:20:51.405 [ main ] - [ INFO  ] [org.apache.catalina.core.StandardService : 180 ] - Starting service [Tomcat]
2020-03-31 23:20:51.405 [ main ] - [ INFO  ] [org.apache.catalina.core.StandardEngine : 180 ] - Starting Servlet Engine: Apache Tomcat/8.5.31
2020-03-31 23:20:51.408 [ localhost-startStop-1 ] - [ INFO  ] [org.apache.catalina.core.AprLifecycleListener : 180 ] - The APR based Apache Tomcat Native library which allows optimal performance in production environments was not found on the java.library.path: [C:\Program Files\Java\jdk1.8.0_231\bin;C:\WINDOWS\Sun\Java\bin;C:\WINDOWS\system32;C:\WINDOWS;C:\Program Files (x86)\Intel\Intel(R) Management Engine Components\iCLS\;C:\Program Files\Intel\Intel(R) Management Engine Components\iCLS\;C:\windows\system32;C:\windows;C:\windows\System32\Wbem;C:\windows\System32\WindowsPowerShell\v1.0\;C:\windows\System32\OpenSSH\;C:\Program Files (x86)\Intel\Intel(R) Management Engine Components\DAL;C:\Program Files\Intel\Intel(R) Management Engine Components\DAL;C:\Program Files (x86)\Intel\Intel(R) Management Engine Components\IPT;C:\Program Files\Intel\Intel(R) Management Engine Components\IPT;C:\Program Files (x86)\NVIDIA Corporation\PhysX\Common;C:\Program Files\NVIDIA Corporation\NVIDIA NvDLISR;JAVA_HOME%\bin;JAVA_HOME%\jre\bin;C:\WINDOWS\system32;C:\WINDOWS;C:\WINDOWS\System32\Wbem;C:\WINDOWS\System32\WindowsPowerShell\v1.0\;C:\WINDOWS\System32\OpenSSH\;D:\Git\cmd;D:\New Folder\bin;C:\Program Files\MySQL\MySQL Utilities 1.6\;C:\Users\Yang\AppData\Local\Microsoft\WindowsApps;;D:\Microsoft VS Code\bin;.]
2020-03-31 23:20:51.530 [ localhost-startStop-1 ] - [ INFO  ] [o.a.c.core.ContainerBase.[Tomcat].[localhost].[/] : 180 ] - Initializing Spring embedded WebApplicationContext
2020-03-31 23:20:53.131 [ main ] - [ INFO  ] [com.zaxxer.hikari.HikariDataSource : 110 ] - DatebookHikariCP - Starting...
2020-03-31 23:20:53.942 [ main ] - [ INFO  ] [com.zaxxer.hikari.HikariDataSource : 123 ] - DatebookHikariCP - Start completed.
2020-03-31 23:20:54.459 [ main ] - [ INFO  ] [org.apache.coyote.http11.Http11NioProtocol : 180 ] - Starting ProtocolHandler ["http-nio-8089"]
2020-03-31 23:20:54.460 [ main ] - [ INFO  ] [org.apache.tomcat.util.net.NioSelectorPool : 180 ] - Using a shared selector for servlet write/read
2020-03-31 23:20:54.475 [ main ] - [ INFO  ] [com.imooc.Application : 59 ] - Started Application in 4.693 seconds (JVM running for 5.913)
2020-03-31 23:20:58.002 [ http-nio-8089-exec-1 ] - [ INFO  ] [o.a.c.core.ContainerBase.[Tomcat].[localhost].[/] : 180 ] - Initializing Spring FrameworkServlet 'dispatcherServlet'
2020-03-31 23:24:18.565 [ main ] - [ INFO  ] [com.imooc.Application : 50 ] - Starting Application on LAPTOP-I2LEPVP6 with PID 30228 (started by Yang in C:\Users\Yang\Desktop\coding-261-master\coding-261)
2020-03-31 23:24:18.570 [ main ] - [ INFO  ] [com.imooc.Application : 659 ] - No active profile set, falling back to default profiles: default
2020-03-31 23:24:20.472 [ main ] - [ INFO  ] [org.apache.coyote.http11.Http11NioProtocol : 180 ] - Initializing ProtocolHandler ["http-nio-8089"]
2020-03-31 23:24:20.487 [ main ] - [ INFO  ] [org.apache.catalina.core.StandardService : 180 ] - Starting service [Tomcat]
2020-03-31 23:24:20.488 [ main ] - [ INFO  ] [org.apache.catalina.core.StandardEngine : 180 ] - Starting Servlet Engine: Apache Tomcat/8.5.31
2020-03-31 23:24:20.494 [ localhost-startStop-1 ] - [ INFO  ] [org.apache.catalina.core.AprLifecycleListener : 180 ] - The APR based Apache Tomcat Native library which allows optimal performance in production environments was not found on the java.library.path: [C:\Program Files\Java\jdk1.8.0_231\bin;C:\WINDOWS\Sun\Java\bin;C:\WINDOWS\system32;C:\WINDOWS;C:\Program Files (x86)\Intel\Intel(R) Management Engine Components\iCLS\;C:\Program Files\Intel\Intel(R) Management Engine Components\iCLS\;C:\windows\system32;C:\windows;C:\windows\System32\Wbem;C:\windows\System32\WindowsPowerShell\v1.0\;C:\windows\System32\OpenSSH\;C:\Program Files (x86)\Intel\Intel(R) Management Engine Components\DAL;C:\Program Files\Intel\Intel(R) Management Engine Components\DAL;C:\Program Files (x86)\Intel\Intel(R) Management Engine Components\IPT;C:\Program Files\Intel\Intel(R) Management Engine Components\IPT;C:\Program Files (x86)\NVIDIA Corporation\PhysX\Common;C:\Program Files\NVIDIA Corporation\NVIDIA NvDLISR;JAVA_HOME%\bin;JAVA_HOME%\jre\bin;C:\WINDOWS\system32;C:\WINDOWS;C:\WINDOWS\System32\Wbem;C:\WINDOWS\System32\WindowsPowerShell\v1.0\;C:\WINDOWS\System32\OpenSSH\;D:\Git\cmd;D:\New Folder\bin;C:\Program Files\MySQL\MySQL Utilities 1.6\;C:\Users\Yang\AppData\Local\Microsoft\WindowsApps;;D:\Microsoft VS Code\bin;.]
2020-03-31 23:24:20.703 [ localhost-startStop-1 ] - [ INFO  ] [o.a.c.core.ContainerBase.[Tomcat].[localhost].[/] : 180 ] - Initializing Spring embedded WebApplicationContext
2020-03-31 23:24:23.171 [ main ] - [ INFO  ] [com.zaxxer.hikari.HikariDataSource : 110 ] - DatebookHikariCP - Starting...
2020-03-31 23:24:24.041 [ main ] - [ INFO  ] [com.zaxxer.hikari.HikariDataSource : 123 ] - DatebookHikariCP - Start completed.
2020-03-31 23:24:24.496 [ main ] - [ INFO  ] [org.apache.coyote.http11.Http11NioProtocol : 180 ] - Starting ProtocolHandler ["http-nio-8089"]
2020-03-31 23:24:24.498 [ main ] - [ INFO  ] [org.apache.tomcat.util.net.NioSelectorPool : 180 ] - Using a shared selector for servlet write/read
2020-03-31 23:24:24.513 [ main ] - [ INFO  ] [com.imooc.Application : 59 ] - Started Application in 6.366 seconds (JVM running for 8.134)
2020-03-31 23:24:28.106 [ http-nio-8089-exec-1 ] - [ INFO  ] [o.a.c.core.ContainerBase.[Tomcat].[localhost].[/] : 180 ] - Initializing Spring FrameworkServlet 'dispatcherServlet'
2020-03-31 23:26:47.557 [ main ] - [ INFO  ] [com.imooc.Application : 50 ] - Starting Application on LAPTOP-I2LEPVP6 with PID 22812 (started by Yang in C:\Users\Yang\Desktop\coding-261-master\coding-261)
2020-03-31 23:26:47.562 [ main ] - [ INFO  ] [com.imooc.Application : 659 ] - No active profile set, falling back to default profiles: default
2020-03-31 23:26:49.254 [ main ] - [ INFO  ] [org.apache.coyote.http11.Http11NioProtocol : 180 ] - Initializing ProtocolHandler ["http-nio-8089"]
2020-03-31 23:26:49.262 [ main ] - [ INFO  ] [org.apache.catalina.core.StandardService : 180 ] - Starting service [Tomcat]
2020-03-31 23:26:49.263 [ main ] - [ INFO  ] [org.apache.catalina.core.StandardEngine : 180 ] - Starting Servlet Engine: Apache Tomcat/8.5.31
2020-03-31 23:26:49.267 [ localhost-startStop-1 ] - [ INFO  ] [org.apache.catalina.core.AprLifecycleListener : 180 ] - The APR based Apache Tomcat Native library which allows optimal performance in production environments was not found on the java.library.path: [C:\Program Files\Java\jdk1.8.0_231\bin;C:\WINDOWS\Sun\Java\bin;C:\WINDOWS\system32;C:\WINDOWS;C:\Program Files (x86)\Intel\Intel(R) Management Engine Components\iCLS\;C:\Program Files\Intel\Intel(R) Management Engine Components\iCLS\;C:\windows\system32;C:\windows;C:\windows\System32\Wbem;C:\windows\System32\WindowsPowerShell\v1.0\;C:\windows\System32\OpenSSH\;C:\Program Files (x86)\Intel\Intel(R) Management Engine Components\DAL;C:\Program Files\Intel\Intel(R) Management Engine Components\DAL;C:\Program Files (x86)\Intel\Intel(R) Management Engine Components\IPT;C:\Program Files\Intel\Intel(R) Management Engine Components\IPT;C:\Program Files (x86)\NVIDIA Corporation\PhysX\Common;C:\Program Files\NVIDIA Corporation\NVIDIA NvDLISR;JAVA_HOME%\bin;JAVA_HOME%\jre\bin;C:\WINDOWS\system32;C:\WINDOWS;C:\WINDOWS\System32\Wbem;C:\WINDOWS\System32\WindowsPowerShell\v1.0\;C:\WINDOWS\System32\OpenSSH\;D:\Git\cmd;D:\New Folder\bin;C:\Program Files\MySQL\MySQL Utilities 1.6\;C:\Users\Yang\AppData\Local\Microsoft\WindowsApps;;D:\Microsoft VS Code\bin;.]
2020-03-31 23:26:49.389 [ localhost-startStop-1 ] - [ INFO  ] [o.a.c.core.ContainerBase.[Tomcat].[localhost].[/] : 180 ] - Initializing Spring embedded WebApplicationContext
2020-03-31 23:26:50.842 [ main ] - [ INFO  ] [com.zaxxer.hikari.HikariDataSource : 110 ] - DatebookHikariCP - Starting...
2020-03-31 23:26:51.809 [ main ] - [ INFO  ] [com.zaxxer.hikari.HikariDataSource : 123 ] - DatebookHikariCP - Start completed.
2020-03-31 23:26:52.261 [ main ] - [ INFO  ] [org.apache.coyote.http11.Http11NioProtocol : 180 ] - Starting ProtocolHandler ["http-nio-8089"]
2020-03-31 23:26:52.261 [ main ] - [ INFO  ] [org.apache.tomcat.util.net.NioSelectorPool : 180 ] - Using a shared selector for servlet write/read
2020-03-31 23:26:52.274 [ main ] - [ INFO  ] [com.imooc.Application : 59 ] - Started Application in 5.129 seconds (JVM running for 6.133)
2020-03-31 23:27:05.898 [ http-nio-8089-exec-1 ] - [ INFO  ] [o.a.c.core.ContainerBase.[Tomcat].[localhost].[/] : 180 ] - Initializing Spring FrameworkServlet 'dispatcherServlet'
2020-03-31 23:42:18.255 [ main ] - [ INFO  ] [com.imooc.Application : 50 ] - Starting Application on LAPTOP-I2LEPVP6 with PID 32352 (started by Yang in C:\Users\Yang\Desktop\coding-261-master\coding-261)
2020-03-31 23:42:18.261 [ main ] - [ INFO  ] [com.imooc.Application : 659 ] - No active profile set, falling back to default profiles: default
2020-03-31 23:42:20.213 [ main ] - [ INFO  ] [org.apache.coyote.http11.Http11NioProtocol : 180 ] - Initializing ProtocolHandler ["http-nio-8089"]
2020-03-31 23:42:20.224 [ main ] - [ INFO  ] [org.apache.catalina.core.StandardService : 180 ] - Starting service [Tomcat]
2020-03-31 23:42:20.224 [ main ] - [ INFO  ] [org.apache.catalina.core.StandardEngine : 180 ] - Starting Servlet Engine: Apache Tomcat/8.5.31
2020-03-31 23:42:20.228 [ localhost-startStop-1 ] - [ INFO  ] [org.apache.catalina.core.AprLifecycleListener : 180 ] - The APR based Apache Tomcat Native library which allows optimal performance in production environments was not found on the java.library.path: [C:\Program Files\Java\jdk1.8.0_231\bin;C:\WINDOWS\Sun\Java\bin;C:\WINDOWS\system32;C:\WINDOWS;C:\Program Files (x86)\Intel\Intel(R) Management Engine Components\iCLS\;C:\Program Files\Intel\Intel(R) Management Engine Components\iCLS\;C:\windows\system32;C:\windows;C:\windows\System32\Wbem;C:\windows\System32\WindowsPowerShell\v1.0\;C:\windows\System32\OpenSSH\;C:\Program Files (x86)\Intel\Intel(R) Management Engine Components\DAL;C:\Program Files\Intel\Intel(R) Management Engine Components\DAL;C:\Program Files (x86)\Intel\Intel(R) Management Engine Components\IPT;C:\Program Files\Intel\Intel(R) Management Engine Components\IPT;C:\Program Files (x86)\NVIDIA Corporation\PhysX\Common;C:\Program Files\NVIDIA Corporation\NVIDIA NvDLISR;JAVA_HOME%\bin;JAVA_HOME%\jre\bin;C:\WINDOWS\system32;C:\WINDOWS;C:\WINDOWS\System32\Wbem;C:\WINDOWS\System32\WindowsPowerShell\v1.0\;C:\WINDOWS\System32\OpenSSH\;D:\Git\cmd;D:\New Folder\bin;C:\Program Files\MySQL\MySQL Utilities 1.6\;C:\Users\Yang\AppData\Local\Microsoft\WindowsApps;;D:\Microsoft VS Code\bin;.]
2020-03-31 23:42:20.352 [ localhost-startStop-1 ] - [ INFO  ] [o.a.c.core.ContainerBase.[Tomcat].[localhost].[/] : 180 ] - Initializing Spring embedded WebApplicationContext
2020-03-31 23:42:22.505 [ main ] - [ INFO  ] [com.zaxxer.hikari.HikariDataSource : 110 ] - DatebookHikariCP - Starting...
2020-03-31 23:42:23.300 [ main ] - [ INFO  ] [com.zaxxer.hikari.HikariDataSource : 123 ] - DatebookHikariCP - Start completed.
2020-03-31 23:42:23.782 [ main ] - [ INFO  ] [org.apache.coyote.http11.Http11NioProtocol : 180 ] - Starting ProtocolHandler ["http-nio-8089"]
2020-03-31 23:42:23.783 [ main ] - [ INFO  ] [org.apache.tomcat.util.net.NioSelectorPool : 180 ] - Using a shared selector for servlet write/read
2020-03-31 23:42:23.799 [ main ] - [ INFO  ] [com.imooc.Application : 59 ] - Started Application in 6.022 seconds (JVM running for 7.406)
2020-03-31 23:44:10.297 [ http-nio-8089-exec-3 ] - [ INFO  ] [o.a.c.core.ContainerBase.[Tomcat].[localhost].[/] : 180 ] - Initializing Spring FrameworkServlet 'dispatcherServlet'
2020-03-31 23:44:30.103 [ main ] - [ INFO  ] [com.imooc.Application : 50 ] - Starting Application on LAPTOP-I2LEPVP6 with PID 21124 (started by Yang in C:\Users\Yang\Desktop\coding-261-master\coding-261)
2020-03-31 23:44:30.107 [ main ] - [ INFO  ] [com.imooc.Application : 659 ] - No active profile set, falling back to default profiles: default
2020-03-31 23:44:31.325 [ main ] - [ INFO  ] [org.apache.coyote.http11.Http11NioProtocol : 180 ] - Initializing ProtocolHandler ["http-nio-8089"]
2020-03-31 23:44:31.334 [ main ] - [ INFO  ] [org.apache.catalina.core.StandardService : 180 ] - Starting service [Tomcat]
2020-03-31 23:44:31.334 [ main ] - [ INFO  ] [org.apache.catalina.core.StandardEngine : 180 ] - Starting Servlet Engine: Apache Tomcat/8.5.31
2020-03-31 23:44:31.337 [ localhost-startStop-1 ] - [ INFO  ] [org.apache.catalina.core.AprLifecycleListener : 180 ] - The APR based Apache Tomcat Native library which allows optimal performance in production environments was not found on the java.library.path: [C:\Program Files\Java\jdk1.8.0_231\bin;C:\WINDOWS\Sun\Java\bin;C:\WINDOWS\system32;C:\WINDOWS;C:\Program Files (x86)\Intel\Intel(R) Management Engine Components\iCLS\;C:\Program Files\Intel\Intel(R) Management Engine Components\iCLS\;C:\windows\system32;C:\windows;C:\windows\System32\Wbem;C:\windows\System32\WindowsPowerShell\v1.0\;C:\windows\System32\OpenSSH\;C:\Program Files (x86)\Intel\Intel(R) Management Engine Components\DAL;C:\Program Files\Intel\Intel(R) Management Engine Components\DAL;C:\Program Files (x86)\Intel\Intel(R) Management Engine Components\IPT;C:\Program Files\Intel\Intel(R) Management Engine Components\IPT;C:\Program Files (x86)\NVIDIA Corporation\PhysX\Common;C:\Program Files\NVIDIA Corporation\NVIDIA NvDLISR;JAVA_HOME%\bin;JAVA_HOME%\jre\bin;C:\WINDOWS\system32;C:\WINDOWS;C:\WINDOWS\System32\Wbem;C:\WINDOWS\System32\WindowsPowerShell\v1.0\;C:\WINDOWS\System32\OpenSSH\;D:\Git\cmd;D:\New Folder\bin;C:\Program Files\MySQL\MySQL Utilities 1.6\;C:\Users\Yang\AppData\Local\Microsoft\WindowsApps;;D:\Microsoft VS Code\bin;.]
2020-03-31 23:44:31.478 [ localhost-startStop-1 ] - [ INFO  ] [o.a.c.core.ContainerBase.[Tomcat].[localhost].[/] : 180 ] - Initializing Spring embedded WebApplicationContext
2020-03-31 23:44:33.009 [ main ] - [ INFO  ] [com.zaxxer.hikari.HikariDataSource : 110 ] - DatebookHikariCP - Starting...
2020-03-31 23:44:33.738 [ main ] - [ INFO  ] [com.zaxxer.hikari.HikariDataSource : 123 ] - DatebookHikariCP - Start completed.
2020-03-31 23:44:34.154 [ main ] - [ INFO  ] [org.apache.coyote.http11.Http11NioProtocol : 180 ] - Starting ProtocolHandler ["http-nio-8089"]
2020-03-31 23:44:34.156 [ main ] - [ INFO  ] [org.apache.tomcat.util.net.NioSelectorPool : 180 ] - Using a shared selector for servlet write/read
2020-03-31 23:44:34.173 [ main ] - [ INFO  ] [com.imooc.Application : 59 ] - Started Application in 4.522 seconds (JVM running for 5.833)
2020-03-31 23:51:38.721 [ main ] - [ INFO  ] [com.imooc.Application : 50 ] - Starting Application on LAPTOP-I2LEPVP6 with PID 24384 (started by Yang in C:\Users\Yang\Desktop\coding-261-master\coding-261)
2020-03-31 23:51:38.726 [ main ] - [ INFO  ] [com.imooc.Application : 659 ] - No active profile set, falling back to default profiles: default
2020-03-31 23:51:40.606 [ main ] - [ INFO  ] [org.apache.coyote.http11.Http11NioProtocol : 180 ] - Initializing ProtocolHandler ["http-nio-8089"]
2020-03-31 23:51:40.616 [ main ] - [ INFO  ] [org.apache.catalina.core.StandardService : 180 ] - Starting service [Tomcat]
2020-03-31 23:51:40.616 [ main ] - [ INFO  ] [org.apache.catalina.core.StandardEngine : 180 ] - Starting Servlet Engine: Apache Tomcat/8.5.31
2020-03-31 23:51:40.620 [ localhost-startStop-1 ] - [ INFO  ] [org.apache.catalina.core.AprLifecycleListener : 180 ] - The APR based Apache Tomcat Native library which allows optimal performance in production environments was not found on the java.library.path: [C:\Program Files\Java\jdk1.8.0_231\bin;C:\WINDOWS\Sun\Java\bin;C:\WINDOWS\system32;C:\WINDOWS;C:\Program Files (x86)\Intel\Intel(R) Management Engine Components\iCLS\;C:\Program Files\Intel\Intel(R) Management Engine Components\iCLS\;C:\windows\system32;C:\windows;C:\windows\System32\Wbem;C:\windows\System32\WindowsPowerShell\v1.0\;C:\windows\System32\OpenSSH\;C:\Program Files (x86)\Intel\Intel(R) Management Engine Components\DAL;C:\Program Files\Intel\Intel(R) Management Engine Components\DAL;C:\Program Files (x86)\Intel\Intel(R) Management Engine Components\IPT;C:\Program Files\Intel\Intel(R) Management Engine Components\IPT;C:\Program Files (x86)\NVIDIA Corporation\PhysX\Common;C:\Program Files\NVIDIA Corporation\NVIDIA NvDLISR;JAVA_HOME%\bin;JAVA_HOME%\jre\bin;C:\WINDOWS\system32;C:\WINDOWS;C:\WINDOWS\System32\Wbem;C:\WINDOWS\System32\WindowsPowerShell\v1.0\;C:\WINDOWS\System32\OpenSSH\;D:\Git\cmd;D:\New Folder\bin;C:\Program Files\MySQL\MySQL Utilities 1.6\;C:\Users\Yang\AppData\Local\Microsoft\WindowsApps;;D:\Microsoft VS Code\bin;.]
2020-03-31 23:51:40.805 [ localhost-startStop-1 ] - [ INFO  ] [o.a.c.core.ContainerBase.[Tomcat].[localhost].[/] : 180 ] - Initializing Spring embedded WebApplicationContext
2020-03-31 23:51:42.859 [ main ] - [ INFO  ] [com.zaxxer.hikari.HikariDataSource : 110 ] - DatebookHikariCP - Starting...
2020-03-31 23:51:43.836 [ main ] - [ INFO  ] [com.zaxxer.hikari.HikariDataSource : 123 ] - DatebookHikariCP - Start completed.
2020-03-31 23:51:44.223 [ main ] - [ INFO  ] [org.apache.coyote.http11.Http11NioProtocol : 180 ] - Starting ProtocolHandler ["http-nio-8089"]
2020-03-31 23:51:44.225 [ main ] - [ INFO  ] [org.apache.tomcat.util.net.NioSelectorPool : 180 ] - Using a shared selector for servlet write/read
2020-03-31 23:51:44.241 [ main ] - [ INFO  ] [com.imooc.Application : 59 ] - Started Application in 5.919 seconds (JVM running for 7.26)
2020-03-31 23:52:03.940 [ main ] - [ INFO  ] [com.imooc.Application : 50 ] - Starting Application on LAPTOP-I2LEPVP6 with PID 16244 (started by Yang in C:\Users\Yang\Desktop\coding-261-master\coding-261)
2020-03-31 23:52:03.945 [ main ] - [ INFO  ] [com.imooc.Application : 659 ] - No active profile set, falling back to default profiles: default
2020-03-31 23:52:05.425 [ main ] - [ INFO  ] [org.apache.coyote.http11.Http11NioProtocol : 180 ] - Initializing ProtocolHandler ["http-nio-8089"]
2020-03-31 23:52:05.433 [ main ] - [ INFO  ] [org.apache.catalina.core.StandardService : 180 ] - Starting service [Tomcat]
2020-03-31 23:52:05.434 [ main ] - [ INFO  ] [org.apache.catalina.core.StandardEngine : 180 ] - Starting Servlet Engine: Apache Tomcat/8.5.31
2020-03-31 23:52:05.437 [ localhost-startStop-1 ] - [ INFO  ] [org.apache.catalina.core.AprLifecycleListener : 180 ] - The APR based Apache Tomcat Native library which allows optimal performance in production environments was not found on the java.library.path: [C:\Program Files\Java\jdk1.8.0_231\bin;C:\WINDOWS\Sun\Java\bin;C:\WINDOWS\system32;C:\WINDOWS;C:\Program Files (x86)\Intel\Intel(R) Management Engine Components\iCLS\;C:\Program Files\Intel\Intel(R) Management Engine Components\iCLS\;C:\windows\system32;C:\windows;C:\windows\System32\Wbem;C:\windows\System32\WindowsPowerShell\v1.0\;C:\windows\System32\OpenSSH\;C:\Program Files (x86)\Intel\Intel(R) Management Engine Components\DAL;C:\Program Files\Intel\Intel(R) Management Engine Components\DAL;C:\Program Files (x86)\Intel\Intel(R) Management Engine Components\IPT;C:\Program Files\Intel\Intel(R) Management Engine Components\IPT;C:\Program Files (x86)\NVIDIA Corporation\PhysX\Common;C:\Program Files\NVIDIA Corporation\NVIDIA NvDLISR;JAVA_HOME%\bin;JAVA_HOME%\jre\bin;C:\WINDOWS\system32;C:\WINDOWS;C:\WINDOWS\System32\Wbem;C:\WINDOWS\System32\WindowsPowerShell\v1.0\;C:\WINDOWS\System32\OpenSSH\;D:\Git\cmd;D:\New Folder\bin;C:\Program Files\MySQL\MySQL Utilities 1.6\;C:\Users\Yang\AppData\Local\Microsoft\WindowsApps;;D:\Microsoft VS Code\bin;.]
2020-03-31 23:52:05.612 [ localhost-startStop-1 ] - [ INFO  ] [o.a.c.core.ContainerBase.[Tomcat].[localhost].[/] : 180 ] - Initializing Spring embedded WebApplicationContext
2020-03-31 23:52:07.220 [ main ] - [ INFO  ] [com.zaxxer.hikari.HikariDataSource : 110 ] - DatebookHikariCP - Starting...
2020-03-31 23:52:07.879 [ main ] - [ INFO  ] [com.zaxxer.hikari.HikariDataSource : 123 ] - DatebookHikariCP - Start completed.
2020-03-31 23:52:08.328 [ main ] - [ INFO  ] [org.apache.coyote.http11.Http11NioProtocol : 180 ] - Starting ProtocolHandler ["http-nio-8089"]
2020-03-31 23:52:08.329 [ main ] - [ INFO  ] [org.apache.tomcat.util.net.NioSelectorPool : 180 ] - Using a shared selector for servlet write/read
2020-03-31 23:52:08.344 [ main ] - [ INFO  ] [com.imooc.Application : 59 ] - Started Application in 4.795 seconds (JVM running for 5.731)
2020-03-31 23:52:29.073 [ http-nio-8089-exec-1 ] - [ INFO  ] [o.a.c.core.ContainerBase.[Tomcat].[localhost].[/] : 180 ] - Initializing Spring FrameworkServlet 'dispatcherServlet'
2020-03-31 23:54:33.519 [ main ] - [ INFO  ] [com.imooc.Application : 50 ] - Starting Application on LAPTOP-I2LEPVP6 with PID 32052 (started by Yang in C:\Users\Yang\Desktop\coding-261-master\coding-261)
2020-03-31 23:54:33.524 [ main ] - [ INFO  ] [com.imooc.Application : 659 ] - No active profile set, falling back to default profiles: default
2020-03-31 23:54:34.843 [ main ] - [ INFO  ] [org.apache.coyote.http11.Http11NioProtocol : 180 ] - Initializing ProtocolHandler ["http-nio-8089"]
2020-03-31 23:54:34.850 [ main ] - [ INFO  ] [org.apache.catalina.core.StandardService : 180 ] - Starting service [Tomcat]
2020-03-31 23:54:34.851 [ main ] - [ INFO  ] [org.apache.catalina.core.StandardEngine : 180 ] - Starting Servlet Engine: Apache Tomcat/8.5.31
2020-03-31 23:54:34.856 [ localhost-startStop-1 ] - [ INFO  ] [org.apache.catalina.core.AprLifecycleListener : 180 ] - The APR based Apache Tomcat Native library which allows optimal performance in production environments was not found on the java.library.path: [C:\Program Files\Java\jdk1.8.0_231\bin;C:\WINDOWS\Sun\Java\bin;C:\WINDOWS\system32;C:\WINDOWS;C:\Program Files (x86)\Intel\Intel(R) Management Engine Components\iCLS\;C:\Program Files\Intel\Intel(R) Management Engine Components\iCLS\;C:\windows\system32;C:\windows;C:\windows\System32\Wbem;C:\windows\System32\WindowsPowerShell\v1.0\;C:\windows\System32\OpenSSH\;C:\Program Files (x86)\Intel\Intel(R) Management Engine Components\DAL;C:\Program Files\Intel\Intel(R) Management Engine Components\DAL;C:\Program Files (x86)\Intel\Intel(R) Management Engine Components\IPT;C:\Program Files\Intel\Intel(R) Management Engine Components\IPT;C:\Program Files (x86)\NVIDIA Corporation\PhysX\Common;C:\Program Files\NVIDIA Corporation\NVIDIA NvDLISR;JAVA_HOME%\bin;JAVA_HOME%\jre\bin;C:\WINDOWS\system32;C:\WINDOWS;C:\WINDOWS\System32\Wbem;C:\WINDOWS\System32\WindowsPowerShell\v1.0\;C:\WINDOWS\System32\OpenSSH\;D:\Git\cmd;D:\New Folder\bin;C:\Program Files\MySQL\MySQL Utilities 1.6\;C:\Users\Yang\AppData\Local\Microsoft\WindowsApps;;D:\Microsoft VS Code\bin;.]
2020-03-31 23:54:35.004 [ localhost-startStop-1 ] - [ INFO  ] [o.a.c.core.ContainerBase.[Tomcat].[localhost].[/] : 180 ] - Initializing Spring embedded WebApplicationContext
2020-03-31 23:54:36.557 [ main ] - [ INFO  ] [com.zaxxer.hikari.HikariDataSource : 110 ] - DatebookHikariCP - Starting...
2020-03-31 23:54:37.220 [ main ] - [ INFO  ] [com.zaxxer.hikari.HikariDataSource : 123 ] - DatebookHikariCP - Start completed.
2020-03-31 23:54:37.598 [ main ] - [ INFO  ] [org.apache.coyote.http11.Http11NioProtocol : 180 ] - Starting ProtocolHandler ["http-nio-8089"]
2020-03-31 23:54:37.599 [ main ] - [ INFO  ] [org.apache.tomcat.util.net.NioSelectorPool : 180 ] - Using a shared selector for servlet write/read
2020-03-31 23:54:37.615 [ main ] - [ INFO  ] [com.imooc.Application : 59 ] - Started Application in 4.46 seconds (JVM running for 5.651)
2020-03-31 23:54:46.425 [ http-nio-8089-exec-1 ] - [ INFO  ] [o.a.c.core.ContainerBase.[Tomcat].[localhost].[/] : 180 ] - Initializing Spring FrameworkServlet 'dispatcherServlet'
